*** Using Compiler 'V5.06 update 6 (build 750)', folder: 'D:\Program Files (x86)\keilc51\ARM\ARMCC\Bin'
Build target 'ange'
compiling ange_USART.c...
compiling ange_SysTick.c...
compiling stm32f4xx_it.c...
compiling list.c...
compiling croutine.c...
compiling event_groups.c...
compiling main.c...
compiling tasks.c...
..\freertos\tasks.c(1907): warning:  #223-D: function "ConfigureTimeForRunTimeStats" declared implicitly
  		portCONFIGURE_TIMER_FOR_RUN_TIME_STATS();  //时间统计功能
..\freertos\tasks.c(2369): error:  #20: identifier "FreeRTOSRunTimeTicks" is undefined
  							*pulTotalRunTime = portGET_RUN_TIME_COUNTER_VALUE();
..\freertos\tasks.c(2781): error:  #20: identifier "FreeRTOSRunTimeTicks" is undefined
  					ulTotalRunTime = portGET_RUN_TIME_COUNTER_VALUE();
..\freertos\tasks.c: 1 warning, 2 errors
compiling port.c...
compiling heap_4.c...
compiling timers.c...
compiling queue.c...
".\Objects\ange407.axf" - 2 Error(s), 1 Warning(s).
Target not created.
Build Time Elapsed:  00:00:05
