Removed Pin From Net: NetName=VCC Pin=1-1
Removed Pin From Net: NetName=VCC Pin=2-1
Removed Pin From Net: NetName=VCC Pin=3-1
Removed Pin From Net: NetName=VCC Pin=4-1
Removed Pin From Net: NetName=VCC Pin=5-1
Removed Pin From Net: NetName=VCC Pin=6-1
Removed Pin From Net: NetName=Net1_10 Pin=R4-2
Removed Pin From Net: NetName=Net1_9 Pin=R5-2
Removed Pin From Net: NetName=Net1_5 Pin=R7-2
Removed Pin From Net: NetName=Net1_4 Pin=R8-2
Removed Pin From Net: NetName=Net1_7 Pin=R11-2
Removed Pin From Net: NetName=Net2_10 Pin=R12-2
Removed Pin From Net: NetName=Net2_9 Pin=R13-2
Removed Pin From Net: NetName=Net2_5 Pin=R15-2
Removed Pin From Net: NetName=Net2_4 Pin=R16-2
Removed Pin From Net: NetName=Net2_7 Pin=R19-2
Removed Pin From Net: NetName=Net3_10 Pin=R20-2
Removed Pin From Net: NetName=Net3_9 Pin=R21-2
Removed Pin From Net: NetName=Net3_5 Pin=R23-2
Removed Pin From Net: NetName=Net3_4 Pin=R24-2
Removed Pin From Net: NetName=Net3_7 Pin=R27-2
Removed Pin From Net: NetName=Net4_10 Pin=R28-2
Removed Pin From Net: NetName=Net4_9 Pin=R29-2
Removed Pin From Net: NetName=Net4_5 Pin=R31-2
Removed Pin From Net: NetName=Net4_4 Pin=R32-2
Removed Pin From Net: NetName=Net4_7 Pin=R35-2
Removed Pin From Net: NetName=Net5_10 Pin=R36-2
Removed Pin From Net: NetName=Net5_9 Pin=R37-2
Removed Pin From Net: NetName=Net5_5 Pin=R39-2
Removed Pin From Net: NetName=Net5_4 Pin=R40-2
Removed Pin From Net: NetName=Net5_7 Pin=R43-2
Removed Pin From Net: NetName=Net6_10 Pin=R50-2
Removed Pin From Net: NetName=Net6_9 Pin=R51-2
Removed Pin From Net: NetName=Net6_5 Pin=R53-2
Removed Pin From Net: NetName=Net6_4 Pin=R54-2
Removed Pin From Net: NetName=Net6_7 Pin=R57-2
Added Pin To Net: NetName=VCC Pin=1-3
Added Pin To Net: NetName=VCC Pin=2-3
Added Pin To Net: NetName=VCC Pin=3-3
Added Pin To Net: NetName=VCC Pin=4-3
Added Pin To Net: NetName=VCC Pin=5-3
Added Pin To Net: NetName=VCC Pin=6-3
Added Pin To Net: NetName=Net1_4 Pin=R4-2
Added Pin To Net: NetName=Net1_5 Pin=R5-2
Added Pin To Net: NetName=Net1_9 Pin=R6-2
Added Pin To Net: NetName=Net1_7 Pin=R7-2
Added Pin To Net: NetName=Net1_10 Pin=R11-2
Added Pin To Net: NetName=Net2_4 Pin=R12-2
Added Pin To Net: NetName=Net2_5 Pin=R13-2
Added Pin To Net: NetName=Net2_9 Pin=R14-2
Added Pin To Net: NetName=Net2_7 Pin=R15-2
Added Pin To Net: NetName=Net2_10 Pin=R19-2
Added Pin To Net: NetName=Net3_4 Pin=R20-2
Added Pin To Net: NetName=Net3_5 Pin=R21-2
Added Pin To Net: NetName=Net3_9 Pin=R22-2
Added Pin To Net: NetName=Net3_7 Pin=R23-2
Added Pin To Net: NetName=Net3_10 Pin=R27-2
Added Pin To Net: NetName=Net4_4 Pin=R28-2
Added Pin To Net: NetName=Net4_5 Pin=R29-2
Added Pin To Net: NetName=Net4_9 Pin=R30-2
Added Pin To Net: NetName=Net4_7 Pin=R31-2
Added Pin To Net: NetName=Net4_10 Pin=R35-2
Added Pin To Net: NetName=Net5_4 Pin=R36-2
Added Pin To Net: NetName=Net5_5 Pin=R37-2
Added Pin To Net: NetName=Net5_9 Pin=R38-2
Added Pin To Net: NetName=Net5_7 Pin=R39-2
Added Pin To Net: NetName=Net5_10 Pin=R43-2
Added Pin To Net: NetName=Net6_4 Pin=R50-2
Added Pin To Net: NetName=Net6_5 Pin=R51-2
Added Pin To Net: NetName=Net6_9 Pin=R52-2
Added Pin To Net: NetName=Net6_7 Pin=R53-2
Added Pin To Net: NetName=Net6_10 Pin=R57-2
Added Pin To Net: NetName=Net1_1 Pin=1-1
Added Pin To Net: NetName=Net1_1 Pin=R10-2
Added Net: Name=Net1_1
Added Pin To Net: NetName=Net1_6 Pin=1-6
Added Pin To Net: NetName=Net1_6 Pin=R8-2
Added Net: Name=Net1_6
Added Pin To Net: NetName=Net2_1 Pin=2-1
Added Pin To Net: NetName=Net2_1 Pin=R18-2
Added Net: Name=Net2_1
Added Pin To Net: NetName=Net2_6 Pin=2-6
Added Pin To Net: NetName=Net2_6 Pin=R16-2
Added Net: Name=Net2_6
Added Pin To Net: NetName=Net3_1 Pin=3-1
Added Pin To Net: NetName=Net3_1 Pin=R26-2
Added Net: Name=Net3_1
Added Pin To Net: NetName=Net3_6 Pin=3-6
Added Pin To Net: NetName=Net3_6 Pin=R24-2
Added Net: Name=Net3_6
Added Pin To Net: NetName=Net4_1 Pin=4-1
Added Pin To Net: NetName=Net4_1 Pin=R34-2
Added Net: Name=Net4_1
Added Pin To Net: NetName=Net4_6 Pin=4-6
Added Pin To Net: NetName=Net4_6 Pin=R32-2
Added Net: Name=Net4_6
Added Pin To Net: NetName=Net5_1 Pin=5-1
Added Pin To Net: NetName=Net5_1 Pin=R42-2
Added Net: Name=Net5_1
Added Pin To Net: NetName=Net5_6 Pin=5-6
Added Pin To Net: NetName=Net5_6 Pin=R40-2
Added Net: Name=Net5_6
Added Pin To Net: NetName=Net6_1 Pin=6-1
Added Pin To Net: NetName=Net6_1 Pin=R56-2
Added Net: Name=Net6_1
Added Pin To Net: NetName=Net6_6 Pin=6-6
Added Pin To Net: NetName=Net6_6 Pin=R54-2
Added Net: Name=Net6_6
Added Member To Class: ClassName=U1 Member=Component 6 DPY_RED
Added Room: Name=U1
Added Room: Name=U2
Added Room: Name=Ö÷Í¼
