Removed Pin From Net: NetName=VCC Pin=R44-2
Removed Pin From Net: NetName=VCC Pin=R46-2
Removed Pin From Net: NetName=VCC Pin=R47-2
Removed Pin From Net: NetName=VCC Pin=R49-2
Removed Pin From Net: NetName=VCC Pin=R58-2
Removed Pin From Net: NetName=VCC Pin=R59-2
Removed Pin From Net: NetName=NetD9_2 Pin=U1-1
Removed Pin From Net: NetName=NetD8_2 Pin=U1-2
Removed Pin From Net: NetName=NetD7_2 Pin=U1-3
Removed Pin From Net: NetName=NetD6_2 Pin=U1-4
Removed Pin From Net: NetName=NetD5_2 Pin=U1-5
Removed Pin From Net: NetName=NetD4_2 Pin=U1-6
Removed Pin From Net: NetName=NetD3_2 Pin=U1-7
Removed Pin From Net: NetName=NetD2_2 Pin=U1-8
Added Pin To Net: NetName=VCC Pin=D2-1
Added Pin To Net: NetName=VCC Pin=D3-1
Added Pin To Net: NetName=VCC Pin=D4-1
Added Pin To Net: NetName=VCC Pin=D5-1
Added Pin To Net: NetName=VCC Pin=D6-1
Added Pin To Net: NetName=VCC Pin=D7-1
Added Pin To Net: NetName=VCC Pin=D8-1
Added Pin To Net: NetName=VCC Pin=D9-1
Added Pin To Net: NetName=NetD2_2 Pin=R44-2
Added Pin To Net: NetName=NetD3_2 Pin=R45-2
Added Pin To Net: NetName=NetD4_2 Pin=R46-2
Added Pin To Net: NetName=NetD5_2 Pin=R47-2
Added Pin To Net: NetName=NetD6_2 Pin=R48-2
Added Pin To Net: NetName=NetD7_2 Pin=R49-2
Added Pin To Net: NetName=NetD8_2 Pin=R58-2
Added Pin To Net: NetName=NetD9_2 Pin=R59-2
Added Pin To Net: NetName=NetR44_1 Pin=R44-1
Added Pin To Net: NetName=NetR44_1 Pin=U1-8
Added Net: Name=NetR44_1
Added Pin To Net: NetName=NetR45_1 Pin=R45-1
Added Pin To Net: NetName=NetR45_1 Pin=U1-7
Added Net: Name=NetR45_1
Added Pin To Net: NetName=NetR46_1 Pin=R46-1
Added Pin To Net: NetName=NetR46_1 Pin=U1-6
Added Net: Name=NetR46_1
Added Pin To Net: NetName=NetR47_1 Pin=R47-1
Added Pin To Net: NetName=NetR47_1 Pin=U1-5
Added Net: Name=NetR47_1
Added Pin To Net: NetName=NetR48_1 Pin=R48-1
Added Pin To Net: NetName=NetR48_1 Pin=U1-4
Added Net: Name=NetR48_1
Added Pin To Net: NetName=NetR49_1 Pin=R49-1
Added Pin To Net: NetName=NetR49_1 Pin=U1-3
Added Net: Name=NetR49_1
Added Pin To Net: NetName=NetR58_1 Pin=R58-1
Added Pin To Net: NetName=NetR58_1 Pin=U1-2
Added Net: Name=NetR58_1
Added Pin To Net: NetName=NetR59_1 Pin=R59-1
Added Pin To Net: NetName=NetR59_1 Pin=U1-1
Added Net: Name=NetR59_1
Added Room: Name=U1
Added Room: Name=U2
Added Room: Name=Ö÷Í¼
