Added Pin To Net: NetName=1A Pin=HC?-15
Added Member To Class: ClassName=U1 Member=Component ? DPY_RED
Added Member To Class: ClassName=U1 Member=Component ? DPY_RED
Added Member To Class: ClassName=U1 Member=Component ? DPY_RED
Added Member To Class: ClassName=U1 Member=Component ? DPY_RED
Added Member To Class: ClassName=U1 Member=Component ? DPY_RED
Added Member To Class: ClassName=U1 Member=Component C? CAP_ELEC
Added Member To Class: ClassName=U1 Member=Component C? CAP
Added Member To Class: ClassName=U1 Member=Component C? CAP
Added Member To Class: ClassName=U1 Member=Component C? CAP
Added Member To Class: ClassName=U1 Member=Component HC? 74HC595
Added Member To Class: ClassName=U1 Member=Component HC? 74HC595
Added Member To Class: ClassName=U1 Member=Component HC? 74HC595
Added Member To Class: ClassName=U1 Member=Component HC? 74HC595
Added Member To Class: ClassName=U1 Member=Component HC? 74HC595
Added Member To Class: ClassName=U1 Member=Component K? BigButton
Added Member To Class: ClassName=U1 Member=Component P? DC½Ó¿Ú
Added Member To Class: ClassName=U1 Member=Component R? RES
Added Member To Class: ClassName=U1 Member=Component R? RES
Added Member To Class: ClassName=U1 Member=Component R? RES
Added Member To Class: ClassName=U1 Member=Component R? RES
Added Member To Class: ClassName=U1 Member=Component R? RES
Added Member To Class: ClassName=U1 Member=Component R? RES
Added Member To Class: ClassName=U1 Member=Component R? RES
Added Member To Class: ClassName=U1 Member=Component R? RES
Added Member To Class: ClassName=U1 Member=Component R? RES
Added Member To Class: ClassName=U1 Member=Component R? RES
Added Room: Name=U1
