Change Net Name : Old Net Name=NetC3_1 New Net Name=VCC
Added Member To Class: ClassName=U1 Member=Component 1 DPY_RED
Added Member To Class: ClassName=U1 Member=Component 1 DPY_RED
Added Member To Class: ClassName=U1 Member=Component 1 DPY_RED
Added Member To Class: ClassName=U1 Member=Component 1 DPY_RED
Added Member To Class: ClassName=U1 Member=Component 1 DPY_RED
Added Member To Class: ClassName=U1 Member=Component HC1 74HC595
Added Member To Class: ClassName=U1 Member=Component HC1 74HC595
Added Member To Class: ClassName=U1 Member=Component HC1 74HC595
Added Member To Class: ClassName=U1 Member=Component HC1 74HC595
Added Member To Class: ClassName=U1 Member=Component HC1 74HC595
Added Member To Class: ClassName=U1 Member=Component R4 RES
Added Member To Class: ClassName=U1 Member=Component R4 RES
Added Member To Class: ClassName=U1 Member=Component R4 RES
Added Member To Class: ClassName=U1 Member=Component R4 RES
Added Member To Class: ClassName=U1 Member=Component R4 RES
Added Member To Class: ClassName=U1 Member=Component R5 RES
Added Member To Class: ClassName=U1 Member=Component R5 RES
Added Member To Class: ClassName=U1 Member=Component R5 RES
Added Member To Class: ClassName=U1 Member=Component R5 RES
Added Member To Class: ClassName=U1 Member=Component R5 RES
Added Member To Class: ClassName=U1 Member=Component R6 RES
Added Member To Class: ClassName=U1 Member=Component R6 RES
Added Member To Class: ClassName=U1 Member=Component R6 RES
Added Member To Class: ClassName=U1 Member=Component R6 RES
Added Member To Class: ClassName=U1 Member=Component R6 RES
Added Member To Class: ClassName=U1 Member=Component R7 RES
Added Member To Class: ClassName=U1 Member=Component R7 RES
Added Member To Class: ClassName=U1 Member=Component R7 RES
Added Member To Class: ClassName=U1 Member=Component R7 RES
Added Member To Class: ClassName=U1 Member=Component R7 RES
Added Member To Class: ClassName=U1 Member=Component R8 RES
Added Member To Class: ClassName=U1 Member=Component R8 RES
Added Member To Class: ClassName=U1 Member=Component R8 RES
Added Member To Class: ClassName=U1 Member=Component R8 RES
Added Member To Class: ClassName=U1 Member=Component R8 RES
Added Member To Class: ClassName=U1 Member=Component R9 RES
Added Member To Class: ClassName=U1 Member=Component R9 RES
Added Member To Class: ClassName=U1 Member=Component R9 RES
Added Member To Class: ClassName=U1 Member=Component R9 RES
Added Member To Class: ClassName=U1 Member=Component R9 RES
Added Member To Class: ClassName=U1 Member=Component R10 RES
Added Member To Class: ClassName=U1 Member=Component R10 RES
Added Member To Class: ClassName=U1 Member=Component R10 RES
Added Member To Class: ClassName=U1 Member=Component R10 RES
Added Member To Class: ClassName=U1 Member=Component R10 RES
Added Member To Class: ClassName=U1 Member=Component R11 RES
Added Member To Class: ClassName=U1 Member=Component R11 RES
Added Member To Class: ClassName=U1 Member=Component R11 RES
Added Member To Class: ClassName=U1 Member=Component R11 RES
Added Member To Class: ClassName=U1 Member=Component R11 RES
Added Member To Class: ClassName=U1 Member=Component R? RES
Added Member To Class: ClassName=U1 Member=Component R? RES
Added Member To Class: ClassName=U1 Member=Component R? RES
Added Member To Class: ClassName=U1 Member=Component R? RES
Added Member To Class: ClassName=U1 Member=Component R? RES
Added Member To Class: ClassName=U1 Member=Component R? RES
Added Member To Class: ClassName=U1 Member=Component R? RES
Added Room: Name=U1
