Change Component Designator: OldDesignator=? NewDesignator=1
Change Component Designator: OldDesignator=? NewDesignator=2
Change Component Designator: OldDesignator=? NewDesignator=3
Change Component Designator: OldDesignator=? NewDesignator=4
Change Component Designator: OldDesignator=? NewDesignator=5
Change Component Designator: OldDesignator=? NewDesignator=6
Change Component Designator: OldDesignator=C? NewDesignator=C1
Change Component Designator: OldDesignator=C? NewDesignator=C2
Change Component Designator: OldDesignator=C? NewDesignator=C3
Change Component Designator: OldDesignator=C? NewDesignator=C4
Change Component Designator: OldDesignator=C? NewDesignator=C5
Change Component Designator: OldDesignator=D? NewDesignator=D1
Change Component Designator: OldDesignator=D? NewDesignator=D2
Change Component Designator: OldDesignator=D? NewDesignator=D3
Change Component Designator: OldDesignator=D? NewDesignator=D4
Change Component Designator: OldDesignator=D? NewDesignator=D5
Change Component Designator: OldDesignator=D? NewDesignator=D6
Change Component Designator: OldDesignator=D? NewDesignator=D7
Change Component Designator: OldDesignator=D? NewDesignator=D8
Change Component Designator: OldDesignator=D? NewDesignator=D9
Change Component Designator: OldDesignator=HC? NewDesignator=HC1
Change Component Designator: OldDesignator=HC? NewDesignator=HC2
Change Component Designator: OldDesignator=HC? NewDesignator=HC3
Change Component Designator: OldDesignator=HC? NewDesignator=HC4
Change Component Designator: OldDesignator=HC? NewDesignator=HC5
Change Component Designator: OldDesignator=HC? NewDesignator=HC6
Change Component Designator: OldDesignator=K? NewDesignator=K1
Change Component Designator: OldDesignator=K? NewDesignator=K2
Change Component Designator: OldDesignator=P? NewDesignator=P1
Change Component Designator: OldDesignator=P? NewDesignator=P2
Change Component Designator: OldDesignator=Q? NewDesignator=Q1
Change Component Designator: OldDesignator=R? NewDesignator=R1
Change Component Designator: OldDesignator=R? NewDesignator=R2
Change Component Designator: OldDesignator=R? NewDesignator=R3
Change Component Designator: OldDesignator=R? NewDesignator=R4
Change Component Designator: OldDesignator=R? NewDesignator=R5
Change Component Designator: OldDesignator=R? NewDesignator=R6
Change Component Designator: OldDesignator=R? NewDesignator=R7
Change Component Designator: OldDesignator=R? NewDesignator=R8
Change Component Designator: OldDesignator=R? NewDesignator=R9
Change Component Designator: OldDesignator=R? NewDesignator=R10
Change Component Designator: OldDesignator=R? NewDesignator=R11
Change Component Designator: OldDesignator=R? NewDesignator=R12
Change Component Designator: OldDesignator=R? NewDesignator=R13
Change Component Designator: OldDesignator=R? NewDesignator=R14
Change Component Designator: OldDesignator=R? NewDesignator=R15
Change Component Designator: OldDesignator=R? NewDesignator=R16
Change Component Designator: OldDesignator=R? NewDesignator=R17
Change Component Designator: OldDesignator=R? NewDesignator=R18
Change Component Designator: OldDesignator=R? NewDesignator=R19
Change Component Designator: OldDesignator=R? NewDesignator=R20
Change Component Designator: OldDesignator=R? NewDesignator=R21
Change Component Designator: OldDesignator=R? NewDesignator=R22
Change Component Designator: OldDesignator=R? NewDesignator=R23
Change Component Designator: OldDesignator=R? NewDesignator=R24
Change Component Designator: OldDesignator=R? NewDesignator=R25
Change Component Designator: OldDesignator=R? NewDesignator=R26
Change Component Designator: OldDesignator=R? NewDesignator=R27
Change Component Designator: OldDesignator=R? NewDesignator=R28
Change Component Designator: OldDesignator=R? NewDesignator=R29
Change Component Designator: OldDesignator=R? NewDesignator=R30
Change Component Designator: OldDesignator=R? NewDesignator=R31
Change Component Designator: OldDesignator=R? NewDesignator=R32
Change Component Designator: OldDesignator=R? NewDesignator=R33
Change Component Designator: OldDesignator=R? NewDesignator=R34
Change Component Designator: OldDesignator=R? NewDesignator=R35
Change Component Designator: OldDesignator=R? NewDesignator=R36
Change Component Designator: OldDesignator=R? NewDesignator=R37
Change Component Designator: OldDesignator=R? NewDesignator=R38
Change Component Designator: OldDesignator=R? NewDesignator=R39
Change Component Designator: OldDesignator=R? NewDesignator=R40
Change Component Designator: OldDesignator=R? NewDesignator=R41
Change Component Designator: OldDesignator=R? NewDesignator=R42
Change Component Designator: OldDesignator=R? NewDesignator=R43
Change Component Designator: OldDesignator=R? NewDesignator=R44
Change Component Designator: OldDesignator=R? NewDesignator=R45
Change Component Designator: OldDesignator=R? NewDesignator=R46
Change Component Designator: OldDesignator=R? NewDesignator=R47
Change Component Designator: OldDesignator=R? NewDesignator=R48
Change Component Designator: OldDesignator=R? NewDesignator=R49
Change Component Designator: OldDesignator=R? NewDesignator=R50
Change Component Designator: OldDesignator=R? NewDesignator=R51
Change Component Designator: OldDesignator=R? NewDesignator=R52
Change Component Designator: OldDesignator=U0 NewDesignator=U1
Change Component Designator: OldDesignator=U? NewDesignator=U2
Change Component Designator: OldDesignator=X? NewDesignator=X1
Change Net Name : Old Net Name=NetC?_1 New Net Name=NetC4_1
Change Net Name : Old Net Name=NetC?_2 New Net Name=NetC1_2
Change Net Name : Old Net Name=NetD?_1 New Net Name=NetD1_1
Change Net Name : Old Net Name=NetK?_2 New Net Name=NetK1_2
Change Net Name : Old Net Name=NetP?_2 New Net Name=NetP1_2
Change Net Name : Old Net Name=NetP?_3 New Net Name=NetP1_3
Change Net Name : Old Net Name=NetQ?_1 New Net Name=NetQ1_1
Change Net Name : Old Net Name=NetQ?_2 New Net Name=NetQ1_2
Change Net Name : Old Net Name=NetR?_1 New Net Name=NetR3_1
Change Net Name : Old Net Name=NetU0_1 New Net Name=NetU1_1
Change Net Name : Old Net Name=NetU0_2 New Net Name=NetU1_2
Change Net Name : Old Net Name=NetU0_3 New Net Name=NetU1_3
Change Net Name : Old Net Name=NetU0_4 New Net Name=NetU1_4
Change Net Name : Old Net Name=NetU0_5 New Net Name=NetU1_5
Change Net Name : Old Net Name=NetU0_6 New Net Name=NetU1_6
Change Net Name : Old Net Name=NetU0_7 New Net Name=NetU1_7
Change Net Name : Old Net Name=NetU0_8 New Net Name=NetU1_8
Change Net Name : Old Net Name=NetU0_12 New Net Name=NetU1_12
Change Net Name : Old Net Name=NetU0_14 New Net Name=NetU1_14
Change Net Name : Old Net Name=NetU0_15 New Net Name=NetU1_15
Change Net Name : Old Net Name=NetU0_16 New Net Name=NetU1_16
Change Net Name : Old Net Name=NetU0_17 New Net Name=NetU1_17
Change Net Name : Old Net Name=NetU0_21 New Net Name=NetU1_21
Change Net Name : Old Net Name=NetU0_22 New Net Name=NetU1_22
Change Net Name : Old Net Name=NetU0_23 New Net Name=NetU1_23
Change Net Name : Old Net Name=NetU0_24 New Net Name=NetU1_24
Change Net Name : Old Net Name=NetU0_25 New Net Name=NetU1_25
Change Net Name : Old Net Name=NetU0_26 New Net Name=NetU1_26
Change Net Name : Old Net Name=NetU0_27 New Net Name=NetU1_27
Change Net Name : Old Net Name=NetU0_28 New Net Name=NetU1_28
Change Net Name : Old Net Name=NetU0_32 New Net Name=NetU1_32
Change Net Name : Old Net Name=NetU0_33 New Net Name=NetU1_33
Change Net Name : Old Net Name=NetU0_34 New Net Name=NetU1_34
Change Net Name : Old Net Name=NetU0_35 New Net Name=NetU1_35
Change Net Name : Old Net Name=NetU0_36 New Net Name=NetU1_36
Change Net Name : Old Net Name=NetU0_37 New Net Name=NetU1_37
Change Net Name : Old Net Name=NetU0_38 New Net Name=NetU1_38
Change Net Name : Old Net Name=NetU0_39 New Net Name=NetU1_39
Added Pin To Net: NetName=NetC1_1 Pin=C1-1
Added Pin To Net: NetName=NetC1_1 Pin=C2-1
Added Pin To Net: NetName=NetC1_1 Pin=C3-2
Added Pin To Net: NetName=NetC1_1 Pin=C5-2
Added Pin To Net: NetName=NetC1_1 Pin=D1-2
Added Pin To Net: NetName=NetC1_1 Pin=P1-4
Added Pin To Net: NetName=NetC1_1 Pin=P2-3
Added Pin To Net: NetName=NetC1_1 Pin=Q1-3
Added Pin To Net: NetName=NetC1_1 Pin=R2-1
Added Pin To Net: NetName=NetC1_1 Pin=U1-20
Added Net: Name=NetC1_1
Added Pin To Net: NetName=NetC2_2 Pin=C2-2
Added Pin To Net: NetName=NetC2_2 Pin=U1-19
Added Pin To Net: NetName=NetC2_2 Pin=X1-2
Added Net: Name=NetC2_2
Added Pin To Net: NetName=NetC3_1 Pin=C3-1
Added Pin To Net: NetName=NetC3_1 Pin=C4-2
Added Pin To Net: NetName=NetC3_1 Pin=C5-1
Added Pin To Net: NetName=NetC3_1 Pin=K1-3
Added Pin To Net: NetName=NetC3_1 Pin=K2-2
Added Pin To Net: NetName=NetC3_1 Pin=K2-2
Added Pin To Net: NetName=NetC3_1 Pin=R1-2
Added Pin To Net: NetName=NetC3_1 Pin=U1-31
Added Pin To Net: NetName=NetC3_1 Pin=U1-40
Added Pin To Net: NetName=NetC3_1 Pin=U2-1
Added Net: Name=NetC3_1
Added Member To Class: ClassName=U1 Member=Component 1 DPY_RED
Added Member To Class: ClassName=U1 Member=Component 2 DPY_RED
Added Member To Class: ClassName=U1 Member=Component 3 DPY_RED
Added Member To Class: ClassName=U1 Member=Component 5 DPY_RED
Added Member To Class: ClassName=U1 Member=Component 6 DPY_RED
Added Member To Class: ClassName=U1 Member=Component C1 CAP
Added Member To Class: ClassName=U1 Member=Component C2 CAP
Added Member To Class: ClassName=U1 Member=Component C4 CAP
Added Member To Class: ClassName=U1 Member=Component C5 CAP_ELEC
Added Member To Class: ClassName=U1 Member=Component D1 LED
Added Member To Class: ClassName=U1 Member=Component D2 LED
Added Member To Class: ClassName=U1 Member=Component D3 LED
Added Member To Class: ClassName=U1 Member=Component D4 LED
Added Member To Class: ClassName=U1 Member=Component D5 LED
Added Member To Class: ClassName=U1 Member=Component D6 LED
Added Member To Class: ClassName=U1 Member=Component D7 LED
Added Member To Class: ClassName=U1 Member=Component D8 LED
Added Member To Class: ClassName=U1 Member=Component HC1 74HC595
Added Member To Class: ClassName=U1 Member=Component HC2 74HC595
Added Member To Class: ClassName=U1 Member=Component HC3 74HC595
Added Member To Class: ClassName=U1 Member=Component HC5 74HC595
Added Member To Class: ClassName=U1 Member=Component HC6 74HC595
Added Member To Class: ClassName=U1 Member=Component K1 KEY_3
Added Member To Class: ClassName=U1 Member=Component P2 DC½Ó¿Ú
Added Member To Class: ClassName=U1 Member=Component R1 RES
Added Member To Class: ClassName=U1 Member=Component R2 RES
Added Member To Class: ClassName=U1 Member=Component R3 RES
Added Member To Class: ClassName=U1 Member=Component R4 RES
Added Member To Class: ClassName=U1 Member=Component R5 RES
Added Member To Class: ClassName=U1 Member=Component R6 RES
Added Member To Class: ClassName=U1 Member=Component R7 RES
Added Member To Class: ClassName=U1 Member=Component R8 RES
Added Member To Class: ClassName=U1 Member=Component R9 RES
Added Member To Class: ClassName=U1 Member=Component R10 RES
Added Member To Class: ClassName=U1 Member=Component R11 RES
Added Member To Class: ClassName=U1 Member=Component R12 RES
Added Member To Class: ClassName=U1 Member=Component R13 RES
Added Member To Class: ClassName=U1 Member=Component R14 RES
Added Member To Class: ClassName=U1 Member=Component R15 RES
Added Member To Class: ClassName=U1 Member=Component R16 RES
Added Member To Class: ClassName=U1 Member=Component R17 RES
Added Member To Class: ClassName=U1 Member=Component R18 RES
Added Member To Class: ClassName=U1 Member=Component R19 RES
Added Member To Class: ClassName=U1 Member=Component R20 RES
Added Member To Class: ClassName=U1 Member=Component R21 RES
Added Member To Class: ClassName=U1 Member=Component R22 RES
Added Member To Class: ClassName=U1 Member=Component R23 RES
Added Member To Class: ClassName=U1 Member=Component R24 RES
Added Member To Class: ClassName=U1 Member=Component R25 RES
Added Member To Class: ClassName=U1 Member=Component R26 RES
Added Member To Class: ClassName=U1 Member=Component R27 RES
Added Member To Class: ClassName=U1 Member=Component R28 RES
Added Member To Class: ClassName=U1 Member=Component R29 RES
Added Member To Class: ClassName=U1 Member=Component R30 RES
Added Member To Class: ClassName=U1 Member=Component R31 RES
Added Member To Class: ClassName=U1 Member=Component R32 RES
Added Member To Class: ClassName=U1 Member=Component R33 RES
Added Member To Class: ClassName=U1 Member=Component R34 RES
Added Member To Class: ClassName=U1 Member=Component R35 RES
Added Member To Class: ClassName=U1 Member=Component R36 RES
Added Member To Class: ClassName=U1 Member=Component R37 RES
Added Member To Class: ClassName=U1 Member=Component R38 RES
Added Member To Class: ClassName=U1 Member=Component R39 RES
Added Member To Class: ClassName=U1 Member=Component R40 RES
Added Member To Class: ClassName=U1 Member=Component R41 RES
Added Member To Class: ClassName=U1 Member=Component R42 RES
Added Member To Class: ClassName=U1 Member=Component R43 RES
Added Member To Class: ClassName=U1 Member=Component R45 RES
Added Member To Class: ClassName=U1 Member=Component R46 RES
Added Member To Class: ClassName=U1 Member=Component R47 RES
Added Member To Class: ClassName=U1 Member=Component R48 RES
Added Member To Class: ClassName=U1 Member=Component R49 RES
Added Member To Class: ClassName=U1 Member=Component R50 RES
Added Member To Class: ClassName=U1 Member=Component R51 RES
Added Member To Class: ClassName=U1 Member=Component R52 RES
Added Room: Name=U1
