Added Component: Designator=?(7SEG_8)
Added Component: Designator=?(7SEG_8)
Added Component: Designator=?(7SEG_8)
Added Component: Designator=?(7SEG_8)
Added Component: Designator=?(7SEG_8)
Added Component: Designator=?(7SEG_8)
Added Component: Designator=C?(CAP[103])
Added Component: Designator=C?(CAP[16V])
Added Component: Designator=C?(Cap-Dip)
Added Component: Designator=C?(CAP[0603])
Added Component: Designator=C?(CAP[0603])
Added Component: Designator=D?(LED)
Added Component: Designator=D?(LED)
Added Component: Designator=D?(LED)
Added Component: Designator=D?(LED)
Added Component: Designator=D?(LED)
Added Component: Designator=D?(LED)
Added Component: Designator=D?(LED)
Added Component: Designator=D?(LED)
Added Component: Designator=D?(LED)
Added Component: Designator=HC?(DIP_16)
Added Component: Designator=HC?(DIP_16)
Added Component: Designator=HC?(DIP_16)
Added Component: Designator=HC?(DIP_16)
Added Component: Designator=HC?(DIP_16)
Added Component: Designator=HC?(DIP_16)
Added Component: Designator=K?(BigButton)
Added Component: Designator=K?(KEY_3)
Added Component: Designator=P?(H2.54_1X4)
Added Component: Designator=P?(DC接口)
Added Component: Designator=Q?(TO_92)
Added Component: Designator=R?(RES_DIP)
Added Component: Designator=R?(RES_DIP)
Added Component: Designator=R?(RES_DIP)
Added Component: Designator=R?(RES_DIP)
Added Component: Designator=R?(RES_DIP)
Added Component: Designator=R?(RES_DIP)
Added Component: Designator=R?(RES_DIP)
Added Component: Designator=R?(RES_DIP)
Added Component: Designator=R?(RES_DIP)
Added Component: Designator=R?(RES_DIP)
Added Component: Designator=R?(RES_DIP)
Added Component: Designator=R?(RES_DIP)
Added Component: Designator=R?(RES_DIP)
Added Component: Designator=R?(RES_DIP)
Added Component: Designator=R?(RES_DIP)
Added Component: Designator=R?(RES_DIP)
Added Component: Designator=R?(RES_DIP)
Added Component: Designator=R?(RES_DIP)
Added Component: Designator=R?(RES_DIP)
Added Component: Designator=R?(RES_DIP)
Added Component: Designator=R?(RES_DIP)
Added Component: Designator=R?(RES_DIP)
Added Component: Designator=R?(RES_DIP)
Added Component: Designator=R?(RES_DIP)
Added Component: Designator=R?(RES_DIP)
Added Component: Designator=R?(RES_DIP)
Added Component: Designator=R?(RES_DIP)
Added Component: Designator=R?(RES_DIP)
Added Component: Designator=R?(RES_DIP)
Added Component: Designator=R?(RES_DIP)
Added Component: Designator=R?(RES_DIP)
Added Component: Designator=R?(RES_DIP)
Added Component: Designator=R?(RES_DIP)
Added Component: Designator=R?(RES_DIP)
Added Component: Designator=R?(RES_DIP)
Added Component: Designator=R?(RES_DIP)
Added Component: Designator=R?(RES_DIP)
Added Component: Designator=R?(RES_DIP)
Added Component: Designator=R?(RES_DIP)
Added Component: Designator=R?(RES_DIP)
Added Component: Designator=R?(RES_DIP)
Added Component: Designator=R?(RES_DIP)
Added Component: Designator=R?(RES_DIP)
Added Component: Designator=R?(RES_DIP)
Added Component: Designator=R?(RES_DIP)
Added Component: Designator=R?(RES_DIP)
Added Component: Designator=R?(RES_DIP)
Added Component: Designator=R?(RES_DIP)
Added Component: Designator=R?(RES_DIP)
Added Component: Designator=R?(RES_DIP)
Added Component: Designator=R?(RES_DIP)
Added Component: Designator=R?(RES_DIP)
Added Component: Designator=U0(DIP_40)
Added Component: Designator=U?(BEEP)
Added Component: Designator=X?(XTAL_DIP)
Added Pin To Net: NetName=NetC?_1 Pin=C?-1
Added Pin To Net: NetName=NetC?_1 Pin=K?-1
Added Pin To Net: NetName=NetC?_1 Pin=K?-1
Added Pin To Net: NetName=NetC?_1 Pin=R?-2
Added Pin To Net: NetName=NetC?_1 Pin=U0-9
Added Net: Name=NetC?_1
Added Pin To Net: NetName=NetC?_2 Pin=C?-2
Added Pin To Net: NetName=NetC?_2 Pin=U0-18
Added Pin To Net: NetName=NetC?_2 Pin=X?-1
Added Net: Name=NetC?_2
Added Pin To Net: NetName=NetD?_1 Pin=D?-1
Added Pin To Net: NetName=NetD?_1 Pin=R?-1
Added Net: Name=NetD?_1
Added Pin To Net: NetName=NetK?_2 Pin=K?-2
Added Pin To Net: NetName=NetK?_2 Pin=P?-1
Added Pin To Net: NetName=NetK?_2 Pin=P?-1
Added Net: Name=NetK?_2
Added Pin To Net: NetName=NetP?_2 Pin=P?-2
Added Pin To Net: NetName=NetP?_2 Pin=U0-10
Added Net: Name=NetP?_2
Added Pin To Net: NetName=NetP?_3 Pin=P?-3
Added Pin To Net: NetName=NetP?_3 Pin=U0-11
Added Net: Name=NetP?_3
Added Pin To Net: NetName=NetQ?_1 Pin=Q?-1
Added Pin To Net: NetName=NetQ?_1 Pin=U?-2
Added Net: Name=NetQ?_1
Added Pin To Net: NetName=NetQ?_2 Pin=Q?-2
Added Pin To Net: NetName=NetQ?_2 Pin=R?-2
Added Net: Name=NetQ?_2
Added Pin To Net: NetName=NetR?_1 Pin=R?-1
Added Pin To Net: NetName=NetR?_1 Pin=U0-13
Added Net: Name=NetR?_1
Added Pin To Net: NetName=NetU0_1 Pin=U0-1
Added Net: Name=NetU0_1
Added Pin To Net: NetName=NetU0_2 Pin=U0-2
Added Net: Name=NetU0_2
Added Pin To Net: NetName=NetU0_3 Pin=U0-3
Added Net: Name=NetU0_3
Added Pin To Net: NetName=NetU0_4 Pin=U0-4
Added Net: Name=NetU0_4
Added Pin To Net: NetName=NetU0_5 Pin=U0-5
Added Net: Name=NetU0_5
Added Pin To Net: NetName=NetU0_6 Pin=U0-6
Added Net: Name=NetU0_6
Added Pin To Net: NetName=NetU0_7 Pin=U0-7
Added Net: Name=NetU0_7
Added Pin To Net: NetName=NetU0_8 Pin=U0-8
Added Net: Name=NetU0_8
Added Pin To Net: NetName=NetU0_12 Pin=U0-12
Added Net: Name=NetU0_12
Added Pin To Net: NetName=NetU0_14 Pin=U0-14
Added Net: Name=NetU0_14
Added Pin To Net: NetName=NetU0_15 Pin=U0-15
Added Net: Name=NetU0_15
Added Pin To Net: NetName=NetU0_16 Pin=U0-16
Added Net: Name=NetU0_16
Added Pin To Net: NetName=NetU0_17 Pin=U0-17
Added Net: Name=NetU0_17
Added Pin To Net: NetName=NetU0_21 Pin=U0-21
Added Net: Name=NetU0_21
Added Pin To Net: NetName=NetU0_22 Pin=U0-22
Added Net: Name=NetU0_22
Added Pin To Net: NetName=NetU0_23 Pin=U0-23
Added Net: Name=NetU0_23
Added Pin To Net: NetName=NetU0_24 Pin=U0-24
Added Net: Name=NetU0_24
Added Pin To Net: NetName=NetU0_25 Pin=U0-25
Added Net: Name=NetU0_25
Added Pin To Net: NetName=NetU0_26 Pin=U0-26
Added Net: Name=NetU0_26
Added Pin To Net: NetName=NetU0_27 Pin=U0-27
Added Net: Name=NetU0_27
Added Pin To Net: NetName=NetU0_28 Pin=U0-28
Added Net: Name=NetU0_28
Added Pin To Net: NetName=NetU0_32 Pin=U0-32
Added Net: Name=NetU0_32
Added Pin To Net: NetName=NetU0_33 Pin=U0-33
Added Net: Name=NetU0_33
Added Pin To Net: NetName=NetU0_34 Pin=U0-34
Added Net: Name=NetU0_34
Added Pin To Net: NetName=NetU0_35 Pin=U0-35
Added Net: Name=NetU0_35
Added Pin To Net: NetName=NetU0_36 Pin=U0-36
Added Net: Name=NetU0_36
Added Pin To Net: NetName=NetU0_37 Pin=U0-37
Added Net: Name=NetU0_37
Added Pin To Net: NetName=NetU0_38 Pin=U0-38
Added Net: Name=NetU0_38
Added Pin To Net: NetName=NetU0_39 Pin=U0-39
Added Net: Name=NetU0_39
Added Class: Name=U1
Added Class: Name=主图
Added Room: Name=U1
Added Room: Name=主图
