Added Component: Designator=1(7SEG_8)
Added Component: Designator=2(7SEG_8)
Added Component: Designator=3(7SEG_8)
Added Component: Designator=4(7SEG_8)
Added Component: Designator=5(7SEG_8)
Added Component: Designator=6(7SEG_8)
Added Component: Designator=C1(CAP[0603])
Added Component: Designator=C2(CAP[0603])
Added Component: Designator=C3(CAP[103])
Added Component: Designator=C4(Cap-Dip)
Added Component: Designator=C5(CAP[16V])
Added Component: Designator=D1(LED)
Added Component: Designator=D2(LED)
Added Component: Designator=D3(LED)
Added Component: Designator=D4(LED)
Added Component: Designator=D5(LED)
Added Component: Designator=D6(LED)
Added Component: Designator=D7(LED)
Added Component: Designator=D8(LED)
Added Component: Designator=D9(LED)
Added Component: Designator=HC1(DIP_16)
Added Component: Designator=HC2(DIP_16)
Added Component: Designator=HC3(DIP_16)
Added Component: Designator=HC4(DIP_16)
Added Component: Designator=HC5(DIP_16)
Added Component: Designator=HC6(DIP_16)
Added Component: Designator=HC7(DIP_14)
Added Component: Designator=K1(KEY_3)
Added Component: Designator=K2(BigButton)
Added Component: Designator=K3(BigButton)
Added Component: Designator=K4(BigButton)
Added Component: Designator=K5(BigButton)
Added Component: Designator=K6(BigButton)
Added Component: Designator=K7(KEY_4)
Added Component: Designator=K8(KEY_4)
Added Component: Designator=K9(KEY_4)
Added Component: Designator=K10(KEY_4)
Added Component: Designator=K11(KEY_4)
Added Component: Designator=K12(KEY_4)
Added Component: Designator=K13(KEY_4)
Added Component: Designator=K14(KEY_4)
Added Component: Designator=K15(KEY_4)
Added Component: Designator=K16(KEY_4)
Added Component: Designator=K17(KEY_4)
Added Component: Designator=K18(KEY_4)
Added Component: Designator=K19(KEY_4)
Added Component: Designator=K20(KEY_4)
Added Component: Designator=K21(KEY_4)
Added Component: Designator=K22(KEY_4)
Added Component: Designator=P1(H2.54_1X4)
Added Component: Designator=P2(DC接口)
Added Component: Designator=Q1(TO_92)
Added Component: Designator=Q2(TO_92)
Added Component: Designator=R1(RES_DIP)
Added Component: Designator=R2(RES_DIP)
Added Component: Designator=R3(RES_DIP)
Added Component: Designator=R4(RES_DIP)
Added Component: Designator=R5(RES_DIP)
Added Component: Designator=R6(RES_DIP)
Added Component: Designator=R7(RES_DIP)
Added Component: Designator=R8(RES_DIP)
Added Component: Designator=R9(RES_DIP)
Added Component: Designator=R10(RES_DIP)
Added Component: Designator=R11(RES_DIP)
Added Component: Designator=R12(RES_DIP)
Added Component: Designator=R13(RES_DIP)
Added Component: Designator=R14(RES_DIP)
Added Component: Designator=R15(RES_DIP)
Added Component: Designator=R16(RES_DIP)
Added Component: Designator=R17(RES_DIP)
Added Component: Designator=R18(RES_DIP)
Added Component: Designator=R19(RES_DIP)
Added Component: Designator=R20(RES_DIP)
Added Component: Designator=R21(RES_DIP)
Added Component: Designator=R22(RES_DIP)
Added Component: Designator=R23(RES_DIP)
Added Component: Designator=R24(RES_DIP)
Added Component: Designator=R25(RES_DIP)
Added Component: Designator=R26(RES_DIP)
Added Component: Designator=R27(RES_DIP)
Added Component: Designator=R28(RES_DIP)
Added Component: Designator=R29(RES_DIP)
Added Component: Designator=R30(RES_DIP)
Added Component: Designator=R31(RES_DIP)
Added Component: Designator=R32(RES_DIP)
Added Component: Designator=R33(RES_DIP)
Added Component: Designator=R34(RES_DIP)
Added Component: Designator=R35(RES_DIP)
Added Component: Designator=R36(RES_DIP)
Added Component: Designator=R37(RES_DIP)
Added Component: Designator=R38(RES_DIP)
Added Component: Designator=R39(RES_DIP)
Added Component: Designator=R40(RES_DIP)
Added Component: Designator=R41(RES_DIP)
Added Component: Designator=R42(RES_DIP)
Added Component: Designator=R43(RES_DIP)
Added Component: Designator=R44(RES_DIP)
Added Component: Designator=R45(RES_DIP)
Added Component: Designator=R46(RES_DIP)
Added Component: Designator=R47(RES_DIP)
Added Component: Designator=R48(RES_DIP)
Added Component: Designator=R49(RES_DIP)
Added Component: Designator=R50(RES_DIP)
Added Component: Designator=R51(RES_DIP)
Added Component: Designator=R52(RES_DIP)
Added Component: Designator=R53(RES_DIP)
Added Component: Designator=R54(RES_DIP)
Added Component: Designator=R55(RES_DIP)
Added Component: Designator=R56(RES_DIP)
Added Component: Designator=R57(RES_DIP)
Added Component: Designator=R58(RES_DIP)
Added Component: Designator=R59(RES_DIP)
Added Component: Designator=R60(RES_DIP)
Added Component: Designator=R61(RES_DIP)
Added Component: Designator=RP1(RES_PACK)
Added Component: Designator=S1(SM0038)
Added Component: Designator=U1(DIP_40)
Added Component: Designator=U2(BEEP)
Added Component: Designator=U3(LCD1602)
Added Component: Designator=X1(XTAL_DIP)
Added Pin To Net: NetName=1S0 Pin=HC1-15
Added Pin To Net: NetName=1S0 Pin=R4-1
Added Net: Name=1S0
Added Pin To Net: NetName=1S1 Pin=HC1-1
Added Pin To Net: NetName=1S1 Pin=R5-1
Added Net: Name=1S1
Added Pin To Net: NetName=1S2 Pin=HC1-2
Added Pin To Net: NetName=1S2 Pin=R6-1
Added Net: Name=1S2
Added Pin To Net: NetName=1S3 Pin=HC1-3
Added Pin To Net: NetName=1S3 Pin=R7-1
Added Net: Name=1S3
Added Pin To Net: NetName=1S4 Pin=HC1-4
Added Pin To Net: NetName=1S4 Pin=R8-1
Added Net: Name=1S4
Added Pin To Net: NetName=1S5 Pin=HC1-5
Added Pin To Net: NetName=1S5 Pin=R9-1
Added Net: Name=1S5
Added Pin To Net: NetName=1S6 Pin=HC1-6
Added Pin To Net: NetName=1S6 Pin=R10-1
Added Net: Name=1S6
Added Pin To Net: NetName=1S7 Pin=HC1-7
Added Pin To Net: NetName=1S7 Pin=R11-1
Added Net: Name=1S7
Added Pin To Net: NetName=1S8 Pin=HC1-9
Added Pin To Net: NetName=1S8 Pin=HC3-14
Added Net: Name=1S8
Added Pin To Net: NetName=2S0 Pin=HC3-15
Added Pin To Net: NetName=2S0 Pin=R20-1
Added Net: Name=2S0
Added Pin To Net: NetName=2S1 Pin=HC3-1
Added Pin To Net: NetName=2S1 Pin=R21-1
Added Net: Name=2S1
Added Pin To Net: NetName=2S2 Pin=HC3-2
Added Pin To Net: NetName=2S2 Pin=R22-1
Added Net: Name=2S2
Added Pin To Net: NetName=2S3 Pin=HC3-3
Added Pin To Net: NetName=2S3 Pin=R23-1
Added Net: Name=2S3
Added Pin To Net: NetName=2S4 Pin=HC3-4
Added Pin To Net: NetName=2S4 Pin=R24-1
Added Net: Name=2S4
Added Pin To Net: NetName=2S5 Pin=HC3-5
Added Pin To Net: NetName=2S5 Pin=R25-1
Added Net: Name=2S5
Added Pin To Net: NetName=2S6 Pin=HC3-6
Added Pin To Net: NetName=2S6 Pin=R26-1
Added Net: Name=2S6
Added Pin To Net: NetName=2S7 Pin=HC3-7
Added Pin To Net: NetName=2S7 Pin=R27-1
Added Net: Name=2S7
Added Pin To Net: NetName=2S8 Pin=HC3-9
Added Pin To Net: NetName=2S8 Pin=HC5-14
Added Net: Name=2S8
Added Pin To Net: NetName=3S0 Pin=HC5-15
Added Pin To Net: NetName=3S0 Pin=R36-1
Added Net: Name=3S0
Added Pin To Net: NetName=3S1 Pin=HC5-1
Added Pin To Net: NetName=3S1 Pin=R37-1
Added Net: Name=3S1
Added Pin To Net: NetName=3S2 Pin=HC5-2
Added Pin To Net: NetName=3S2 Pin=R38-1
Added Net: Name=3S2
Added Pin To Net: NetName=3S3 Pin=HC5-3
Added Pin To Net: NetName=3S3 Pin=R39-1
Added Net: Name=3S3
Added Pin To Net: NetName=3S4 Pin=HC5-4
Added Pin To Net: NetName=3S4 Pin=R40-1
Added Net: Name=3S4
Added Pin To Net: NetName=3S5 Pin=HC5-5
Added Pin To Net: NetName=3S5 Pin=R41-1
Added Net: Name=3S5
Added Pin To Net: NetName=3S6 Pin=HC5-6
Added Pin To Net: NetName=3S6 Pin=R42-1
Added Net: Name=3S6
Added Pin To Net: NetName=3S7 Pin=HC5-7
Added Pin To Net: NetName=3S7 Pin=R43-1
Added Net: Name=3S7
Added Pin To Net: NetName=3S8 Pin=HC5-9
Added Pin To Net: NetName=3S8 Pin=HC6-14
Added Net: Name=3S8
Added Pin To Net: NetName=4S0 Pin=HC6-15
Added Pin To Net: NetName=4S0 Pin=R50-1
Added Net: Name=4S0
Added Pin To Net: NetName=4S1 Pin=HC6-1
Added Pin To Net: NetName=4S1 Pin=R51-1
Added Net: Name=4S1
Added Pin To Net: NetName=4S2 Pin=HC6-2
Added Pin To Net: NetName=4S2 Pin=R52-1
Added Net: Name=4S2
Added Pin To Net: NetName=4S3 Pin=HC6-3
Added Pin To Net: NetName=4S3 Pin=R53-1
Added Net: Name=4S3
Added Pin To Net: NetName=4S4 Pin=HC6-4
Added Pin To Net: NetName=4S4 Pin=R54-1
Added Net: Name=4S4
Added Pin To Net: NetName=4S5 Pin=HC6-5
Added Pin To Net: NetName=4S5 Pin=R55-1
Added Net: Name=4S5
Added Pin To Net: NetName=4S6 Pin=HC6-6
Added Pin To Net: NetName=4S6 Pin=R56-1
Added Net: Name=4S6
Added Pin To Net: NetName=4S7 Pin=HC6-7
Added Pin To Net: NetName=4S7 Pin=R57-1
Added Net: Name=4S7
Added Pin To Net: NetName=4S8 Pin=HC2-14
Added Pin To Net: NetName=4S8 Pin=HC6-9
Added Net: Name=4S8
Added Pin To Net: NetName=5S0 Pin=HC2-15
Added Pin To Net: NetName=5S0 Pin=R12-1
Added Net: Name=5S0
Added Pin To Net: NetName=5S1 Pin=HC2-1
Added Pin To Net: NetName=5S1 Pin=R13-1
Added Net: Name=5S1
Added Pin To Net: NetName=5S2 Pin=HC2-2
Added Pin To Net: NetName=5S2 Pin=R14-1
Added Net: Name=5S2
Added Pin To Net: NetName=5S3 Pin=HC2-3
Added Pin To Net: NetName=5S3 Pin=R15-1
Added Net: Name=5S3
Added Pin To Net: NetName=5S4 Pin=HC2-4
Added Pin To Net: NetName=5S4 Pin=R16-1
Added Net: Name=5S4
Added Pin To Net: NetName=5S5 Pin=HC2-5
Added Pin To Net: NetName=5S5 Pin=R17-1
Added Net: Name=5S5
Added Pin To Net: NetName=5S6 Pin=HC2-6
Added Pin To Net: NetName=5S6 Pin=R18-1
Added Net: Name=5S6
Added Pin To Net: NetName=5S7 Pin=HC2-7
Added Pin To Net: NetName=5S7 Pin=R19-1
Added Net: Name=5S7
Added Pin To Net: NetName=5S8 Pin=HC2-9
Added Pin To Net: NetName=5S8 Pin=HC4-14
Added Net: Name=5S8
Added Pin To Net: NetName=6S0 Pin=HC4-15
Added Pin To Net: NetName=6S0 Pin=R28-1
Added Net: Name=6S0
Added Pin To Net: NetName=6S1 Pin=HC4-1
Added Pin To Net: NetName=6S1 Pin=R29-1
Added Net: Name=6S1
Added Pin To Net: NetName=6S2 Pin=HC4-2
Added Pin To Net: NetName=6S2 Pin=R30-1
Added Net: Name=6S2
Added Pin To Net: NetName=6S3 Pin=HC4-3
Added Pin To Net: NetName=6S3 Pin=R31-1
Added Net: Name=6S3
Added Pin To Net: NetName=6S4 Pin=HC4-4
Added Pin To Net: NetName=6S4 Pin=R32-1
Added Net: Name=6S4
Added Pin To Net: NetName=6S5 Pin=HC4-5
Added Pin To Net: NetName=6S5 Pin=R33-1
Added Net: Name=6S5
Added Pin To Net: NetName=6S6 Pin=HC4-6
Added Pin To Net: NetName=6S6 Pin=R34-1
Added Net: Name=6S6
Added Pin To Net: NetName=6S7 Pin=HC4-7
Added Pin To Net: NetName=6S7 Pin=R35-1
Added Net: Name=6S7
Added Pin To Net: NetName=595SHCLK Pin=HC1-11
Added Pin To Net: NetName=595SHCLK Pin=HC2-11
Added Pin To Net: NetName=595SHCLK Pin=HC3-11
Added Pin To Net: NetName=595SHCLK Pin=HC4-11
Added Pin To Net: NetName=595SHCLK Pin=HC5-11
Added Pin To Net: NetName=595SHCLK Pin=HC6-11
Added Pin To Net: NetName=595SHCLK Pin=U1-15
Added Net: Name=595SHCLK
Added Pin To Net: NetName=595SLCLK Pin=HC1-12
Added Pin To Net: NetName=595SLCLK Pin=HC2-12
Added Pin To Net: NetName=595SLCLK Pin=HC3-12
Added Pin To Net: NetName=595SLCLK Pin=HC4-12
Added Pin To Net: NetName=595SLCLK Pin=HC5-12
Added Pin To Net: NetName=595SLCLK Pin=HC6-12
Added Pin To Net: NetName=595SLCLK Pin=U1-16
Added Net: Name=595SLCLK
Added Pin To Net: NetName=END Pin=HC1-8
Added Pin To Net: NetName=END Pin=HC1-13
Added Pin To Net: NetName=END Pin=HC2-8
Added Pin To Net: NetName=END Pin=HC2-13
Added Pin To Net: NetName=END Pin=HC3-8
Added Pin To Net: NetName=END Pin=HC3-13
Added Pin To Net: NetName=END Pin=HC4-8
Added Pin To Net: NetName=END Pin=HC4-13
Added Pin To Net: NetName=END Pin=HC5-8
Added Pin To Net: NetName=END Pin=HC5-13
Added Pin To Net: NetName=END Pin=HC6-8
Added Pin To Net: NetName=END Pin=HC6-13
Added Net: Name=END
Added Pin To Net: NetName=Net1_2 Pin=1-2
Added Pin To Net: NetName=Net1_2 Pin=R9-2
Added Net: Name=Net1_2
Added Pin To Net: NetName=Net1_3 Pin=1-3
Added Pin To Net: NetName=Net1_3 Pin=R10-2
Added Net: Name=Net1_3
Added Pin To Net: NetName=Net1_4 Pin=1-4
Added Pin To Net: NetName=Net1_4 Pin=R8-2
Added Net: Name=Net1_4
Added Pin To Net: NetName=Net1_5 Pin=1-5
Added Pin To Net: NetName=Net1_5 Pin=R7-2
Added Net: Name=Net1_5
Added Pin To Net: NetName=Net1_7 Pin=1-7
Added Pin To Net: NetName=Net1_7 Pin=R11-2
Added Net: Name=Net1_7
Added Pin To Net: NetName=Net1_8 Pin=1-8
Added Pin To Net: NetName=Net1_8 Pin=R6-2
Added Net: Name=Net1_8
Added Pin To Net: NetName=Net1_9 Pin=1-9
Added Pin To Net: NetName=Net1_9 Pin=R5-2
Added Net: Name=Net1_9
Added Pin To Net: NetName=Net1_10 Pin=1-10
Added Pin To Net: NetName=Net1_10 Pin=R4-2
Added Net: Name=Net1_10
Added Pin To Net: NetName=Net2_2 Pin=2-2
Added Pin To Net: NetName=Net2_2 Pin=R17-2
Added Net: Name=Net2_2
Added Pin To Net: NetName=Net2_3 Pin=2-3
Added Pin To Net: NetName=Net2_3 Pin=R18-2
Added Net: Name=Net2_3
Added Pin To Net: NetName=Net2_4 Pin=2-4
Added Pin To Net: NetName=Net2_4 Pin=R16-2
Added Net: Name=Net2_4
Added Pin To Net: NetName=Net2_5 Pin=2-5
Added Pin To Net: NetName=Net2_5 Pin=R15-2
Added Net: Name=Net2_5
Added Pin To Net: NetName=Net2_7 Pin=2-7
Added Pin To Net: NetName=Net2_7 Pin=R19-2
Added Net: Name=Net2_7
Added Pin To Net: NetName=Net2_8 Pin=2-8
Added Pin To Net: NetName=Net2_8 Pin=R14-2
Added Net: Name=Net2_8
Added Pin To Net: NetName=Net2_9 Pin=2-9
Added Pin To Net: NetName=Net2_9 Pin=R13-2
Added Net: Name=Net2_9
Added Pin To Net: NetName=Net2_10 Pin=2-10
Added Pin To Net: NetName=Net2_10 Pin=R12-2
Added Net: Name=Net2_10
Added Pin To Net: NetName=Net3_2 Pin=3-2
Added Pin To Net: NetName=Net3_2 Pin=R25-2
Added Net: Name=Net3_2
Added Pin To Net: NetName=Net3_3 Pin=3-3
Added Pin To Net: NetName=Net3_3 Pin=R26-2
Added Net: Name=Net3_3
Added Pin To Net: NetName=Net3_4 Pin=3-4
Added Pin To Net: NetName=Net3_4 Pin=R24-2
Added Net: Name=Net3_4
Added Pin To Net: NetName=Net3_5 Pin=3-5
Added Pin To Net: NetName=Net3_5 Pin=R23-2
Added Net: Name=Net3_5
Added Pin To Net: NetName=Net3_7 Pin=3-7
Added Pin To Net: NetName=Net3_7 Pin=R27-2
Added Net: Name=Net3_7
Added Pin To Net: NetName=Net3_8 Pin=3-8
Added Pin To Net: NetName=Net3_8 Pin=R22-2
Added Net: Name=Net3_8
Added Pin To Net: NetName=Net3_9 Pin=3-9
Added Pin To Net: NetName=Net3_9 Pin=R21-2
Added Net: Name=Net3_9
Added Pin To Net: NetName=Net3_10 Pin=3-10
Added Pin To Net: NetName=Net3_10 Pin=R20-2
Added Net: Name=Net3_10
Added Pin To Net: NetName=Net4_2 Pin=4-2
Added Pin To Net: NetName=Net4_2 Pin=R33-2
Added Net: Name=Net4_2
Added Pin To Net: NetName=Net4_3 Pin=4-3
Added Pin To Net: NetName=Net4_3 Pin=R34-2
Added Net: Name=Net4_3
Added Pin To Net: NetName=Net4_4 Pin=4-4
Added Pin To Net: NetName=Net4_4 Pin=R32-2
Added Net: Name=Net4_4
Added Pin To Net: NetName=Net4_5 Pin=4-5
Added Pin To Net: NetName=Net4_5 Pin=R31-2
Added Net: Name=Net4_5
Added Pin To Net: NetName=Net4_7 Pin=4-7
Added Pin To Net: NetName=Net4_7 Pin=R35-2
Added Net: Name=Net4_7
Added Pin To Net: NetName=Net4_8 Pin=4-8
Added Pin To Net: NetName=Net4_8 Pin=R30-2
Added Net: Name=Net4_8
Added Pin To Net: NetName=Net4_9 Pin=4-9
Added Pin To Net: NetName=Net4_9 Pin=R29-2
Added Net: Name=Net4_9
Added Pin To Net: NetName=Net4_10 Pin=4-10
Added Pin To Net: NetName=Net4_10 Pin=R28-2
Added Net: Name=Net4_10
Added Pin To Net: NetName=Net5_2 Pin=5-2
Added Pin To Net: NetName=Net5_2 Pin=R41-2
Added Net: Name=Net5_2
Added Pin To Net: NetName=Net5_3 Pin=5-3
Added Pin To Net: NetName=Net5_3 Pin=R42-2
Added Net: Name=Net5_3
Added Pin To Net: NetName=Net5_4 Pin=5-4
Added Pin To Net: NetName=Net5_4 Pin=R40-2
Added Net: Name=Net5_4
Added Pin To Net: NetName=Net5_5 Pin=5-5
Added Pin To Net: NetName=Net5_5 Pin=R39-2
Added Net: Name=Net5_5
Added Pin To Net: NetName=Net5_7 Pin=5-7
Added Pin To Net: NetName=Net5_7 Pin=R43-2
Added Net: Name=Net5_7
Added Pin To Net: NetName=Net5_8 Pin=5-8
Added Pin To Net: NetName=Net5_8 Pin=R38-2
Added Net: Name=Net5_8
Added Pin To Net: NetName=Net5_9 Pin=5-9
Added Pin To Net: NetName=Net5_9 Pin=R37-2
Added Net: Name=Net5_9
Added Pin To Net: NetName=Net5_10 Pin=5-10
Added Pin To Net: NetName=Net5_10 Pin=R36-2
Added Net: Name=Net5_10
Added Pin To Net: NetName=Net6_2 Pin=6-2
Added Pin To Net: NetName=Net6_2 Pin=R55-2
Added Net: Name=Net6_2
Added Pin To Net: NetName=Net6_3 Pin=6-3
Added Pin To Net: NetName=Net6_3 Pin=R56-2
Added Net: Name=Net6_3
Added Pin To Net: NetName=Net6_4 Pin=6-4
Added Pin To Net: NetName=Net6_4 Pin=R54-2
Added Net: Name=Net6_4
Added Pin To Net: NetName=Net6_5 Pin=6-5
Added Pin To Net: NetName=Net6_5 Pin=R53-2
Added Net: Name=Net6_5
Added Pin To Net: NetName=Net6_7 Pin=6-7
Added Pin To Net: NetName=Net6_7 Pin=R57-2
Added Net: Name=Net6_7
Added Pin To Net: NetName=Net6_8 Pin=6-8
Added Pin To Net: NetName=Net6_8 Pin=R52-2
Added Net: Name=Net6_8
Added Pin To Net: NetName=Net6_9 Pin=6-9
Added Pin To Net: NetName=Net6_9 Pin=R51-2
Added Net: Name=Net6_9
Added Pin To Net: NetName=Net6_10 Pin=6-10
Added Pin To Net: NetName=Net6_10 Pin=R50-2
Added Net: Name=Net6_10
Added Pin To Net: NetName=NetC1_1 Pin=C1-1
Added Pin To Net: NetName=NetC1_1 Pin=C2-1
Added Pin To Net: NetName=NetC1_1 Pin=C3-2
Added Pin To Net: NetName=NetC1_1 Pin=C5-2
Added Pin To Net: NetName=NetC1_1 Pin=D1-2
Added Pin To Net: NetName=NetC1_1 Pin=HC7-7
Added Pin To Net: NetName=NetC1_1 Pin=K3-2
Added Pin To Net: NetName=NetC1_1 Pin=K3-2
Added Pin To Net: NetName=NetC1_1 Pin=K4-2
Added Pin To Net: NetName=NetC1_1 Pin=K4-2
Added Pin To Net: NetName=NetC1_1 Pin=K5-2
Added Pin To Net: NetName=NetC1_1 Pin=K5-2
Added Pin To Net: NetName=NetC1_1 Pin=K6-2
Added Pin To Net: NetName=NetC1_1 Pin=K6-2
Added Pin To Net: NetName=NetC1_1 Pin=P1-4
Added Pin To Net: NetName=NetC1_1 Pin=P2-3
Added Pin To Net: NetName=NetC1_1 Pin=Q1-3
Added Pin To Net: NetName=NetC1_1 Pin=R2-1
Added Pin To Net: NetName=NetC1_1 Pin=S1-1
Added Pin To Net: NetName=NetC1_1 Pin=U1-20
Added Pin To Net: NetName=NetC1_1 Pin=U3-1
Added Pin To Net: NetName=NetC1_1 Pin=U3-16
Added Net: Name=NetC1_1
Added Pin To Net: NetName=NetC1_2 Pin=C1-2
Added Pin To Net: NetName=NetC1_2 Pin=U1-18
Added Pin To Net: NetName=NetC1_2 Pin=X1-1
Added Net: Name=NetC1_2
Added Pin To Net: NetName=NetC2_2 Pin=C2-2
Added Pin To Net: NetName=NetC2_2 Pin=U1-19
Added Pin To Net: NetName=NetC2_2 Pin=X1-2
Added Net: Name=NetC2_2
Added Pin To Net: NetName=NetC4_1 Pin=C4-1
Added Pin To Net: NetName=NetC4_1 Pin=K2-1
Added Pin To Net: NetName=NetC4_1 Pin=K2-1
Added Pin To Net: NetName=NetC4_1 Pin=R2-2
Added Pin To Net: NetName=NetC4_1 Pin=U1-9
Added Net: Name=NetC4_1
Added Pin To Net: NetName=NetD1_1 Pin=D1-1
Added Pin To Net: NetName=NetD1_1 Pin=R1-1
Added Net: Name=NetD1_1
Added Pin To Net: NetName=NetD2_1 Pin=D2-1
Added Pin To Net: NetName=NetD2_1 Pin=R44-1
Added Net: Name=NetD2_1
Added Pin To Net: NetName=NetD2_2 Pin=D2-2
Added Pin To Net: NetName=NetD2_2 Pin=U1-8
Added Net: Name=NetD2_2
Added Pin To Net: NetName=NetD3_1 Pin=D3-1
Added Pin To Net: NetName=NetD3_1 Pin=R45-1
Added Net: Name=NetD3_1
Added Pin To Net: NetName=NetD3_2 Pin=D3-2
Added Pin To Net: NetName=NetD3_2 Pin=U1-7
Added Net: Name=NetD3_2
Added Pin To Net: NetName=NetD4_1 Pin=D4-1
Added Pin To Net: NetName=NetD4_1 Pin=R46-1
Added Net: Name=NetD4_1
Added Pin To Net: NetName=NetD4_2 Pin=D4-2
Added Pin To Net: NetName=NetD4_2 Pin=U1-6
Added Net: Name=NetD4_2
Added Pin To Net: NetName=NetD5_1 Pin=D5-1
Added Pin To Net: NetName=NetD5_1 Pin=R47-1
Added Net: Name=NetD5_1
Added Pin To Net: NetName=NetD5_2 Pin=D5-2
Added Pin To Net: NetName=NetD5_2 Pin=U1-5
Added Net: Name=NetD5_2
Added Pin To Net: NetName=NetD6_1 Pin=D6-1
Added Pin To Net: NetName=NetD6_1 Pin=R48-1
Added Net: Name=NetD6_1
Added Pin To Net: NetName=NetD6_2 Pin=D6-2
Added Pin To Net: NetName=NetD6_2 Pin=U1-4
Added Net: Name=NetD6_2
Added Pin To Net: NetName=NetD7_1 Pin=D7-1
Added Pin To Net: NetName=NetD7_1 Pin=R49-1
Added Net: Name=NetD7_1
Added Pin To Net: NetName=NetD7_2 Pin=D7-2
Added Pin To Net: NetName=NetD7_2 Pin=U1-3
Added Net: Name=NetD7_2
Added Pin To Net: NetName=NetD8_1 Pin=D8-1
Added Pin To Net: NetName=NetD8_1 Pin=R58-1
Added Net: Name=NetD8_1
Added Pin To Net: NetName=NetD8_2 Pin=D8-2
Added Pin To Net: NetName=NetD8_2 Pin=U1-2
Added Net: Name=NetD8_2
Added Pin To Net: NetName=NetD9_1 Pin=D9-1
Added Pin To Net: NetName=NetD9_1 Pin=R59-1
Added Net: Name=NetD9_1
Added Pin To Net: NetName=NetD9_2 Pin=D9-2
Added Pin To Net: NetName=NetD9_2 Pin=U1-1
Added Net: Name=NetD9_2
Added Pin To Net: NetName=NetHC1_14 Pin=HC1-14
Added Pin To Net: NetName=NetHC1_14 Pin=HC7-1
Added Pin To Net: NetName=NetHC1_14 Pin=HC7-2
Added Pin To Net: NetName=NetHC1_14 Pin=U1-14
Added Net: Name=NetHC1_14
Added Pin To Net: NetName=NetHC7_8 Pin=HC7-8
Added Pin To Net: NetName=NetHC7_8 Pin=U1-17
Added Net: Name=NetHC7_8
Added Pin To Net: NetName=NetK1_2 Pin=K1-2
Added Pin To Net: NetName=NetK1_2 Pin=P1-1
Added Pin To Net: NetName=NetK1_2 Pin=P2-1
Added Net: Name=NetK1_2
Added Pin To Net: NetName=NetK3_1 Pin=K3-1
Added Pin To Net: NetName=NetK3_1 Pin=K3-1
Added Pin To Net: NetName=NetK3_1 Pin=U1-27
Added Net: Name=NetK3_1
Added Pin To Net: NetName=NetK4_1 Pin=K4-1
Added Pin To Net: NetName=NetK4_1 Pin=K4-1
Added Pin To Net: NetName=NetK4_1 Pin=U1-24
Added Net: Name=NetK4_1
Added Pin To Net: NetName=NetK5_1 Pin=K5-1
Added Pin To Net: NetName=NetK5_1 Pin=K5-1
Added Pin To Net: NetName=NetK5_1 Pin=U1-25
Added Net: Name=NetK5_1
Added Pin To Net: NetName=NetK6_1 Pin=K6-1
Added Pin To Net: NetName=NetK6_1 Pin=K6-1
Added Pin To Net: NetName=NetK6_1 Pin=U1-26
Added Net: Name=NetK6_1
Added Pin To Net: NetName=NetK7_1 Pin=K7-1
Added Pin To Net: NetName=NetK7_1 Pin=K7-2
Added Pin To Net: NetName=NetK7_1 Pin=K10-1
Added Pin To Net: NetName=NetK7_1 Pin=K10-2
Added Pin To Net: NetName=NetK7_1 Pin=K11-1
Added Pin To Net: NetName=NetK7_1 Pin=K11-2
Added Pin To Net: NetName=NetK7_1 Pin=K12-1
Added Pin To Net: NetName=NetK7_1 Pin=K12-2
Added Pin To Net: NetName=NetK7_1 Pin=K17-1
Added Pin To Net: NetName=NetK7_1 Pin=K17-2
Added Pin To Net: NetName=NetK7_1 Pin=K18-1
Added Pin To Net: NetName=NetK7_1 Pin=K18-2
Added Pin To Net: NetName=NetK7_1 Pin=K19-1
Added Pin To Net: NetName=NetK7_1 Pin=K19-2
Added Pin To Net: NetName=NetK7_1 Pin=K20-1
Added Pin To Net: NetName=NetK7_1 Pin=K20-2
Added Pin To Net: NetName=NetK7_1 Pin=P1-2
Added Pin To Net: NetName=NetK7_1 Pin=U1-10
Added Net: Name=NetK7_1
Added Pin To Net: NetName=NetK8_1 Pin=K8-1
Added Pin To Net: NetName=NetK8_1 Pin=K8-2
Added Pin To Net: NetName=NetK8_1 Pin=K9-1
Added Pin To Net: NetName=NetK8_1 Pin=K9-2
Added Pin To Net: NetName=NetK8_1 Pin=K13-1
Added Pin To Net: NetName=NetK8_1 Pin=K13-2
Added Pin To Net: NetName=NetK8_1 Pin=K14-1
Added Pin To Net: NetName=NetK8_1 Pin=K14-2
Added Pin To Net: NetName=NetK8_1 Pin=K15-1
Added Pin To Net: NetName=NetK8_1 Pin=K15-2
Added Pin To Net: NetName=NetK8_1 Pin=K16-1
Added Pin To Net: NetName=NetK8_1 Pin=K16-2
Added Pin To Net: NetName=NetK8_1 Pin=K21-1
Added Pin To Net: NetName=NetK8_1 Pin=K21-2
Added Pin To Net: NetName=NetK8_1 Pin=K22-1
Added Pin To Net: NetName=NetK8_1 Pin=K22-2
Added Pin To Net: NetName=NetK8_1 Pin=P1-3
Added Pin To Net: NetName=NetK8_1 Pin=U1-11
Added Net: Name=NetK8_1
Added Pin To Net: NetName=NetQ1_1 Pin=Q1-1
Added Pin To Net: NetName=NetQ1_1 Pin=U2-2
Added Net: Name=NetQ1_1
Added Pin To Net: NetName=NetQ1_2 Pin=Q1-2
Added Pin To Net: NetName=NetQ1_2 Pin=R3-2
Added Net: Name=NetQ1_2
Added Pin To Net: NetName=NetQ2_2 Pin=Q2-2
Added Pin To Net: NetName=NetQ2_2 Pin=R60-2
Added Net: Name=NetQ2_2
Added Pin To Net: NetName=NetQ2_3 Pin=Q2-3
Added Pin To Net: NetName=NetQ2_3 Pin=R61-2
Added Net: Name=NetQ2_3
Added Pin To Net: NetName=NetR3_1 Pin=R3-1
Added Pin To Net: NetName=NetR3_1 Pin=U1-13
Added Net: Name=NetR3_1
Added Pin To Net: NetName=NetR60_1 Pin=R60-1
Added Pin To Net: NetName=NetR60_1 Pin=U1-28
Added Net: Name=NetR60_1
Added Pin To Net: NetName=NetR61_1 Pin=R61-1
Added Pin To Net: NetName=NetR61_1 Pin=U3-15
Added Net: Name=NetR61_1
Added Pin To Net: NetName=NetRP1_2 Pin=RP1-2
Added Pin To Net: NetName=NetRP1_2 Pin=U1-39
Added Pin To Net: NetName=NetRP1_2 Pin=U3-7
Added Net: Name=NetRP1_2
Added Pin To Net: NetName=NetRP1_3 Pin=RP1-3
Added Pin To Net: NetName=NetRP1_3 Pin=U1-38
Added Pin To Net: NetName=NetRP1_3 Pin=U3-8
Added Net: Name=NetRP1_3
Added Pin To Net: NetName=NetRP1_4 Pin=RP1-4
Added Pin To Net: NetName=NetRP1_4 Pin=U1-37
Added Pin To Net: NetName=NetRP1_4 Pin=U3-9
Added Net: Name=NetRP1_4
Added Pin To Net: NetName=NetRP1_5 Pin=RP1-5
Added Pin To Net: NetName=NetRP1_5 Pin=U1-36
Added Pin To Net: NetName=NetRP1_5 Pin=U3-10
Added Net: Name=NetRP1_5
Added Pin To Net: NetName=NetRP1_6 Pin=RP1-6
Added Pin To Net: NetName=NetRP1_6 Pin=U1-35
Added Pin To Net: NetName=NetRP1_6 Pin=U3-11
Added Net: Name=NetRP1_6
Added Pin To Net: NetName=NetRP1_7 Pin=RP1-7
Added Pin To Net: NetName=NetRP1_7 Pin=U1-34
Added Pin To Net: NetName=NetRP1_7 Pin=U3-12
Added Net: Name=NetRP1_7
Added Pin To Net: NetName=NetRP1_8 Pin=RP1-8
Added Pin To Net: NetName=NetRP1_8 Pin=U1-33
Added Pin To Net: NetName=NetRP1_8 Pin=U3-13
Added Net: Name=NetRP1_8
Added Pin To Net: NetName=NetRP1_9 Pin=RP1-9
Added Pin To Net: NetName=NetRP1_9 Pin=U1-32
Added Pin To Net: NetName=NetRP1_9 Pin=U3-14
Added Net: Name=NetRP1_9
Added Pin To Net: NetName=NetS1_3 Pin=S1-3
Added Pin To Net: NetName=NetS1_3 Pin=U1-12
Added Net: Name=NetS1_3
Added Pin To Net: NetName=NetU1_21 Pin=U1-21
Added Pin To Net: NetName=NetU1_21 Pin=U3-4
Added Net: Name=NetU1_21
Added Pin To Net: NetName=NetU1_22 Pin=U1-22
Added Pin To Net: NetName=NetU1_22 Pin=U3-5
Added Net: Name=NetU1_22
Added Pin To Net: NetName=NetU1_23 Pin=U1-23
Added Pin To Net: NetName=NetU1_23 Pin=U3-6
Added Net: Name=NetU1_23
Added Pin To Net: NetName=Q0 Pin=HC7-3
Added Pin To Net: NetName=Q0 Pin=K7-3
Added Pin To Net: NetName=Q0 Pin=K7-4
Added Pin To Net: NetName=Q0 Pin=K8-3
Added Pin To Net: NetName=Q0 Pin=K8-4
Added Net: Name=Q0
Added Pin To Net: NetName=Q1 Pin=HC7-4
Added Pin To Net: NetName=Q1 Pin=K11-3
Added Pin To Net: NetName=Q1 Pin=K11-4
Added Pin To Net: NetName=Q1 Pin=K13-3
Added Pin To Net: NetName=Q1 Pin=K13-4
Added Net: Name=Q1
Added Pin To Net: NetName=Q2 Pin=HC7-5
Added Pin To Net: NetName=Q2 Pin=K15-3
Added Pin To Net: NetName=Q2 Pin=K15-4
Added Pin To Net: NetName=Q2 Pin=K17-3
Added Pin To Net: NetName=Q2 Pin=K17-4
Added Net: Name=Q2
Added Pin To Net: NetName=Q3 Pin=HC7-6
Added Pin To Net: NetName=Q3 Pin=K20-3
Added Pin To Net: NetName=Q3 Pin=K20-4
Added Pin To Net: NetName=Q3 Pin=K21-3
Added Pin To Net: NetName=Q3 Pin=K21-4
Added Net: Name=Q3
Added Pin To Net: NetName=Q4 Pin=HC7-10
Added Pin To Net: NetName=Q4 Pin=K9-3
Added Pin To Net: NetName=Q4 Pin=K9-4
Added Pin To Net: NetName=Q4 Pin=K10-3
Added Pin To Net: NetName=Q4 Pin=K10-4
Added Net: Name=Q4
Added Pin To Net: NetName=Q5 Pin=HC7-11
Added Pin To Net: NetName=Q5 Pin=K12-3
Added Pin To Net: NetName=Q5 Pin=K12-4
Added Pin To Net: NetName=Q5 Pin=K14-3
Added Pin To Net: NetName=Q5 Pin=K14-4
Added Net: Name=Q5
Added Pin To Net: NetName=Q6 Pin=HC7-12
Added Pin To Net: NetName=Q6 Pin=K16-3
Added Pin To Net: NetName=Q6 Pin=K16-4
Added Pin To Net: NetName=Q6 Pin=K18-3
Added Pin To Net: NetName=Q6 Pin=K18-4
Added Net: Name=Q6
Added Pin To Net: NetName=Q7 Pin=HC7-13
Added Pin To Net: NetName=Q7 Pin=K19-3
Added Pin To Net: NetName=Q7 Pin=K19-4
Added Pin To Net: NetName=Q7 Pin=K22-3
Added Pin To Net: NetName=Q7 Pin=K22-4
Added Net: Name=Q7
Added Pin To Net: NetName=VCC Pin=1-1
Added Pin To Net: NetName=VCC Pin=2-1
Added Pin To Net: NetName=VCC Pin=3-1
Added Pin To Net: NetName=VCC Pin=4-1
Added Pin To Net: NetName=VCC Pin=5-1
Added Pin To Net: NetName=VCC Pin=6-1
Added Pin To Net: NetName=VCC Pin=C3-1
Added Pin To Net: NetName=VCC Pin=C4-2
Added Pin To Net: NetName=VCC Pin=C5-1
Added Pin To Net: NetName=VCC Pin=HC1-10
Added Pin To Net: NetName=VCC Pin=HC1-16
Added Pin To Net: NetName=VCC Pin=HC2-10
Added Pin To Net: NetName=VCC Pin=HC2-16
Added Pin To Net: NetName=VCC Pin=HC3-10
Added Pin To Net: NetName=VCC Pin=HC3-16
Added Pin To Net: NetName=VCC Pin=HC4-10
Added Pin To Net: NetName=VCC Pin=HC4-16
Added Pin To Net: NetName=VCC Pin=HC5-10
Added Pin To Net: NetName=VCC Pin=HC5-16
Added Pin To Net: NetName=VCC Pin=HC6-10
Added Pin To Net: NetName=VCC Pin=HC7-9
Added Pin To Net: NetName=VCC Pin=HC7-14
Added Pin To Net: NetName=VCC Pin=K1-3
Added Pin To Net: NetName=VCC Pin=K2-2
Added Pin To Net: NetName=VCC Pin=K2-2
Added Pin To Net: NetName=VCC Pin=Q2-1
Added Pin To Net: NetName=VCC Pin=R1-2
Added Pin To Net: NetName=VCC Pin=R44-2
Added Pin To Net: NetName=VCC Pin=R46-2
Added Pin To Net: NetName=VCC Pin=R47-2
Added Pin To Net: NetName=VCC Pin=R49-2
Added Pin To Net: NetName=VCC Pin=R58-2
Added Pin To Net: NetName=VCC Pin=R59-2
Added Pin To Net: NetName=VCC Pin=RP1-1
Added Pin To Net: NetName=VCC Pin=S1-2
Added Pin To Net: NetName=VCC Pin=U1-31
Added Pin To Net: NetName=VCC Pin=U1-40
Added Pin To Net: NetName=VCC Pin=U2-1
Added Pin To Net: NetName=VCC Pin=U3-2
Added Net: Name=VCC
Added Class: Name=U1
Added Class: Name=U2
Added Class: Name=主图
Added Room: Name=U1
Added Room: Name=U2
Added Room: Name=主图
