C51 COMPILER V9.59.0.0   595SHUMA                                                          01/11/2024 00:31:54 PAGE 1   


C51 COMPILER V9.59.0.0, COMPILATION OF MODULE 595SHUMA
OBJECT MODULE PLACED IN .\Objects\595shuma.obj
COMPILER INVOKED BY: D:\My Program File\keil\C51\BIN\C51.EXE 595shuma.c OPTIMIZE(8,SPEED) BROWSE DEBUG OBJECTEXTEND PRIN
                    -T(.\Listings\595shuma.lst) TABS(2) OBJECT(.\Objects\595shuma.obj)

line level    source

   1          #include <reg51.h>
   2          #include "ange.h"
   3          #include "595shuma.h"
   4          #include <intrins.h>
   5          //ucode shumazifu[18]={0x7B,0x41,0x7C,0x75,0x47,0x37,0x3F,0x61,0x7F,0x77,0,0x2E,0x6e};//xin
   6          ucode shumazifu[18]={0xFD,0x61,0xDB,0xF3,0x67,0xB7,0xBF,0xE1,0xFF,0xE7,00,0xce,0x8e};//abcd
   7          void shumaxianshi(uchar *shuma,uchar n)
   8          {
   9   1        uchar i=0,x=0;
  10   1        while(n--)
  11   1        {
  12   2        x=shumazifu[*shuma];
  13   2          if(n!=2)
  14   2            x&=0xfe;
  15   2          for(i=0;i<8;i++)
  16   2          {
  17   3            x=_cror_(x,1);
  18   3            hclk595=0;
  19   3            date595=!(bit)(x&0x80);
  20   3            hclk595=1;
  21   3            _nop_();
  22   3            hclk595=0;
  23   3          }
  24   2          shuma++;
  25   2        }
  26   1        lclk595=0;
  27   1        _nop_();
  28   1        lclk595=1;
  29   1        lclk595=0;
  30   1        return;
  31   1      }


MODULE INFORMATION:   STATIC OVERLAYABLE
   CODE SIZE        =     86    ----
   CONSTANT SIZE    =     18    ----
   XDATA SIZE       =   ----    ----
   PDATA SIZE       =   ----    ----
   DATA SIZE        =   ----       2
   IDATA SIZE       =   ----    ----
   BIT SIZE         =   ----    ----
END OF MODULE INFORMATION.


C51 COMPILATION COMPLETE.  0 WARNING(S),  0 ERROR(S)
