C51 COMPILER V9.59.0.0   ANJIAN                                                            01/11/2024 00:31:54 PAGE 1   


C51 COMPILER V9.59.0.0, COMPILATION OF MODULE ANJIAN
OBJECT MODULE PLACED IN .\Objects\anjian.obj
COMPILER INVOKED BY: D:\My Program File\keil\C51\BIN\C51.EXE anjian.c OPTIMIZE(8,SPEED) BROWSE DEBUG OBJECTEXTEND PRINT(
                    -.\Listings\anjian.lst) TABS(2) OBJECT(.\Objects\anjian.obj)

line level    source

   1          #include <reg51.h>
   2          #include "ange.h"
   3          #include "anjian.h"
   4          extern uchar bohao,lvhao;
   5          extern bit zhixing;
   6          void fengming();
   7          void ajpd()
   8          {
   9   1        if(up==0)
  10   1        {
  11   2          delay(10);
  12   2          if(up==0)
  13   2          {
  14   3            while(up==0);
  15   3            fengming();
  16   3            switch(bohao)
  17   3            {
  18   4              case 1:
  19   4                bohao=2;led|=0x0e;bo2led=0;
  20   4              break;
  21   4              case 2:
  22   4                bohao=3;led|=0x0e;bo3led=0;
  23   4              break;
  24   4              case 3:
  25   4                bohao=0;led|=0x0e;
  26   4              break;
  27   4                case 0:
  28   4                bohao=1;led|=0x0e;bo1led=0;
  29   4              break;
  30   4            }
  31   3          }
  32   2          return;
  33   2        }
  34   1      else  if(down==0)
  35   1        {
  36   2          delay(10);
  37   2          if(down==0)
  38   2          {
  39   3            while(down==0);
  40   3            fengming();
  41   3            switch(lvhao)
  42   3            {
  43   4              case 0: 
  44   4                lvhao=1;led|=0x70;lv1led=0;
  45   4              break;
  46   4              case 1:
  47   4                lvhao=2;led|=0x70;lv2led=0;
  48   4              break;
  49   4              case 2:
  50   4                lvhao=3;led|=0x70;lv3led=0;
  51   4              break;
  52   4              case 3:
  53   4              lvhao=0;led|=0x70;
  54   4              break;
C51 COMPILER V9.59.0.0   ANJIAN                                                            01/11/2024 00:31:54 PAGE 2   

  55   4          }
  56   3        }
  57   2          return;
  58   2      }
  59   1      else  if(exit==0)
  60   1        {
  61   2          delay(10);
  62   2          if(exit==0)
  63   2          {
  64   3            while(exit==0);
  65   3            fengming();
  66   3            
  67   3          }
  68   2          return;
  69   2        }
  70   1      else if(ok==0)
  71   1        {
  72   2          delay(10);
  73   2          if(ok==0)
  74   2          {
  75   3            while(ok==0);
  76   3            fengming();
  77   3            zhixing=!zhixing;
  78   3            TR1=zhixing;
  79   3            switch(bohao)
  80   3            {
  81   4              case 2:
  82   4                bo2led=0;
  83   4              break;
  84   4              case 3:
  85   4                bo3led=0;
  86   4              break;
  87   4              case 1:
  88   4              bo1led=0;
  89   4              break;
  90   4            }
  91   3            switch(lvhao)
  92   3            {
  93   4              case 2:
  94   4                lv2led=0;
  95   4              break;
  96   4              case 3:
  97   4                lv3led=0;
  98   4              break;
  99   4              case 1:
 100   4                lv1led=0;
 101   4              break;
 102   4            }
 103   3        }
 104   2        return;
 105   2      }
 106   1        }
 107          void fengming()
 108          {
 109   1      //  feng=0;
 110   1        delay(10);
 111   1      //  feng=1;
 112   1        return;
 113   1      }
 114          
 115          
 116          ////¸¶Ö¾½Ý°å×Ó
C51 COMPILER V9.59.0.0   ANJIAN                                                            01/11/2024 00:31:54 PAGE 3   

 117          //#include <reg51.h>
 118          //#include "ange.h"
 119          //#include "anjian.h"
 120          //extern uchar bohao,lvhao;
 121          //extern bit zhixing;
 122          //void fengming();
 123          //void ajpd()
 124          //{
 125          //  if(up==0)
 126          //  {
 127          //    delay(5);
 128          //    if(up==0)
 129          //    {
 130          //      while(up==0);
 131          //      fengming();
 132          //      switch(bohao)
 133          //      {
 134          //        case 1:
 135          //          bohao=2;led|=0x07;bo2led=0;
 136          //        break;
 137          //        case 2:
 138          //          bohao=3;led|=0x07;bo3led=0;
 139          //        break;
 140          //        case 3:
 141          //          bohao=1;led|=0x07;bo1led=0;
 142          //        break;
 143          //      }
 144          //    }
 145          //    return;
 146          //  }
 147          //else  if(down==0)
 148          //  {
 149          //    delay(5);
 150          //    if(down==0)
 151          //    {
 152          //      while(down==0);
 153          //      fengming();
 154          //      switch(lvhao)
 155          //      {
 156          //        case 0: 
 157          //          lvhao=1;led|=0x38;lv1led=0;
 158          //        break;
 159          //        case 1:
 160          //          lvhao=2;led|=0x38;lv2led=0;
 161          //        break;
 162          //        case 2:
 163          //          lvhao=3;led|=0x38;lv3led=0;
 164          //        break;
 165          //        case 3:
 166          //        lvhao=0;led|=0x38;
 167          //        break;
 168          //    }
 169          //  }
 170          //    return;
 171          //}
 172          //else  if(exit==0)
 173          //  {
 174          //    delay(5);
 175          //    if(exit==0)
 176          //    {
 177          //      while(exit==0);
 178          //      fengming();
C51 COMPILER V9.59.0.0   ANJIAN                                                            01/11/2024 00:31:54 PAGE 4   

 179          //      
 180          //    }
 181          //    return;
 182          //  }
 183          //else if(ok==0)
 184          //  {
 185          //    delay(5);
 186          //    if(ok==0)
 187          //    {
 188          //      while(ok==0);
 189          //      fengming();
 190          //      zhixing=!zhixing;
 191          //      TR1=zhixing;
 192          //      switch(bohao)
 193          //      {
 194          //        case 2:
 195          //          bo2led=0;
 196          //        break;
 197          //        case 3:
 198          //          bo3led=0;
 199          //        break;
 200          //        case 1:
 201          //        bo1led=0;
 202          //        break;
 203          //      }
 204          //      switch(lvhao)
 205          //      {
 206          //        case 2:
 207          //          lv2led=0;
 208          //        break;
 209          //        case 3:
 210          //          lv3led=0;
 211          //        break;
 212          //        case 1:
 213          //          lv1led=0;
 214          //        break;
 215          //      }
 216          //  }
 217          //  return;
 218          //}
 219          //  }
 220          //void fengming()
 221          //{
 222          //  feng=0;
 223          //  delay(100);
 224          //  feng=1;
 225          //  return;
 226          //}


MODULE INFORMATION:   STATIC OVERLAYABLE
   CODE SIZE        =    239    ----
   CONSTANT SIZE    =   ----    ----
   XDATA SIZE       =   ----    ----
   PDATA SIZE       =   ----    ----
   DATA SIZE        =   ----    ----
   IDATA SIZE       =   ----    ----
   BIT SIZE         =   ----    ----
END OF MODULE INFORMATION.


C51 COMPILATION COMPLETE.  0 WARNING(S),  0 ERROR(S)
