Added Component: Designator=C3(CAP[103])
Added Component: Designator=C5(CAP[103])
Added Component: Designator=RP1(RES_PACK)
Added Pin To Net: NetName=NetA1_2 Pin=A1-4
Added Pin To Net: NetName=NetMAX1_5 Pin=C3-1
Added Pin To Net: NetName=NetA1_2 Pin=C3-2
Added Pin To Net: NetName=NetMAX1_6 Pin=C5-1
Added Pin To Net: NetName=NetA1_2 Pin=C5-2
Added Pin To Net: NetName=NetA1_2 Pin=D2-2
Added Pin To Net: NetName=NetA1_2 Pin=R2-1
Added Pin To Net: NetName=NetA1_2 Pin=R7-2
Added Pin To Net: NetName=NetA1_2 Pin=R8-1
Added Pin To Net: NetName=NetA1_2 Pin=R_VR1-3
Added Pin To Net: NetName=NetA1_2 Pin=R_VR2-3
Added Pin To Net: NetName=Net1_3 Pin=RP1-1
Added Pin To Net: NetName=NetA1_2 Pin=U2-10
Added Pin To Net: NetName=NetA1_2 Pin=U2-13
Added Pin To Net: NetName=NetA1_2 Pin=U3-16
Added Pin To Net: NetName=NetA1_2 Pin=YJ7-1
Added Pin To Net: NetName=NetA1_2 Pin=YJ7-2
Change Net Name : Old Net Name=NetMAX1_5 New Net Name=NetC3_1
Change Net Name : Old Net Name=NetMAX1_6 New Net Name=NetC5_1
Added Pin To Net: NetName=NetRP1_2 Pin=RP1-2
Added Pin To Net: NetName=NetRP1_2 Pin=U1-39
Added Pin To Net: NetName=NetRP1_2 Pin=U3-7
Added Net: Name=NetRP1_2
Added Pin To Net: NetName=NetRP1_3 Pin=RP1-3
Added Pin To Net: NetName=NetRP1_3 Pin=U1-38
Added Pin To Net: NetName=NetRP1_3 Pin=U3-8
Added Net: Name=NetRP1_3
Added Pin To Net: NetName=NetRP1_4 Pin=RP1-4
Added Pin To Net: NetName=NetRP1_4 Pin=U1-37
Added Pin To Net: NetName=NetRP1_4 Pin=U3-9
Added Net: Name=NetRP1_4
Added Pin To Net: NetName=NetRP1_5 Pin=RP1-5
Added Pin To Net: NetName=NetRP1_5 Pin=U1-36
Added Pin To Net: NetName=NetRP1_5 Pin=U3-10
Added Net: Name=NetRP1_5
Added Pin To Net: NetName=NetRP1_6 Pin=RP1-6
Added Pin To Net: NetName=NetRP1_6 Pin=U1-35
Added Pin To Net: NetName=NetRP1_6 Pin=U3-11
Added Net: Name=NetRP1_6
Added Pin To Net: NetName=NetRP1_7 Pin=RP1-7
Added Pin To Net: NetName=NetRP1_7 Pin=U1-34
Added Pin To Net: NetName=NetRP1_7 Pin=U3-12
Added Net: Name=NetRP1_7
Added Pin To Net: NetName=NetRP1_8 Pin=RP1-8
Added Pin To Net: NetName=NetRP1_8 Pin=U1-33
Added Pin To Net: NetName=NetRP1_8 Pin=U3-13
Added Net: Name=NetRP1_8
Added Pin To Net: NetName=NetRP1_9 Pin=RP1-9
Added Pin To Net: NetName=NetRP1_9 Pin=U1-32
Added Pin To Net: NetName=NetRP1_9 Pin=U3-14
Added Net: Name=NetRP1_9
Added Member To Class: ClassName=U2 Member=Component C3 CAP_ELEC
Added Member To Class: ClassName=U2 Member=Component C5 CAP_ELEC
Added Member To Class: ClassName=U2 Member=Component RP1 RES_PACK
Added Room: Name=ADDA
Added Room: Name=U1
Added Room: Name=U2
