Added Component: Designator=1(7SEG_8)
Added Component: Designator=A1(0509)
Added Component: Designator=C1(Cap-Dip)
Added Component: Designator=C2(Cap-Dip)
Added Component: Designator=C4(CAP[25V])
Added Component: Designator=D1(TO_92)
Added Component: Designator=D2(TO_92)
Added Component: Designator=HC1(DIP_16)
Added Component: Designator=K1(BigButton)
Added Component: Designator=K2(BigButton)
Added Component: Designator=K3(BigButton)
Added Component: Designator=K4(BigButton)
Added Component: Designator=K5(BigButton)
Added Component: Designator=MAX1(DIP_8)
Added Component: Designator=P1(H2.54_1X4)
Added Component: Designator=Q1(TO_92)
Added Component: Designator=Q2(TO_92)
Added Component: Designator=R1(RES_DIP)
Added Component: Designator=R2(RES_DIP)
Added Component: Designator=R3(RES_DIP)
Added Component: Designator=R4(RES_DIP)
Added Component: Designator=R5(RES_DIP)
Added Component: Designator=R6(RES_DIP)
Added Component: Designator=R7(RES_DIP)
Added Component: Designator=R8(RES_DIP)
Added Component: Designator=R9(RES_DIP)
Added Component: Designator=R_VR1(GUI_DA)
Added Component: Designator=R_VR2(RES_VR3296W)
Added Component: Designator=R_VR3(RES_VR3296W)
Added Component: Designator=U1(DIP_40)
Added Component: Designator=U2(DIP_20)
Added Component: Designator=U3(LCD1602)
Added Component: Designator=U4(DIP_8)
Added Component: Designator=U5(BEEP)
Added Component: Designator=X1(XTAL_DIP)
Added Component: Designator=YJ1(DIP2)
Added Component: Designator=YJ2(DIP2)
Added Component: Designator=YJ3(DIP2)
Added Component: Designator=YJ4(DIP2)
Added Component: Designator=YJ5(DIP2)
Added Component: Designator=YJ6(DIP2)
Added Component: Designator=YJ7(DIP2)
Added Component: Designator=YJ8(DIP2)
Added Component: Designator=YJ9(DIP2)
Added Pin To Net: NetName=A1 Pin=1-4
Added Pin To Net: NetName=A1 Pin=HC1-15
Added Net: Name=A1
Added Pin To Net: NetName=A2 Pin=1-5
Added Pin To Net: NetName=A2 Pin=HC1-1
Added Net: Name=A2
Added Pin To Net: NetName=A3 Pin=1-9
Added Pin To Net: NetName=A3 Pin=HC1-2
Added Net: Name=A3
Added Pin To Net: NetName=A4 Pin=1-7
Added Pin To Net: NetName=A4 Pin=HC1-3
Added Net: Name=A4
Added Pin To Net: NetName=A5 Pin=1-6
Added Pin To Net: NetName=A5 Pin=HC1-4
Added Net: Name=A5
Added Pin To Net: NetName=A6 Pin=1-2
Added Pin To Net: NetName=A6 Pin=HC1-5
Added Net: Name=A6
Added Pin To Net: NetName=A7 Pin=1-1
Added Pin To Net: NetName=A7 Pin=HC1-6
Added Net: Name=A7
Added Pin To Net: NetName=A8 Pin=1-10
Added Pin To Net: NetName=A8 Pin=HC1-7
Added Net: Name=A8
Added Pin To Net: NetName=Net1_3 Pin=1-3
Added Pin To Net: NetName=Net1_3 Pin=A1-1
Added Pin To Net: NetName=Net1_3 Pin=C4-1
Added Pin To Net: NetName=Net1_3 Pin=HC1-10
Added Pin To Net: NetName=Net1_3 Pin=HC1-16
Added Pin To Net: NetName=Net1_3 Pin=K2-2
Added Pin To Net: NetName=Net1_3 Pin=K2-2
Added Pin To Net: NetName=Net1_3 Pin=MAX1-3
Added Pin To Net: NetName=Net1_3 Pin=P1-1
Added Pin To Net: NetName=Net1_3 Pin=Q1-1
Added Pin To Net: NetName=Net1_3 Pin=Q2-1
Added Pin To Net: NetName=Net1_3 Pin=R_VR1-1
Added Pin To Net: NetName=Net1_3 Pin=R_VR2-1
Added Pin To Net: NetName=Net1_3 Pin=R_VR3-1
Added Pin To Net: NetName=Net1_3 Pin=U1-31
Added Pin To Net: NetName=Net1_3 Pin=U1-40
Added Pin To Net: NetName=Net1_3 Pin=U2-20
Added Pin To Net: NetName=Net1_3 Pin=U3-2
Added Net: Name=Net1_3
Added Pin To Net: NetName=NetA1_2 Pin=A1-2
Added Pin To Net: NetName=NetA1_2 Pin=C1-2
Added Pin To Net: NetName=NetA1_2 Pin=C2-2
Added Pin To Net: NetName=NetA1_2 Pin=HC1-8
Added Pin To Net: NetName=NetA1_2 Pin=HC1-13
Added Pin To Net: NetName=NetA1_2 Pin=K1-1
Added Pin To Net: NetName=NetA1_2 Pin=K1-1
Added Pin To Net: NetName=NetA1_2 Pin=K3-1
Added Pin To Net: NetName=NetA1_2 Pin=K3-1
Added Pin To Net: NetName=NetA1_2 Pin=K4-1
Added Pin To Net: NetName=NetA1_2 Pin=K4-1
Added Pin To Net: NetName=NetA1_2 Pin=K5-1
Added Pin To Net: NetName=NetA1_2 Pin=K5-1
Added Pin To Net: NetName=NetA1_2 Pin=MAX1-4
Added Pin To Net: NetName=NetA1_2 Pin=P1-4
Added Pin To Net: NetName=NetA1_2 Pin=R_VR3-3
Added Pin To Net: NetName=NetA1_2 Pin=U1-20
Added Pin To Net: NetName=NetA1_2 Pin=U3-1
Added Pin To Net: NetName=NetA1_2 Pin=U5-2
Added Net: Name=NetA1_2
Added Pin To Net: NetName=NetA1_3 Pin=A1-3
Added Pin To Net: NetName=NetA1_3 Pin=U4-4
Added Net: Name=NetA1_3
Added Pin To Net: NetName=NetA1_4 Pin=A1-4
Added Pin To Net: NetName=NetA1_4 Pin=D2-2
Added Pin To Net: NetName=NetA1_4 Pin=R7-2
Added Pin To Net: NetName=NetA1_4 Pin=R8-1
Added Pin To Net: NetName=NetA1_4 Pin=U2-13
Added Pin To Net: NetName=NetA1_4 Pin=YJ7-1
Added Pin To Net: NetName=NetA1_4 Pin=YJ7-2
Added Net: Name=NetA1_4
Added Pin To Net: NetName=NetA1_5 Pin=A1-5
Added Pin To Net: NetName=NetA1_5 Pin=R1-1
Added Pin To Net: NetName=NetA1_5 Pin=U4-8
Added Net: Name=NetA1_5
Added Pin To Net: NetName=NetC1_1 Pin=C1-1
Added Pin To Net: NetName=NetC1_1 Pin=U1-19
Added Pin To Net: NetName=NetC1_1 Pin=X1-1
Added Net: Name=NetC1_1
Added Pin To Net: NetName=NetC2_1 Pin=C2-1
Added Pin To Net: NetName=NetC2_1 Pin=U1-18
Added Pin To Net: NetName=NetC2_1 Pin=X1-2
Added Net: Name=NetC2_1
Added Pin To Net: NetName=NetC4_2 Pin=C4-2
Added Pin To Net: NetName=NetC4_2 Pin=K2-1
Added Pin To Net: NetName=NetC4_2 Pin=K2-1
Added Pin To Net: NetName=NetC4_2 Pin=R2-2
Added Pin To Net: NetName=NetC4_2 Pin=U1-9
Added Net: Name=NetC4_2
Added Pin To Net: NetName=NetD1_1 Pin=D1-1
Added Pin To Net: NetName=NetD1_1 Pin=D1-3
Added Pin To Net: NetName=NetD1_1 Pin=MAX1-7
Added Pin To Net: NetName=NetD1_1 Pin=R1-2
Added Pin To Net: NetName=NetD1_1 Pin=U2-14
Added Pin To Net: NetName=NetD1_1 Pin=YJ3-1
Added Pin To Net: NetName=NetD1_1 Pin=YJ3-2
Added Net: Name=NetD1_1
Added Pin To Net: NetName=NetD1_2 Pin=D1-2
Added Pin To Net: NetName=NetD1_2 Pin=D2-1
Added Pin To Net: NetName=NetD1_2 Pin=D2-3
Added Pin To Net: NetName=NetD1_2 Pin=R6-1
Added Pin To Net: NetName=NetD1_2 Pin=YJ4-1
Added Pin To Net: NetName=NetD1_2 Pin=YJ4-2
Added Net: Name=NetD1_2
Added Pin To Net: NetName=NetHC1_11 Pin=HC1-11
Added Pin To Net: NetName=NetHC1_11 Pin=U1-24
Added Net: Name=NetHC1_11
Added Pin To Net: NetName=NetHC1_12 Pin=HC1-12
Added Pin To Net: NetName=NetHC1_12 Pin=U1-25
Added Net: Name=NetHC1_12
Added Pin To Net: NetName=NetHC1_14 Pin=HC1-14
Added Pin To Net: NetName=NetHC1_14 Pin=U1-26
Added Net: Name=NetHC1_14
Added Pin To Net: NetName=NetK1_2 Pin=K1-2
Added Pin To Net: NetName=NetK1_2 Pin=K1-2
Added Pin To Net: NetName=NetK1_2 Pin=U1-17
Added Net: Name=NetK1_2
Added Pin To Net: NetName=NetK3_2 Pin=K3-2
Added Pin To Net: NetName=NetK3_2 Pin=K3-2
Added Pin To Net: NetName=NetK3_2 Pin=U1-16
Added Net: Name=NetK3_2
Added Pin To Net: NetName=NetK4_2 Pin=K4-2
Added Pin To Net: NetName=NetK4_2 Pin=K4-2
Added Pin To Net: NetName=NetK4_2 Pin=U1-15
Added Net: Name=NetK4_2
Added Pin To Net: NetName=NetK5_2 Pin=K5-2
Added Pin To Net: NetName=NetK5_2 Pin=K5-2
Added Pin To Net: NetName=NetK5_2 Pin=U1-14
Added Net: Name=NetK5_2
Added Pin To Net: NetName=NetMAX1_1 Pin=MAX1-1
Added Pin To Net: NetName=NetMAX1_1 Pin=U1-22
Added Net: Name=NetMAX1_1
Added Pin To Net: NetName=NetMAX1_2 Pin=MAX1-2
Added Pin To Net: NetName=NetMAX1_2 Pin=U1-21
Added Net: Name=NetMAX1_2
Added Pin To Net: NetName=NetMAX1_5 Pin=MAX1-5
Added Pin To Net: NetName=NetMAX1_5 Pin=YJ6-1
Added Pin To Net: NetName=NetMAX1_5 Pin=YJ6-2
Added Net: Name=NetMAX1_5
Added Pin To Net: NetName=NetMAX1_6 Pin=MAX1-6
Added Pin To Net: NetName=NetMAX1_6 Pin=R4-1
Added Pin To Net: NetName=NetMAX1_6 Pin=YJ5-1
Added Pin To Net: NetName=NetMAX1_6 Pin=YJ5-2
Added Net: Name=NetMAX1_6
Added Pin To Net: NetName=NetMAX1_8 Pin=MAX1-8
Added Pin To Net: NetName=NetMAX1_8 Pin=U1-23
Added Net: Name=NetMAX1_8
Added Pin To Net: NetName=NetP1_2 Pin=P1-2
Added Pin To Net: NetName=NetP1_2 Pin=U1-10
Added Net: Name=NetP1_2
Added Pin To Net: NetName=NetP1_3 Pin=P1-3
Added Pin To Net: NetName=NetP1_3 Pin=U1-11
Added Net: Name=NetP1_3
Added Pin To Net: NetName=NetQ1_2 Pin=Q1-2
Added Pin To Net: NetName=NetQ1_2 Pin=U1-28
Added Net: Name=NetQ1_2
Added Pin To Net: NetName=NetQ1_3 Pin=Q1-3
Added Pin To Net: NetName=NetQ1_3 Pin=U3-15
Added Net: Name=NetQ1_3
Added Pin To Net: NetName=NetQ2_2 Pin=Q2-2
Added Pin To Net: NetName=NetQ2_2 Pin=U1-27
Added Net: Name=NetQ2_2
Added Pin To Net: NetName=NetQ2_3 Pin=Q2-3
Added Pin To Net: NetName=NetQ2_3 Pin=R9-2
Added Net: Name=NetQ2_3
Added Pin To Net: NetName=NetR2_1 Pin=R2-1
Added Pin To Net: NetName=NetR2_1 Pin=R_VR1-3
Added Pin To Net: NetName=NetR2_1 Pin=R_VR2-3
Added Pin To Net: NetName=NetR2_1 Pin=U2-10
Added Net: Name=NetR2_1
Added Pin To Net: NetName=NetR3_1 Pin=R3-1
Added Pin To Net: NetName=NetR3_1 Pin=R4-2
Added Pin To Net: NetName=NetR3_1 Pin=U4-2
Added Net: Name=NetR3_1
Added Pin To Net: NetName=NetR3_2 Pin=R3-2
Added Pin To Net: NetName=NetR3_2 Pin=R5-2
Added Pin To Net: NetName=NetR3_2 Pin=U4-1
Added Pin To Net: NetName=NetR3_2 Pin=YJ1-1
Added Pin To Net: NetName=NetR3_2 Pin=YJ1-2
Added Net: Name=NetR3_2
Added Pin To Net: NetName=NetR5_1 Pin=R5-1
Added Pin To Net: NetName=NetR5_1 Pin=R6-2
Added Pin To Net: NetName=NetR5_1 Pin=U4-6
Added Net: Name=NetR5_1
Added Pin To Net: NetName=NetR7_1 Pin=R7-1
Added Pin To Net: NetName=NetR7_1 Pin=U4-3
Added Net: Name=NetR7_1
Added Pin To Net: NetName=NetR8_2 Pin=R8-2
Added Pin To Net: NetName=NetR8_2 Pin=U4-5
Added Net: Name=NetR8_2
Added Pin To Net: NetName=NetR9_1 Pin=R9-1
Added Pin To Net: NetName=NetR9_1 Pin=U5-1
Added Net: Name=NetR9_1
Added Pin To Net: NetName=NetR_VR1_2 Pin=R_VR1-2
Added Pin To Net: NetName=NetR_VR1_2 Pin=U2-1
Added Pin To Net: NetName=NetR_VR1_2 Pin=YJ8-1
Added Pin To Net: NetName=NetR_VR1_2 Pin=YJ8-2
Added Net: Name=NetR_VR1_2
Added Pin To Net: NetName=NetR_VR2_2 Pin=R_VR2-2
Added Pin To Net: NetName=NetR_VR2_2 Pin=U2-2
Added Pin To Net: NetName=NetR_VR2_2 Pin=YJ9-1
Added Pin To Net: NetName=NetR_VR2_2 Pin=YJ9-2
Added Net: Name=NetR_VR2_2
Added Pin To Net: NetName=NetR_VR3_2 Pin=R_VR3-2
Added Pin To Net: NetName=NetR_VR3_2 Pin=U3-3
Added Net: Name=NetR_VR3_2
Added Pin To Net: NetName=NetU1_1 Pin=U1-1
Added Pin To Net: NetName=NetU1_1 Pin=U3-6
Added Net: Name=NetU1_1
Added Pin To Net: NetName=NetU1_2 Pin=U1-2
Added Pin To Net: NetName=NetU1_2 Pin=U3-5
Added Net: Name=NetU1_2
Added Pin To Net: NetName=NetU1_3 Pin=U1-3
Added Pin To Net: NetName=NetU1_3 Pin=U3-4
Added Net: Name=NetU1_3
Added Pin To Net: NetName=NetU1_4 Pin=U1-4
Added Pin To Net: NetName=NetU1_4 Pin=U2-16
Added Net: Name=NetU1_4
Added Pin To Net: NetName=NetU1_5 Pin=U1-5
Added Pin To Net: NetName=NetU1_5 Pin=U2-17
Added Net: Name=NetU1_5
Added Pin To Net: NetName=NetU1_6 Pin=U1-6
Added Pin To Net: NetName=NetU1_6 Pin=U2-15
Added Net: Name=NetU1_6
Added Pin To Net: NetName=NetU1_7 Pin=U1-7
Added Pin To Net: NetName=NetU1_7 Pin=U2-18
Added Net: Name=NetU1_7
Added Pin To Net: NetName=NetU1_8 Pin=U1-8
Added Pin To Net: NetName=NetU1_8 Pin=U2-19
Added Net: Name=NetU1_8
Added Pin To Net: NetName=NetU1_32 Pin=U1-32
Added Pin To Net: NetName=NetU1_32 Pin=U3-14
Added Net: Name=NetU1_32
Added Pin To Net: NetName=NetU1_33 Pin=U1-33
Added Pin To Net: NetName=NetU1_33 Pin=U3-13
Added Net: Name=NetU1_33
Added Pin To Net: NetName=NetU1_34 Pin=U1-34
Added Pin To Net: NetName=NetU1_34 Pin=U3-12
Added Net: Name=NetU1_34
Added Pin To Net: NetName=NetU1_35 Pin=U1-35
Added Pin To Net: NetName=NetU1_35 Pin=U3-11
Added Net: Name=NetU1_35
Added Pin To Net: NetName=NetU1_36 Pin=U1-36
Added Pin To Net: NetName=NetU1_36 Pin=U3-10
Added Net: Name=NetU1_36
Added Pin To Net: NetName=NetU1_37 Pin=U1-37
Added Pin To Net: NetName=NetU1_37 Pin=U3-9
Added Net: Name=NetU1_37
Added Pin To Net: NetName=NetU1_38 Pin=U1-38
Added Pin To Net: NetName=NetU1_38 Pin=U3-8
Added Net: Name=NetU1_38
Added Pin To Net: NetName=NetU1_39 Pin=U1-39
Added Pin To Net: NetName=NetU1_39 Pin=U3-7
Added Net: Name=NetU1_39
Added Pin To Net: NetName=NetU4_7 Pin=U4-7
Added Pin To Net: NetName=NetU4_7 Pin=YJ2-1
Added Pin To Net: NetName=NetU4_7 Pin=YJ2-2
Added Net: Name=NetU4_7
Added Class: Name=ADDA
Added Class: Name=U1
Added Class: Name=U2
Added Room: Name=ADDA
Added Room: Name=U1
Added Room: Name=U2
