Removed Pin From Net: NetName=NetK6_2 Pin=U1-14
Removed Pin From Net: NetName=NetK5_2 Pin=U1-15
Removed Pin From Net: NetName=NetK4_2 Pin=U1-16
Removed Pin From Net: NetName=NetK3_2 Pin=U1-17
Added Pin To Net: NetName=NetK5_2 Pin=U1-21
Added Pin To Net: NetName=NetK6_2 Pin=U1-22
Added Pin To Net: NetName=NetK4_2 Pin=U1-23
Added Pin To Net: NetName=NetK3_2 Pin=U1-24
Added Pin To Net: NetName=NetU1_13 Pin=U1-13
Added Pin To Net: NetName=NetU1_13 Pin=U2-19
Added Net: Name=NetU1_13
Added Pin To Net: NetName=NetU1_14 Pin=U1-14
Added Pin To Net: NetName=NetU1_14 Pin=U2-18
Added Net: Name=NetU1_14
Added Pin To Net: NetName=NetU1_15 Pin=U1-15
Added Pin To Net: NetName=NetU1_15 Pin=U2-17
Added Net: Name=NetU1_15
Added Pin To Net: NetName=NetU1_16 Pin=U1-16
Added Pin To Net: NetName=NetU1_16 Pin=U2-16
Added Net: Name=NetU1_16
Added Pin To Net: NetName=NetU1_17 Pin=U1-17
Added Pin To Net: NetName=NetU1_17 Pin=U2-15
Added Net: Name=NetU1_17
Added Room: Name=ADDA
Added Room: Name=U1
Added Room: Name=U2
