Change Component Designator: Old Designator=? New Designator=1
Change Component Designator: Old Designator=HC? New Designator=HC1
Change Component Designator: Old Designator=MAX? New Designator=MAX1
Change Component Designator: Old Designator=Q? New Designator=Q1
Change Component Designator: Old Designator=Q? New Designator=Q2
Change Component Designator: Old Designator=R? New Designator=R3
Change Component Designator: Old Designator=R? New Designator=R4
Change Component Designator: Old Designator=R? New Designator=R5
Change Component Designator: Old Designator=R? New Designator=R6
Change Component Designator: Old Designator=R? New Designator=R7
Change Component Designator: Old Designator=R? New Designator=R8
Change Component Designator: Old Designator=R? New Designator=R9
Change Component Designator: Old Designator=R_VR? New Designator=R_VR3
Change Component Designator: Old Designator=U? New Designator=U3
Change Component Designator: Old Designator=U? New Designator=U4
Change Component Designator: Old Designator=U? New Designator=U5
Change Component Designator: Old Designator=YJ? New Designator=YJ1
Change Component Designator: Old Designator=YJ? New Designator=YJ2
Change Component Designator: Old Designator=YJ? New Designator=YJ3
Change Component Designator: Old Designator=YJ? New Designator=YJ4
Change Component Designator: Old Designator=YJ? New Designator=YJ5
Change Component Designator: Old Designator=YJ? New Designator=YJ6
Change Component Designator: Old Designator=YJ? New Designator=YJ7
