Removed Pin From Net: NetName=NetC3_1 Pin=C3-1
Removed Pin From Net: NetName=NetA1_2 Pin=C3-2
Removed Member From Class: ClassName=U2 Member=C3
Removed Member From Class: ClassName=U1 Member=C4
Removed Member From Class: ClassName=U2 Member=YJ6
Change Component Designator: OldDesignator=C1 NewDesignator=C3
Change Component Designator: OldDesignator=C4 NewDesignator=C1
Change Component Designator: OldDesignator=K1 NewDesignator=K3
Change Component Designator: OldDesignator=K3 NewDesignator=K4
Change Component Designator: OldDesignator=K4 NewDesignator=K5
Change Component Designator: OldDesignator=K5 NewDesignator=K6
Change Component Designator: OldDesignator=K6 NewDesignator=K1
Change Component Designator: OldDesignator=P1 NewDesignator=P2
Change Component Designator: OldDesignator=P2 NewDesignator=P1
Change Component Designator: OldDesignator=R1 NewDesignator=R2
Change Component Designator: OldDesignator=R2 NewDesignator=R1
Change Component Designator: OldDesignator=R3 NewDesignator=R12
Change Component Designator: OldDesignator=R4 NewDesignator=R13
Change Component Designator: OldDesignator=R5 NewDesignator=R17
Change Component Designator: OldDesignator=R6 NewDesignator=R18
Change Component Designator: OldDesignator=R7 NewDesignator=R14
Change Component Designator: OldDesignator=R8 NewDesignator=R15
Change Component Designator: OldDesignator=R9 NewDesignator=R3
Change Component Designator: OldDesignator=R10 NewDesignator=R16
Change Component Designator: OldDesignator=R11 NewDesignator=R4
Change Component Designator: OldDesignator=R12 NewDesignator=R5
Change Component Designator: OldDesignator=R13 NewDesignator=R6
Change Component Designator: OldDesignator=R14 NewDesignator=R7
Change Component Designator: OldDesignator=R15 NewDesignator=R8
Change Component Designator: OldDesignator=R16 NewDesignator=R9
Change Component Designator: OldDesignator=R17 NewDesignator=R10
Change Component Designator: OldDesignator=R18 NewDesignator=R11
Change Component Designator: OldDesignator=U4 NewDesignator=U5
Change Component Designator: OldDesignator=U5 NewDesignator=U4
Change Component Designator: OldDesignator=YJ1 NewDesignator=YJ6
Change Component Designator: OldDesignator=YJ2 NewDesignator=YJ8
Change Component Designator: OldDesignator=YJ3 NewDesignator=YJ5
Change Component Designator: OldDesignator=YJ4 NewDesignator=YJ9
Change Component Designator: OldDesignator=YJ5 NewDesignator=YJ3
Change Component Designator: OldDesignator=YJ6 NewDesignator=YJ4
Change Component Designator: OldDesignator=YJ8 NewDesignator=YJ1
Change Component Designator: OldDesignator=YJ9 NewDesignator=YJ2
Added Component: Designator=2(7SEG_8)
Added Component: Designator=C4(CAP[16V])
Added Component: Designator=HC2(DIP_16)
Added Component: Designator=R19(RES_DIP)
Added Component: Designator=R20(RES_DIP)
Added Component: Designator=R21(RES_DIP)
Added Component: Designator=R22(RES_DIP)
Added Component: Designator=R23(RES_DIP)
Added Component: Designator=R24(RES_DIP)
Added Component: Designator=R25(RES_DIP)
Added Component: Designator=R26(RES_DIP)
Added Pin To Net: NetName=Net1_3 Pin=2-3
Added Pin To Net: NetName=NetC3_1 Pin=C4-1
Added Pin To Net: NetName=NetA1_2 Pin=C4-2
Added Pin To Net: NetName=NetA1_2 Pin=HC2-8
Added Pin To Net: NetName=Net1_3 Pin=HC2-10
Added Pin To Net: NetName=NetHC1_11 Pin=HC2-11
Added Pin To Net: NetName=NetHC1_12 Pin=HC2-12
Added Pin To Net: NetName=NetA1_2 Pin=HC2-13
Added Pin To Net: NetName=Net1_3 Pin=HC2-16
Change Net Name : Old Net Name=NetC1_1 New Net Name=NetC3_1
Change Net Name : Old Net Name=NetC3_1 New Net Name=NetC4_1
Change Net Name : Old Net Name=NetC4_2 New Net Name=NetC1_2
Change Net Name : Old Net Name=NetK1_2 New Net Name=NetK3_2
Change Net Name : Old Net Name=NetK3_2 New Net Name=NetK4_2
Change Net Name : Old Net Name=NetK4_2 New Net Name=NetK5_2
Change Net Name : Old Net Name=NetK5_2 New Net Name=NetK6_2
Change Net Name : Old Net Name=NetK6_2 New Net Name=NetK1_2
Change Net Name : Old Net Name=NetP1_2 New Net Name=NetP2_2
Change Net Name : Old Net Name=NetR3_1 New Net Name=NetR12_1
Change Net Name : Old Net Name=NetR3_2 New Net Name=NetR12_2
Change Net Name : Old Net Name=NetR5_1 New Net Name=NetR16_1
Change Net Name : Old Net Name=NetR7_1 New Net Name=NetR14_1
Change Net Name : Old Net Name=NetR8_2 New Net Name=NetR15_2
Change Net Name : Old Net Name=NetR9_1 New Net Name=NetR3_1
Change Net Name : Old Net Name=NetR10_2 New Net Name=NetR16_2
Added Pin To Net: NetName=B1 Pin=HC2-15
Added Pin To Net: NetName=B1 Pin=R19-1
Added Net: Name=B1
Added Pin To Net: NetName=B2 Pin=HC2-1
Added Pin To Net: NetName=B2 Pin=R20-1
Added Net: Name=B2
Added Pin To Net: NetName=B3 Pin=HC2-2
Added Pin To Net: NetName=B3 Pin=R21-1
Added Net: Name=B3
Added Pin To Net: NetName=B4 Pin=HC2-3
Added Pin To Net: NetName=B4 Pin=R22-1
Added Net: Name=B4
Added Pin To Net: NetName=B5 Pin=HC2-4
Added Pin To Net: NetName=B5 Pin=R23-1
Added Net: Name=B5
Added Pin To Net: NetName=B6 Pin=HC2-5
Added Pin To Net: NetName=B6 Pin=R24-1
Added Net: Name=B6
Added Pin To Net: NetName=B7 Pin=HC2-6
Added Pin To Net: NetName=B7 Pin=R25-1
Added Net: Name=B7
Added Pin To Net: NetName=B8 Pin=HC2-7
Added Pin To Net: NetName=B8 Pin=R26-1
Added Net: Name=B8
Added Pin To Net: NetName=Net2_1 Pin=2-1
Added Pin To Net: NetName=Net2_1 Pin=R25-2
Added Net: Name=Net2_1
Added Pin To Net: NetName=Net2_2 Pin=2-2
Added Pin To Net: NetName=Net2_2 Pin=R24-2
Added Net: Name=Net2_2
Added Pin To Net: NetName=Net2_4 Pin=2-4
Added Pin To Net: NetName=Net2_4 Pin=R19-2
Added Net: Name=Net2_4
Added Pin To Net: NetName=Net2_5 Pin=2-5
Added Pin To Net: NetName=Net2_5 Pin=R20-2
Added Net: Name=Net2_5
Added Pin To Net: NetName=Net2_6 Pin=2-6
Added Pin To Net: NetName=Net2_6 Pin=R23-2
Added Net: Name=Net2_6
Added Pin To Net: NetName=Net2_7 Pin=2-7
Added Pin To Net: NetName=Net2_7 Pin=R22-2
Added Net: Name=Net2_7
Added Pin To Net: NetName=Net2_9 Pin=2-9
Added Pin To Net: NetName=Net2_9 Pin=R21-2
Added Net: Name=Net2_9
Added Pin To Net: NetName=Net2_10 Pin=2-10
Added Pin To Net: NetName=Net2_10 Pin=R26-2
Added Net: Name=Net2_10
Added Pin To Net: NetName=NetHC1_9 Pin=HC1-9
Added Pin To Net: NetName=NetHC1_9 Pin=HC2-14
Added Net: Name=NetHC1_9
Added Member To Class: ClassName=U2 Member=Component 2 DPY_RED
Added Member To Class: ClassName=U1 Member=Component C3 CAP
Added Member To Class: ClassName=U2 Member=Component C4 CAP_ELEC
Added Member To Class: ClassName=U2 Member=Component HC2 74HC595
Added Member To Class: ClassName=U2 Member=Component R19 RES
Added Member To Class: ClassName=U2 Member=Component R20 RES
Added Member To Class: ClassName=U2 Member=Component R21 RES
Added Member To Class: ClassName=U2 Member=Component R22 RES
Added Member To Class: ClassName=U2 Member=Component R23 RES
Added Member To Class: ClassName=U2 Member=Component R24 RES
Added Member To Class: ClassName=U2 Member=Component R25 RES
Added Member To Class: ClassName=U2 Member=Component R26 RES
Added Member To Class: ClassName=U2 Member=Component YJ9 2.5
Added Room: Name=ADDA
Added Room: Name=U1
Added Room: Name=U2
