Removed Pin From Net: NetName=Net1_3 Pin=1-3
Removed Pin From Net: NetName=Net1_3 Pin=2-3
Removed Pin From Net: NetName=Net1_3 Pin=HC1-10
Removed Pin From Net: NetName=Net1_3 Pin=HC1-16
Removed Pin From Net: NetName=Net1_3 Pin=HC2-10
Removed Pin From Net: NetName=Net1_3 Pin=HC2-16
Change Component Designator: OldDesignator=R3 NewDesignator=R11
Change Component Designator: OldDesignator=R4 NewDesignator=R3
Change Component Designator: OldDesignator=R5 NewDesignator=R4
Change Component Designator: OldDesignator=R6 NewDesignator=R5
Change Component Designator: OldDesignator=R7 NewDesignator=R6
Change Component Designator: OldDesignator=R8 NewDesignator=R7
Change Component Designator: OldDesignator=R9 NewDesignator=R8
Change Component Designator: OldDesignator=R10 NewDesignator=R9
Change Component Designator: OldDesignator=R11 NewDesignator=R10
Change Component Designator: OldDesignator=R12 NewDesignator=R20
Change Component Designator: OldDesignator=R13 NewDesignator=R21
Change Component Designator: OldDesignator=R14 NewDesignator=R22
Change Component Designator: OldDesignator=R15 NewDesignator=R31
Change Component Designator: OldDesignator=R16 NewDesignator=R32
Change Component Designator: OldDesignator=R17 NewDesignator=R33
Change Component Designator: OldDesignator=R18 NewDesignator=R34
Change Component Designator: OldDesignator=R19 NewDesignator=R12
Change Component Designator: OldDesignator=R20 NewDesignator=R13
Change Component Designator: OldDesignator=R21 NewDesignator=R14
Change Component Designator: OldDesignator=R22 NewDesignator=R15
Change Component Designator: OldDesignator=R23 NewDesignator=R16
Change Component Designator: OldDesignator=R24 NewDesignator=R17
Change Component Designator: OldDesignator=R25 NewDesignator=R18
Change Component Designator: OldDesignator=R26 NewDesignator=R19
Added Component: Designator=3(7SEG_8)
Added Component: Designator=4(7SEG_8)
Added Component: Designator=HC3(DIP_16)
Added Component: Designator=HC4(DIP_16)
Added Component: Designator=R23(RES_DIP)
Added Component: Designator=R24(RES_DIP)
Added Component: Designator=R25(RES_DIP)
Added Component: Designator=R26(RES_DIP)
Added Component: Designator=R27(RES_DIP)
Added Component: Designator=R28(RES_DIP)
Added Component: Designator=R29(RES_DIP)
Added Component: Designator=R30(RES_DIP)
Added Component: Designator=R35(RES_DIP)
Added Component: Designator=R36(RES_DIP)
Added Component: Designator=R37(RES_DIP)
Added Component: Designator=R38(RES_DIP)
Added Component: Designator=R39(RES_DIP)
Added Component: Designator=R40(RES_DIP)
Added Component: Designator=R41(RES_DIP)
Added Component: Designator=R42(RES_DIP)
Added Pin To Net: NetName=NetA1_2 Pin=HC3-8
Added Pin To Net: NetName=NetHC1_11 Pin=HC3-11
Added Pin To Net: NetName=NetHC1_12 Pin=HC3-12
Added Pin To Net: NetName=NetA1_2 Pin=HC3-13
Added Pin To Net: NetName=NetA1_2 Pin=HC4-8
Added Pin To Net: NetName=NetHC1_11 Pin=HC4-11
Added Pin To Net: NetName=NetHC1_12 Pin=HC4-12
Added Pin To Net: NetName=NetA1_2 Pin=HC4-13
Change Net Name : Old Net Name=Net1_3 New Net Name=NetA1_1
Change Net Name : Old Net Name=NetA1_2 New Net Name=END
Change Net Name : Old Net Name=NetHC1_9 New Net Name=Q1
Change Net Name : Old Net Name=NetHC1_11 New Net Name=595HCLK
Change Net Name : Old Net Name=NetHC1_12 New Net Name=595LCLK
Change Net Name : Old Net Name=NetR3_1 New Net Name=NetR11_1
Change Net Name : Old Net Name=NetR12_1 New Net Name=NetR20_1
Change Net Name : Old Net Name=NetR12_2 New Net Name=NetR20_2
Change Net Name : Old Net Name=NetR14_1 New Net Name=NetR22_1
Change Net Name : Old Net Name=NetR15_2 New Net Name=NetR31_2
Change Net Name : Old Net Name=NetR16_1 New Net Name=NetR32_1
Change Net Name : Old Net Name=NetR16_2 New Net Name=NetR32_2
Added Pin To Net: NetName=C1 Pin=HC3-15
Added Pin To Net: NetName=C1 Pin=R30-1
Added Net: Name=C1
Added Pin To Net: NetName=C2 Pin=HC3-1
Added Pin To Net: NetName=C2 Pin=R24-1
Added Net: Name=C2
Added Pin To Net: NetName=C3 Pin=HC3-2
Added Pin To Net: NetName=C3 Pin=R23-1
Added Net: Name=C3
Added Pin To Net: NetName=C4 Pin=HC3-3
Added Pin To Net: NetName=C4 Pin=R26-1
Added Net: Name=C4
Added Pin To Net: NetName=C5 Pin=HC3-4
Added Pin To Net: NetName=C5 Pin=R27-1
Added Net: Name=C5
Added Pin To Net: NetName=C6 Pin=HC3-5
Added Pin To Net: NetName=C6 Pin=R29-1
Added Net: Name=C6
Added Pin To Net: NetName=C7 Pin=HC3-6
Added Pin To Net: NetName=C7 Pin=R28-1
Added Net: Name=C7
Added Pin To Net: NetName=C8 Pin=HC3-7
Added Pin To Net: NetName=C8 Pin=R25-1
Added Net: Name=C8
Added Pin To Net: NetName=D1 Pin=HC4-15
Added Pin To Net: NetName=D1 Pin=R42-1
Added Net: Name=D1
Added Pin To Net: NetName=D2 Pin=HC4-1
Added Pin To Net: NetName=D2 Pin=R36-1
Added Net: Name=D2
Added Pin To Net: NetName=D3 Pin=HC4-2
Added Pin To Net: NetName=D3 Pin=R35-1
Added Net: Name=D3
Added Pin To Net: NetName=D4 Pin=HC4-3
Added Pin To Net: NetName=D4 Pin=R38-1
Added Net: Name=D4
Added Pin To Net: NetName=D5 Pin=HC4-4
Added Pin To Net: NetName=D5 Pin=R39-1
Added Net: Name=D5
Added Pin To Net: NetName=D6 Pin=HC4-5
Added Pin To Net: NetName=D6 Pin=R41-1
Added Net: Name=D6
Added Pin To Net: NetName=D7 Pin=HC4-6
Added Pin To Net: NetName=D7 Pin=R40-1
Added Net: Name=D7
Added Pin To Net: NetName=D8 Pin=HC4-7
Added Pin To Net: NetName=D8 Pin=R37-1
Added Net: Name=D8
Added Pin To Net: NetName=Net3_1 Pin=3-1
Added Pin To Net: NetName=Net3_1 Pin=R29-2
Added Net: Name=Net3_1
Added Pin To Net: NetName=Net3_2 Pin=3-2
Added Pin To Net: NetName=Net3_2 Pin=R28-2
Added Net: Name=Net3_2
Added Pin To Net: NetName=Net3_4 Pin=3-4
Added Pin To Net: NetName=Net3_4 Pin=R23-2
Added Net: Name=Net3_4
Added Pin To Net: NetName=Net3_5 Pin=3-5
Added Pin To Net: NetName=Net3_5 Pin=R24-2
Added Net: Name=Net3_5
Added Pin To Net: NetName=Net3_6 Pin=3-6
Added Pin To Net: NetName=Net3_6 Pin=R27-2
Added Net: Name=Net3_6
Added Pin To Net: NetName=Net3_7 Pin=3-7
Added Pin To Net: NetName=Net3_7 Pin=R26-2
Added Net: Name=Net3_7
Added Pin To Net: NetName=Net3_9 Pin=3-9
Added Pin To Net: NetName=Net3_9 Pin=R25-2
Added Net: Name=Net3_9
Added Pin To Net: NetName=Net3_10 Pin=3-10
Added Pin To Net: NetName=Net3_10 Pin=R30-2
Added Net: Name=Net3_10
Added Pin To Net: NetName=Net4_1 Pin=4-1
Added Pin To Net: NetName=Net4_1 Pin=R41-2
Added Net: Name=Net4_1
Added Pin To Net: NetName=Net4_2 Pin=4-2
Added Pin To Net: NetName=Net4_2 Pin=R40-2
Added Net: Name=Net4_2
Added Pin To Net: NetName=Net4_4 Pin=4-4
Added Pin To Net: NetName=Net4_4 Pin=R35-2
Added Net: Name=Net4_4
Added Pin To Net: NetName=Net4_5 Pin=4-5
Added Pin To Net: NetName=Net4_5 Pin=R36-2
Added Net: Name=Net4_5
Added Pin To Net: NetName=Net4_6 Pin=4-6
Added Pin To Net: NetName=Net4_6 Pin=R39-2
Added Net: Name=Net4_6
Added Pin To Net: NetName=Net4_7 Pin=4-7
Added Pin To Net: NetName=Net4_7 Pin=R38-2
Added Net: Name=Net4_7
Added Pin To Net: NetName=Net4_9 Pin=4-9
Added Pin To Net: NetName=Net4_9 Pin=R37-2
Added Net: Name=Net4_9
Added Pin To Net: NetName=Net4_10 Pin=4-10
Added Pin To Net: NetName=Net4_10 Pin=R42-2
Added Net: Name=Net4_10
Added Pin To Net: NetName=Q2 Pin=HC3-14
Added Net: Name=Q2
Added Pin To Net: NetName=Q3 Pin=HC3-9
Added Pin To Net: NetName=Q3 Pin=HC4-14
Added Net: Name=Q3
Added Pin To Net: NetName=Q4 Pin=HC4-9
Added Net: Name=Q4
Added Pin To Net: NetName=VCC Pin=1-3
Added Pin To Net: NetName=VCC Pin=2-3
Added Pin To Net: NetName=VCC Pin=3-3
Added Pin To Net: NetName=VCC Pin=4-3
Added Pin To Net: NetName=VCC Pin=HC1-10
Added Pin To Net: NetName=VCC Pin=HC1-16
Added Pin To Net: NetName=VCC Pin=HC2-10
Added Pin To Net: NetName=VCC Pin=HC2-16
Added Pin To Net: NetName=VCC Pin=HC3-10
Added Pin To Net: NetName=VCC Pin=HC3-16
Added Pin To Net: NetName=VCC Pin=HC4-10
Added Pin To Net: NetName=VCC Pin=HC4-16
Added Net: Name=VCC
Added Member To Class: ClassName=U2 Member=Component 3 DPY_RED
Added Member To Class: ClassName=U2 Member=Component 4 DPY_RED
Added Member To Class: ClassName=U2 Member=Component HC3 74HC595
Added Member To Class: ClassName=U2 Member=Component HC4 74HC595
Added Member To Class: ClassName=U2 Member=Component R27 RES
Added Member To Class: ClassName=U2 Member=Component R28 RES
Added Member To Class: ClassName=U2 Member=Component R29 RES
Added Member To Class: ClassName=U2 Member=Component R30 RES
Added Member To Class: ClassName=U2 Member=Component R31 50K
Added Member To Class: ClassName=U2 Member=Component R32 21K
Added Member To Class: ClassName=U2 Member=Component R33 21K
Added Member To Class: ClassName=U2 Member=Component R34 21K
Added Member To Class: ClassName=U2 Member=Component R35 RES
Added Member To Class: ClassName=U2 Member=Component R36 RES
Added Member To Class: ClassName=U2 Member=Component R37 RES
Added Member To Class: ClassName=U2 Member=Component R38 RES
Added Member To Class: ClassName=U2 Member=Component R39 RES
Added Member To Class: ClassName=U2 Member=Component R40 RES
Added Member To Class: ClassName=U2 Member=Component R41 RES
Added Member To Class: ClassName=U2 Member=Component R42 RES
Added Room: Name=ADDA
Added Room: Name=U1
Added Room: Name=U2
