Removed Pin From Net: NetName=END Pin=A1-2
Removed Pin From Net: NetName=END Pin=C2-2
Removed Pin From Net: NetName=END Pin=C3-2
Removed Pin From Net: NetName=END Pin=K3-1
Removed Pin From Net: NetName=END Pin=K3-1
Removed Pin From Net: NetName=END Pin=K4-1
Removed Pin From Net: NetName=END Pin=K4-1
Removed Pin From Net: NetName=END Pin=K5-1
Removed Pin From Net: NetName=END Pin=K5-1
Removed Pin From Net: NetName=END Pin=K6-1
Removed Pin From Net: NetName=END Pin=K6-1
Removed Pin From Net: NetName=END Pin=P1-3
Removed Pin From Net: NetName=NetHC1_14 Pin=P2-3
Removed Pin From Net: NetName=END Pin=P2-4
Removed Pin From Net: NetName=END Pin=R1-1
Removed Pin From Net: NetName=NetHC1_14 Pin=U1-11
Removed Pin From Net: NetName=595LCLK Pin=U1-12
Removed Pin From Net: NetName=595HCLK Pin=U1-13
Removed Pin From Net: NetName=END Pin=U1-20
Removed Pin From Net: NetName=NetQ2_2 Pin=U1-27
Removed Pin From Net: NetName=END Pin=U2-10
Added Component: Designator=RP1(RES_PACK)
Added Component: Designator=YJ10(DIP2)
Added Pin To Net: NetName=NetA1_1 Pin=RP1-1
Added Pin To Net: NetName=NetQ2_2 Pin=RP1-2
Added Pin To Net: NetName=595HCLK Pin=U1-1
Added Pin To Net: NetName=595LCLK Pin=U1-2
Added Pin To Net: NetName=NetHC1_14 Pin=U1-3
Added Pin To Net: NetName=NetQ2_2 Pin=U1-39
Added Pin To Net: NetName=END Pin=YJ10-1
Added Pin To Net: NetName=END Pin=YJ10-2
Added Pin To Net: NetName=NetA1_2 Pin=A1-2
Added Pin To Net: NetName=NetA1_2 Pin=C2-2
Added Pin To Net: NetName=NetA1_2 Pin=C3-2
Added Pin To Net: NetName=NetA1_2 Pin=K3-1
Added Pin To Net: NetName=NetA1_2 Pin=K3-1
Added Pin To Net: NetName=NetA1_2 Pin=K4-1
Added Pin To Net: NetName=NetA1_2 Pin=K4-1
Added Pin To Net: NetName=NetA1_2 Pin=K5-1
Added Pin To Net: NetName=NetA1_2 Pin=K5-1
Added Pin To Net: NetName=NetA1_2 Pin=K6-1
Added Pin To Net: NetName=NetA1_2 Pin=K6-1
Added Pin To Net: NetName=NetA1_2 Pin=P1-3
Added Pin To Net: NetName=NetA1_2 Pin=P2-4
Added Pin To Net: NetName=NetA1_2 Pin=R1-1
Added Pin To Net: NetName=NetA1_2 Pin=U1-20
Added Pin To Net: NetName=NetA1_2 Pin=U2-10
Added Net: Name=NetA1_2
Added Pin To Net: NetName=NetP2_3 Pin=P2-3
Added Pin To Net: NetName=NetP2_3 Pin=U1-11
Added Net: Name=NetP2_3
Added Pin To Net: NetName=NetRP1_3 Pin=RP1-3
Added Pin To Net: NetName=NetRP1_3 Pin=U1-38
Added Net: Name=NetRP1_3
Added Pin To Net: NetName=NetRP1_4 Pin=RP1-4
Added Pin To Net: NetName=NetRP1_4 Pin=U1-37
Added Net: Name=NetRP1_4
Added Pin To Net: NetName=NetRP1_5 Pin=RP1-5
Added Pin To Net: NetName=NetRP1_5 Pin=U1-36
Added Net: Name=NetRP1_5
Added Pin To Net: NetName=NetRP1_6 Pin=RP1-6
Added Pin To Net: NetName=NetRP1_6 Pin=U1-35
Added Net: Name=NetRP1_6
Added Pin To Net: NetName=NetRP1_7 Pin=RP1-7
Added Pin To Net: NetName=NetRP1_7 Pin=U1-34
Added Net: Name=NetRP1_7
Added Pin To Net: NetName=NetRP1_8 Pin=RP1-8
Added Pin To Net: NetName=NetRP1_8 Pin=U1-33
Added Net: Name=NetRP1_8
Added Pin To Net: NetName=NetRP1_9 Pin=RP1-9
Added Pin To Net: NetName=NetRP1_9 Pin=U1-32
Added Net: Name=NetRP1_9
Added Member To Class: ClassName=ADDA Member=Component RP1 RES_PACK
Added Member To Class: ClassName=U2 Member=Component YJ10 DIP2
Added Room: Name=ADDA
Added Room: Name=U1
Added Room: Name=U2
