Added Component: Designator=A1(0509)
Added Component: Designator=A2(0509)
Added Component: Designator=A3(0509)
Added Component: Designator=C1(CAP[0805])
Added Component: Designator=C2(CAP[0805])
Added Component: Designator=C3(CAP[0805])
Added Component: Designator=C4(CAP[0805])
Added Component: Designator=C5(CAP[0805])
Added Component: Designator=C6(CAP[0805])
Added Component: Designator=C7(CAP[0805])
Added Component: Designator=C8(CAP[0805])
Added Component: Designator=C9(CAP[0805])
Added Component: Designator=C10(CAP[0805])
Added Component: Designator=C11(CAP[0805])
Added Component: Designator=C12(CAP[0805])
Added Component: Designator=CE1(CAP 5.0*10*16)
Added Component: Designator=CE2(CAP 5.0*10*16)
Added Component: Designator=CE3(CAP 2.5*5*11 - BK)
Added Component: Designator=CE4(CAP 2.5*5*11 - BK)
Added Component: Designator=CE5(CAP 2.5*5*11 - BK)
Added Component: Designator=CE6(CAP 2.5*5*11 - BK)
Added Component: Designator=D1(LED[0805])
Added Component: Designator=D2(LED[0805])
Added Component: Designator=D3(LED)
Added Component: Designator=K1(KEY_2)
Added Component: Designator=L1(K-LC6雷达)
Added Component: Designator=L2(K-MC1雷达)
Added Component: Designator=M1(VET6_SUKAI)
Added Component: Designator=O1(opa820_5)
Added Component: Designator=O2(opa820_5)
Added Component: Designator=O3(opa820_5)
Added Component: Designator=O4(opa820_5)
Added Component: Designator=O5(opa820_5)
Added Component: Designator=O6(opa820_5)
Added Component: Designator=O7(opa820_5)
Added Component: Designator=O8(opa820_5)
Added Component: Designator=P1(H2.54_2X3)
Added Component: Designator=P2(H2.54_2X3)
Added Component: Designator=P3(H2.54_1X3)
Added Component: Designator=P4(H2.54_1X3)
Added Component: Designator=P5(H2.54_1X5)
Added Component: Designator=P6(H2.54_1X5)
Added Component: Designator=P7(H2.54_1X2)
Added Component: Designator=P8(H2.54_1X2)
Added Component: Designator=P9(H2.54_1X2)
Added Component: Designator=P10(H2.54_1X2)
Added Component: Designator=P11(H2.54_1X2)
Added Component: Designator=P12(H2.54_1X2)
Added Component: Designator=R1(RES[0805])
Added Component: Designator=R2(RES[0805])
Added Component: Designator=R3(RES[0805])
Added Component: Designator=R4(RES[0805])
Added Component: Designator=R5(RES[0805])
Added Component: Designator=R6(RES[0805])
Added Component: Designator=R7(RES[0805])
Added Component: Designator=R8(RES[0805])
Added Component: Designator=R9(RES[0805])
Added Component: Designator=R10(RES[0805])
Added Component: Designator=R11(RES[0805])
Added Component: Designator=R12(RES[0805])
Added Component: Designator=R13(RES[0805])
Added Component: Designator=R14(RES[0805])
Added Component: Designator=R15(RES[0805])
Added Component: Designator=R16(RES[0805])
Added Component: Designator=R17(RES[0805])
Added Component: Designator=R18(RES[0805])
Added Component: Designator=R19(RES[0805])
Added Component: Designator=R20(RES[0805])
Added Component: Designator=R21(RES[0805])
Added Component: Designator=R22(RES[0805])
Added Component: Designator=R23(RES[0805])
Added Component: Designator=R24(RES[0805])
Added Component: Designator=R25(RES[0805])
Added Component: Designator=R26(RES[0805])
Added Component: Designator=R27(RES[0805])
Added Component: Designator=R28(RES[0805])
Added Component: Designator=R29(RES[0805])
Added Component: Designator=R30(RES[0805])
Added Component: Designator=R31(RES[0805])
Added Component: Designator=R32(RES[0805])
Added Component: Designator=R33(RES[0805])
Added Component: Designator=R34(RES[0805])
Added Component: Designator=R35(RES[0805])
Added Component: Designator=R36(RES[0805])
Added Component: Designator=RP1(3296W)
Added Component: Designator=RP2(3296W)
Added Component: Designator=RP3(3296W)
Added Component: Designator=RP4(3296W)
Added Component: Designator=RP5(3296W)
Added Component: Designator=RP6(3296W)
Added Component: Designator=RP7(3296W)
Added Component: Designator=RP8(3296W)
Added Component: Designator=RP9(3296W)
Added Component: Designator=U1(SOP_8)
Added Component: Designator=V1(TO220A)
Added Component: Designator=V2(TO220A)
Added Component: Designator=电源1(XH2.54-LI-2P)
Added Component: Designator=电源2(XH2.54-LI-2P)
Added Pin To Net: NetName=+5V2 Pin=A3-5
Added Pin To Net: NetName=+5V2 Pin=C4-2
Added Pin To Net: NetName=+5V2 Pin=CE4-1
Added Pin To Net: NetName=+5V2 Pin=O5-5
Added Pin To Net: NetName=+5V2 Pin=O6-5
Added Pin To Net: NetName=+5V2 Pin=O7-5
Added Pin To Net: NetName=+5V2 Pin=O8-5
Added Pin To Net: NetName=+5V2 Pin=RP6-3
Added Pin To Net: NetName=+5V2 Pin=RP9-3
Added Net: Name=+5V2
Added Pin To Net: NetName=+5V Pin=A2-5
Added Pin To Net: NetName=+5V Pin=C3-2
Added Pin To Net: NetName=+5V Pin=CE3-1
Added Pin To Net: NetName=+5V Pin=O1-5
Added Pin To Net: NetName=+5V Pin=O2-5
Added Pin To Net: NetName=+5V Pin=O3-5
Added Pin To Net: NetName=+5V Pin=O4-5
Added Pin To Net: NetName=+5V Pin=RP2-3
Added Pin To Net: NetName=+5V Pin=RP5-3
Added Net: Name=+5V
Added Pin To Net: NetName=+9V Pin=A1-5
Added Pin To Net: NetName=+9V Pin=U1-8
Added Net: Name=+9V
Added Pin To Net: NetName=-5V2 Pin=A3-3
Added Pin To Net: NetName=-5V2 Pin=C6-1
Added Pin To Net: NetName=-5V2 Pin=CE6-2
Added Pin To Net: NetName=-5V2 Pin=O5-2
Added Pin To Net: NetName=-5V2 Pin=O6-2
Added Pin To Net: NetName=-5V2 Pin=O7-2
Added Pin To Net: NetName=-5V2 Pin=O8-2
Added Pin To Net: NetName=-5V2 Pin=RP6-1
Added Pin To Net: NetName=-5V2 Pin=RP9-1
Added Net: Name=-5V2
Added Pin To Net: NetName=-5V Pin=A2-3
Added Pin To Net: NetName=-5V Pin=C5-1
Added Pin To Net: NetName=-5V Pin=CE5-2
Added Pin To Net: NetName=-5V Pin=O1-2
Added Pin To Net: NetName=-5V Pin=O2-2
Added Pin To Net: NetName=-5V Pin=O3-2
Added Pin To Net: NetName=-5V Pin=O4-2
Added Pin To Net: NetName=-5V Pin=RP2-1
Added Pin To Net: NetName=-5V Pin=RP5-1
Added Net: Name=-5V
Added Pin To Net: NetName=-9V Pin=A1-3
Added Pin To Net: NetName=-9V Pin=U1-4
Added Net: Name=-9V
Added Pin To Net: NetName=3.3V Pin=K1-1
Added Pin To Net: NetName=3.3V Pin=M1-3
Added Pin To Net: NetName=3.3V Pin=M1-4
Added Pin To Net: NetName=3.3V Pin=R3-2
Added Net: Name=3.3V
Added Pin To Net: NetName=DA Pin=M1-26
Added Pin To Net: NetName=DA Pin=R6-1
Added Net: Name=DA
Added Pin To Net: NetName=ENABLE Pin=M1-33
Added Net: Name=ENABLE
Added Pin To Net: NetName=GND Pin=A1-2
Added Pin To Net: NetName=GND Pin=A1-4
Added Pin To Net: NetName=GND Pin=A2-2
Added Pin To Net: NetName=GND Pin=A2-4
Added Pin To Net: NetName=GND Pin=A3-2
Added Pin To Net: NetName=GND Pin=A3-4
Added Pin To Net: NetName=GND Pin=C1-1
Added Pin To Net: NetName=GND Pin=C2-1
Added Pin To Net: NetName=GND Pin=C3-1
Added Pin To Net: NetName=GND Pin=C4-1
Added Pin To Net: NetName=GND Pin=C5-2
Added Pin To Net: NetName=GND Pin=C6-2
Added Pin To Net: NetName=GND Pin=C8-2
Added Pin To Net: NetName=GND Pin=C9-2
Added Pin To Net: NetName=GND Pin=C11-2
Added Pin To Net: NetName=GND Pin=C12-2
Added Pin To Net: NetName=GND Pin=CE1-2
Added Pin To Net: NetName=GND Pin=CE2-2
Added Pin To Net: NetName=GND Pin=CE3-2
Added Pin To Net: NetName=GND Pin=CE4-2
Added Pin To Net: NetName=GND Pin=CE5-1
Added Pin To Net: NetName=GND Pin=CE6-1
Added Pin To Net: NetName=GND Pin=D1-2
Added Pin To Net: NetName=GND Pin=D2-2
Added Pin To Net: NetName=GND Pin=M1-1
Added Pin To Net: NetName=GND Pin=M1-2
Added Pin To Net: NetName=GND Pin=P4-3
Added Pin To Net: NetName=GND Pin=P5-1
Added Pin To Net: NetName=GND Pin=P6-1
Added Pin To Net: NetName=GND Pin=R4-1
Added Pin To Net: NetName=GND Pin=R13-1
Added Pin To Net: NetName=GND Pin=R17-1
Added Pin To Net: NetName=GND Pin=R20-1
Added Pin To Net: NetName=GND Pin=R27-1
Added Pin To Net: NetName=GND Pin=R31-1
Added Pin To Net: NetName=GND Pin=R34-1
Added Pin To Net: NetName=GND Pin=电源1-2
Added Pin To Net: NetName=GND Pin=电源2-2
Added Net: Name=GND
Added Pin To Net: NetName=IFIOUT Pin=M1-23
Added Pin To Net: NetName=IFIOUT Pin=R15-2
Added Net: Name=IFIOUT
Added Pin To Net: NetName=IFI Pin=C7-1
Added Pin To Net: NetName=IFI Pin=P1-2
Added Pin To Net: NetName=IFI Pin=P1-4
Added Pin To Net: NetName=IFI Pin=P1-6
Added Net: Name=IFI
Added Pin To Net: NetName=IFQOUT Pin=M1-25
Added Pin To Net: NetName=IFQOUT Pin=R29-2
Added Net: Name=IFQOUT
Added Pin To Net: NetName=IFQ Pin=C10-1
Added Pin To Net: NetName=IFQ Pin=P2-2
Added Pin To Net: NetName=IFQ Pin=P2-4
Added Pin To Net: NetName=IFQ Pin=P2-6
Added Net: Name=IFQ
Added Pin To Net: NetName=KEY Pin=K1-2
Added Pin To Net: NetName=KEY Pin=M1-28
Added Net: Name=KEY
Added Pin To Net: NetName=NetC1_2 Pin=C1-2
Added Pin To Net: NetName=NetC1_2 Pin=CE1-1
Added Pin To Net: NetName=NetC1_2 Pin=电源2-1
Added Net: Name=NetC1_2
Added Pin To Net: NetName=NetC7_2 Pin=C7-2
Added Pin To Net: NetName=NetC7_2 Pin=R9-1
Added Pin To Net: NetName=NetC7_2 Pin=RP2-2
Added Net: Name=NetC7_2
Added Pin To Net: NetName=NetC8_1 Pin=C8-1
Added Pin To Net: NetName=NetC8_1 Pin=R10-2
Added Pin To Net: NetName=NetC8_1 Pin=R11-1
Added Net: Name=NetC8_1
Added Pin To Net: NetName=NetC9_1 Pin=C9-1
Added Pin To Net: NetName=NetC9_1 Pin=O2-3
Added Pin To Net: NetName=NetC9_1 Pin=R11-2
Added Net: Name=NetC9_1
Added Pin To Net: NetName=NetC10_2 Pin=C10-2
Added Pin To Net: NetName=NetC10_2 Pin=R23-1
Added Pin To Net: NetName=NetC10_2 Pin=RP6-2
Added Net: Name=NetC10_2
Added Pin To Net: NetName=NetC11_1 Pin=C11-1
Added Pin To Net: NetName=NetC11_1 Pin=R24-2
Added Pin To Net: NetName=NetC11_1 Pin=R25-1
Added Net: Name=NetC11_1
Added Pin To Net: NetName=NetC12_1 Pin=C12-1
Added Pin To Net: NetName=NetC12_1 Pin=O6-3
Added Pin To Net: NetName=NetC12_1 Pin=R25-2
Added Net: Name=NetC12_1
Added Pin To Net: NetName=NetD1_1 Pin=D1-1
Added Pin To Net: NetName=NetD1_1 Pin=R1-1
Added Net: Name=NetD1_1
Added Pin To Net: NetName=NetD2_1 Pin=D2-1
Added Pin To Net: NetName=NetD2_1 Pin=R2-1
Added Net: Name=NetD2_1
Added Pin To Net: NetName=NetD3_1 Pin=D3-1
Added Pin To Net: NetName=NetD3_1 Pin=R3-1
Added Net: Name=NetD3_1
Added Pin To Net: NetName=NetL1_1 Pin=L1-1
Added Pin To Net: NetName=NetL1_1 Pin=P2-1
Added Net: Name=NetL1_1
Added Pin To Net: NetName=NetL1_3 Pin=L1-3
Added Pin To Net: NetName=NetL1_3 Pin=P1-1
Added Net: Name=NetL1_3
Added Pin To Net: NetName=NetL1_4 Pin=L1-4
Added Pin To Net: NetName=NetL1_4 Pin=L2-1
Added Pin To Net: NetName=NetL1_4 Pin=L2-3
Added Net: Name=NetL1_4
Added Pin To Net: NetName=NetL2_4 Pin=L2-4
Added Pin To Net: NetName=NetL2_4 Pin=P2-3
Added Net: Name=NetL2_4
Added Pin To Net: NetName=NetL2_5 Pin=L2-5
Added Pin To Net: NetName=NetL2_5 Pin=P1-3
Added Net: Name=NetL2_5
Added Pin To Net: NetName=NetL2_7 Pin=L2-7
Added Pin To Net: NetName=NetL2_7 Pin=P1-5
Added Net: Name=NetL2_7
Added Pin To Net: NetName=NetL2_8 Pin=L2-8
Added Pin To Net: NetName=NetL2_8 Pin=P2-5
Added Net: Name=NetL2_8
Added Pin To Net: NetName=NetM1_43 Pin=M1-43
Added Pin To Net: NetName=NetM1_43 Pin=P5-4
Added Pin To Net: NetName=NetM1_43 Pin=P6-4
Added Pin To Net: NetName=NetM1_43 Pin=R5-2
Added Net: Name=NetM1_43
Added Pin To Net: NetName=NetM1_45 Pin=M1-45
Added Pin To Net: NetName=NetM1_45 Pin=P5-3
Added Pin To Net: NetName=NetM1_45 Pin=P6-3
Added Pin To Net: NetName=NetM1_45 Pin=R7-2
Added Net: Name=NetM1_45
Added Pin To Net: NetName=NetM1_47 Pin=M1-47
Added Pin To Net: NetName=NetM1_47 Pin=P5-2
Added Pin To Net: NetName=NetM1_47 Pin=P6-2
Added Pin To Net: NetName=NetM1_47 Pin=R8-2
Added Net: Name=NetM1_47
Added Pin To Net: NetName=NetO1_1 Pin=O1-1
Added Pin To Net: NetName=NetO1_1 Pin=R10-1
Added Pin To Net: NetName=NetO1_1 Pin=R18-2
Added Net: Name=NetO1_1
Added Pin To Net: NetName=NetO1_3 Pin=O1-3
Added Pin To Net: NetName=NetO1_3 Pin=R9-2
Added Net: Name=NetO1_3
Added Pin To Net: NetName=NetO1_4 Pin=O1-4
Added Pin To Net: NetName=NetO1_4 Pin=R13-2
Added Pin To Net: NetName=NetO1_4 Pin=RP3-1
Added Pin To Net: NetName=NetO1_4 Pin=RP3-2
Added Net: Name=NetO1_4
Added Pin To Net: NetName=NetO2_1 Pin=O2-1
Added Pin To Net: NetName=NetO2_1 Pin=P7-1
Added Pin To Net: NetName=NetO2_1 Pin=R21-2
Added Net: Name=NetO2_1
Added Pin To Net: NetName=NetO2_4 Pin=O2-4
Added Pin To Net: NetName=NetO2_4 Pin=R20-2
Added Pin To Net: NetName=NetO2_4 Pin=R21-1
Added Net: Name=NetO2_4
Added Pin To Net: NetName=NetO3_1 Pin=O3-1
Added Pin To Net: NetName=NetO3_1 Pin=P8-1
Added Pin To Net: NetName=NetO3_1 Pin=R19-2
Added Net: Name=NetO3_1
Added Pin To Net: NetName=NetO3_3 Pin=O3-3
Added Pin To Net: NetName=NetO3_3 Pin=R12-2
Added Net: Name=NetO3_3
Added Pin To Net: NetName=NetO3_4 Pin=O3-4
Added Pin To Net: NetName=NetO3_4 Pin=R16-2
Added Pin To Net: NetName=NetO3_4 Pin=R19-1
Added Net: Name=NetO3_4
Added Pin To Net: NetName=NetO4_1 Pin=O4-1
Added Pin To Net: NetName=NetO4_1 Pin=P9-1
Added Pin To Net: NetName=NetO4_1 Pin=R22-2
Added Net: Name=NetO4_1
Added Pin To Net: NetName=NetO4_3 Pin=O4-3
Added Pin To Net: NetName=NetO4_3 Pin=R14-2
Added Net: Name=NetO4_3
Added Pin To Net: NetName=NetO4_4 Pin=O4-4
Added Pin To Net: NetName=NetO4_4 Pin=R17-2
Added Pin To Net: NetName=NetO4_4 Pin=RP4-1
Added Pin To Net: NetName=NetO4_4 Pin=RP4-2
Added Net: Name=NetO4_4
Added Pin To Net: NetName=NetO5_1 Pin=O5-1
Added Pin To Net: NetName=NetO5_1 Pin=R24-1
Added Pin To Net: NetName=NetO5_1 Pin=R32-2
Added Net: Name=NetO5_1
Added Pin To Net: NetName=NetO5_3 Pin=O5-3
Added Pin To Net: NetName=NetO5_3 Pin=R23-2
Added Net: Name=NetO5_3
Added Pin To Net: NetName=NetO5_4 Pin=O5-4
Added Pin To Net: NetName=NetO5_4 Pin=R27-2
Added Pin To Net: NetName=NetO5_4 Pin=RP7-1
Added Pin To Net: NetName=NetO5_4 Pin=RP7-2
Added Net: Name=NetO5_4
Added Pin To Net: NetName=NetO6_1 Pin=O6-1
Added Pin To Net: NetName=NetO6_1 Pin=P10-1
Added Pin To Net: NetName=NetO6_1 Pin=R35-2
Added Net: Name=NetO6_1
Added Pin To Net: NetName=NetO6_4 Pin=O6-4
Added Pin To Net: NetName=NetO6_4 Pin=R34-2
Added Pin To Net: NetName=NetO6_4 Pin=R35-1
Added Net: Name=NetO6_4
Added Pin To Net: NetName=NetO7_1 Pin=O7-1
Added Pin To Net: NetName=NetO7_1 Pin=P11-1
Added Pin To Net: NetName=NetO7_1 Pin=R33-2
Added Net: Name=NetO7_1
Added Pin To Net: NetName=NetO7_3 Pin=O7-3
Added Pin To Net: NetName=NetO7_3 Pin=R26-2
Added Net: Name=NetO7_3
Added Pin To Net: NetName=NetO7_4 Pin=O7-4
Added Pin To Net: NetName=NetO7_4 Pin=R30-2
Added Pin To Net: NetName=NetO7_4 Pin=R33-1
Added Net: Name=NetO7_4
Added Pin To Net: NetName=NetO8_1 Pin=O8-1
Added Pin To Net: NetName=NetO8_1 Pin=P12-1
Added Pin To Net: NetName=NetO8_1 Pin=R36-2
Added Net: Name=NetO8_1
Added Pin To Net: NetName=NetO8_3 Pin=O8-3
Added Pin To Net: NetName=NetO8_3 Pin=R28-2
Added Net: Name=NetO8_3
Added Pin To Net: NetName=NetO8_4 Pin=O8-4
Added Pin To Net: NetName=NetO8_4 Pin=R31-2
Added Pin To Net: NetName=NetO8_4 Pin=RP8-1
Added Pin To Net: NetName=NetO8_4 Pin=RP8-2
Added Net: Name=NetO8_4
Added Pin To Net: NetName=NetP3_3 Pin=P3-3
Added Pin To Net: NetName=NetP3_3 Pin=RP1-2
Added Pin To Net: NetName=NetP3_3 Pin=RP1-3
Added Pin To Net: NetName=NetP3_3 Pin=U1-1
Added Net: Name=NetP3_3
Added Pin To Net: NetName=NetP7_2 Pin=P7-2
Added Pin To Net: NetName=NetP7_2 Pin=R12-1
Added Net: Name=NetP7_2
Added Pin To Net: NetName=NetP8_2 Pin=P8-2
Added Pin To Net: NetName=NetP8_2 Pin=R14-1
Added Net: Name=NetP8_2
Added Pin To Net: NetName=NetP9_2 Pin=P9-2
Added Pin To Net: NetName=NetP9_2 Pin=R15-1
Added Net: Name=NetP9_2
Added Pin To Net: NetName=NetP10_2 Pin=P10-2
Added Pin To Net: NetName=NetP10_2 Pin=R26-1
Added Net: Name=NetP10_2
Added Pin To Net: NetName=NetP11_2 Pin=P11-2
Added Pin To Net: NetName=NetP11_2 Pin=R28-1
Added Net: Name=NetP11_2
Added Pin To Net: NetName=NetP12_2 Pin=P12-2
Added Pin To Net: NetName=NetP12_2 Pin=R29-1
Added Net: Name=NetP12_2
Added Pin To Net: NetName=NetR4_2 Pin=R4-2
Added Pin To Net: NetName=NetR4_2 Pin=RP1-1
Added Pin To Net: NetName=NetR4_2 Pin=U1-2
Added Net: Name=NetR4_2
Added Pin To Net: NetName=NetR6_2 Pin=R6-2
Added Pin To Net: NetName=NetR6_2 Pin=U1-3
Added Net: Name=NetR6_2
Added Pin To Net: NetName=NetR16_1 Pin=R16-1
Added Pin To Net: NetName=NetR16_1 Pin=RP5-2
Added Net: Name=NetR16_1
Added Pin To Net: NetName=NetR18_1 Pin=R18-1
Added Pin To Net: NetName=NetR18_1 Pin=RP3-3
Added Net: Name=NetR18_1
Added Pin To Net: NetName=NetR22_1 Pin=R22-1
Added Pin To Net: NetName=NetR22_1 Pin=RP4-3
Added Net: Name=NetR22_1
Added Pin To Net: NetName=NetR30_1 Pin=R30-1
Added Pin To Net: NetName=NetR30_1 Pin=RP9-2
Added Net: Name=NetR30_1
Added Pin To Net: NetName=NetR32_1 Pin=R32-1
Added Pin To Net: NetName=NetR32_1 Pin=RP7-3
Added Net: Name=NetR32_1
Added Pin To Net: NetName=NetR36_1 Pin=R36-1
Added Pin To Net: NetName=NetR36_1 Pin=RP8-3
Added Net: Name=NetR36_1
Added Pin To Net: NetName=PA8 Pin=D3-2
Added Pin To Net: NetName=PA8 Pin=M1-92
Added Net: Name=PA8
Added Pin To Net: NetName=PA9TX Pin=M1-87
Added Pin To Net: NetName=PA9TX Pin=P4-2
Added Net: Name=PA9TX
Added Pin To Net: NetName=PA10RX Pin=M1-90
Added Pin To Net: NetName=PA10RX Pin=P4-1
Added Net: Name=PA10RX
Added Pin To Net: NetName=VCC2 Pin=L1-2
Added Pin To Net: NetName=VCC2 Pin=L2-2
Added Pin To Net: NetName=VCC2 Pin=P3-1
Added Pin To Net: NetName=VCC2 Pin=R2-2
Added Net: Name=VCC2
Added Pin To Net: NetName=VCC Pin=A1-1
Added Pin To Net: NetName=VCC Pin=A2-1
Added Pin To Net: NetName=VCC Pin=A3-1
Added Pin To Net: NetName=VCC Pin=C2-2
Added Pin To Net: NetName=VCC Pin=CE2-1
Added Pin To Net: NetName=VCC Pin=M1-5
Added Pin To Net: NetName=VCC Pin=M1-6
Added Pin To Net: NetName=VCC Pin=M1-7
Added Pin To Net: NetName=VCC Pin=P5-5
Added Pin To Net: NetName=VCC Pin=P6-5
Added Pin To Net: NetName=VCC Pin=R1-2
Added Pin To Net: NetName=VCC Pin=R5-1
Added Pin To Net: NetName=VCC Pin=R7-1
Added Pin To Net: NetName=VCC Pin=R8-1
Added Pin To Net: NetName=VCC Pin=电源1-1
Added Net: Name=VCC
Added Pin To Net: NetName=VCO Pin=L1-5
Added Pin To Net: NetName=VCO Pin=L2-6
Added Pin To Net: NetName=VCO Pin=P3-2
Added Net: Name=VCO
Added Class: Name=多普勒1.0
Added Room: Name=多普勒1.0
