Change Component Designator: Old Designator=C4 New Designator=C3
Change Component Designator: Old Designator=C4 New Designator=C6
Change Component Designator: Old Designator=C5 New Designator=C4
Change Component Designator: Old Designator=C5 New Designator=C7
Change Component Designator: Old Designator=C6 New Designator=C5
Change Component Designator: Old Designator=C6 New Designator=C8
Change Component Designator: Old Designator=C? New Designator=C1
Change Component Designator: Old Designator=C? New Designator=C2
Change Component Designator: Old Designator=CE? New Designator=CE1
Change Component Designator: Old Designator=CE? New Designator=CE2
Change Component Designator: Old Designator=JP? New Designator=JP1
Change Component Designator: Old Designator=JP? New Designator=JP2
Change Component Designator: Old Designator=L? New Designator=L1
Change Component Designator: Old Designator=L? New Designator=L2
Change Component Designator: Old Designator=M? New Designator=M1
Change Component Designator: Old Designator=M? New Designator=M1
Change Component Designator: Old Designator=M? New Designator=M1
Change Component Designator: Old Designator=O1 New Designator=O5
Change Component Designator: Old Designator=O2 New Designator=O6
Change Component Designator: Old Designator=O3 New Designator=O7
Change Component Designator: Old Designator=O4 New Designator=O8
Change Component Designator: Old Designator=P8 New Designator=P5
Change Component Designator: Old Designator=P8 New Designator=P9
Change Component Designator: Old Designator=P9 New Designator=P7
Change Component Designator: Old Designator=P9 New Designator=P11
Change Component Designator: Old Designator=P10 New Designator=P8
Change Component Designator: Old Designator=P10 New Designator=P12
Change Component Designator: Old Designator=P? New Designator=P1
Change Component Designator: Old Designator=P? New Designator=P2
Change Component Designator: Old Designator=P? New Designator=P3
Change Component Designator: Old Designator=P? New Designator=P4
Change Component Designator: Old Designator=P? New Designator=P6
Change Component Designator: Old Designator=P? New Designator=P10
Change Component Designator: Old Designator=R1 New Designator=R2
Change Component Designator: Old Designator=R1 New Designator=R15
Change Component Designator: Old Designator=R2 New Designator=R3
Change Component Designator: Old Designator=R2 New Designator=R16
Change Component Designator: Old Designator=R3 New Designator=R4
Change Component Designator: Old Designator=R3 New Designator=R17
Change Component Designator: Old Designator=R4 New Designator=R5
Change Component Designator: Old Designator=R4 New Designator=R18
Change Component Designator: Old Designator=R5 New Designator=R6
Change Component Designator: Old Designator=R5 New Designator=R19
Change Component Designator: Old Designator=R6 New Designator=R7
Change Component Designator: Old Designator=R6 New Designator=R20
Change Component Designator: Old Designator=R7 New Designator=R8
Change Component Designator: Old Designator=R7 New Designator=R21
Change Component Designator: Old Designator=R8 New Designator=R9
Change Component Designator: Old Designator=R8 New Designator=R22
Change Component Designator: Old Designator=R9 New Designator=R10
Change Component Designator: Old Designator=R9 New Designator=R23
Change Component Designator: Old Designator=R10 New Designator=R11
Change Component Designator: Old Designator=R10 New Designator=R24
Change Component Designator: Old Designator=R11 New Designator=R12
Change Component Designator: Old Designator=R11 New Designator=R25
Change Component Designator: Old Designator=R12 New Designator=R13
Change Component Designator: Old Designator=R12 New Designator=R26
Change Component Designator: Old Designator=R13 New Designator=R14
Change Component Designator: Old Designator=R13 New Designator=R27
Change Component Designator: Old Designator=R? New Designator=R1
Change Component Designator: Old Designator=RP1 New Designator=RP5
Change Component Designator: Old Designator=RP2 New Designator=RP6
Change Component Designator: Old Designator=RP3 New Designator=RP7
Change Component Designator: Old Designator=RP4 New Designator=RP8
Change Component Designator: Old Designator=V? New Designator=V1
