Added Component: Designator=A1(0509)
Added Component: Designator=A2(0509)
Added Component: Designator=C1(CC 2.2*5)
Added Component: Designator=C2(CC 2.2*5)
Added Component: Designator=C3(Cap-Dip)
Added Component: Designator=C4(Cap-Dip)
Added Component: Designator=C5(Cap-Dip)
Added Component: Designator=C6(Cap-Dip)
Added Component: Designator=C7(CAP[0805])
Added Component: Designator=C8(Cap-Dip)
Added Component: Designator=C9(Cap-Dip)
Added Component: Designator=C10(CAP[0805])
Added Component: Designator=C11(Cap-Dip)
Added Component: Designator=C12(Cap-Dip)
Added Component: Designator=CE1(CAP 5.0*10*16)
Added Component: Designator=CE2(CAP 5.0*10*16)
Added Component: Designator=CE3(CAP 2.5*5*11 - BK)
Added Component: Designator=CE4(CAP 2.5*5*11 - BK)
Added Component: Designator=CE5(CAP 2.5*5*11 - BK)
Added Component: Designator=CE6(CAP 2.5*5*11 - BK)
Added Component: Designator=D1(LED[0805])
Added Component: Designator=JP1(XH2.54-WI-2P)
Added Component: Designator=JP2(XH2.54-WI-2P)
Added Component: Designator=L1(K-LC6雷达)
Added Component: Designator=L2(K-MC1雷达)
Added Component: Designator=M1(VET6_SUKAI)
Added Component: Designator=O1(opa820_5)
Added Component: Designator=O2(opa820_5)
Added Component: Designator=O3(opa820_5)
Added Component: Designator=O4(opa820_5)
Added Component: Designator=O5(opa820_5)
Added Component: Designator=O6(opa820_5)
Added Component: Designator=O7(opa820_5)
Added Component: Designator=O8(opa820_5)
Added Component: Designator=P1(H2.54_1X2)
Added Component: Designator=P2(H2.54_2X3)
Added Component: Designator=P3(H2.54_2X3)
Added Component: Designator=P4(H2.54_1X5)
Added Component: Designator=P5(H2.54_1X2)
Added Component: Designator=P6(H2.54_1X2)
Added Component: Designator=P7(H2.54_1X2)
Added Component: Designator=P8(H2.54_1X2)
Added Component: Designator=P9(H2.54_1X2)
Added Component: Designator=P10(H2.54_1X2)
Added Component: Designator=R1(RES[0805])
Added Component: Designator=R2(RES[0805])
Added Component: Designator=R3(RES[0805])
Added Component: Designator=R4(RES[0805])
Added Component: Designator=R5(RES[0805])
Added Component: Designator=R6(RES[0805])
Added Component: Designator=R7(RES[0805])
Added Component: Designator=R8(RES[0805])
Added Component: Designator=R9(RES[0805])
Added Component: Designator=R10(RES[0805])
Added Component: Designator=R11(RES[0805])
Added Component: Designator=R12(RES[0805])
Added Component: Designator=R13(RES[0805])
Added Component: Designator=R14(RES[0805])
Added Component: Designator=R15(RES[0805])
Added Component: Designator=R16(RES[0805])
Added Component: Designator=R17(RES[0805])
Added Component: Designator=R18(RES[0805])
Added Component: Designator=R19(RES[0805])
Added Component: Designator=R20(RES[0805])
Added Component: Designator=R21(RES[0805])
Added Component: Designator=R22(RES[0805])
Added Component: Designator=R23(RES[0805])
Added Component: Designator=R24(RES[0805])
Added Component: Designator=R25(RES[0805])
Added Component: Designator=R26(RES[0805])
Added Component: Designator=R27(RES[0805])
Added Component: Designator=R28(RES[0805])
Added Component: Designator=RP1(3296W)
Added Component: Designator=RP2(3296W)
Added Component: Designator=RP3(3296W)
Added Component: Designator=RP4(3296W)
Added Component: Designator=RP5(3296W)
Added Component: Designator=RP6(3296W)
Added Component: Designator=RP7(3296W)
Added Component: Designator=RP8(3296W)
Added Component: Designator=V1(TO220A)
Added Component: Designator=电源1(XH2.54-LI-2P)
Added Component: Designator=电源2(XH2.54-LI-2P)
Added Pin To Net: NetName=+5V2 Pin=A2-5
Added Pin To Net: NetName=+5V2 Pin=C5-2
Added Pin To Net: NetName=+5V2 Pin=CE5-1
Added Pin To Net: NetName=+5V2 Pin=O5-5
Added Pin To Net: NetName=+5V2 Pin=O6-5
Added Pin To Net: NetName=+5V2 Pin=O7-5
Added Pin To Net: NetName=+5V2 Pin=O8-5
Added Pin To Net: NetName=+5V2 Pin=RP5-3
Added Pin To Net: NetName=+5V2 Pin=RP8-3
Added Net: Name=+5V2
Added Pin To Net: NetName=+5V Pin=A1-5
Added Pin To Net: NetName=+5V Pin=C3-2
Added Pin To Net: NetName=+5V Pin=CE3-1
Added Pin To Net: NetName=+5V Pin=O1-5
Added Pin To Net: NetName=+5V Pin=O2-5
Added Pin To Net: NetName=+5V Pin=O3-5
Added Pin To Net: NetName=+5V Pin=O4-5
Added Pin To Net: NetName=+5V Pin=RP1-3
Added Pin To Net: NetName=+5V Pin=RP4-3
Added Net: Name=+5V
Added Pin To Net: NetName=-5V2 Pin=A2-3
Added Pin To Net: NetName=-5V2 Pin=C6-1
Added Pin To Net: NetName=-5V2 Pin=CE6-2
Added Pin To Net: NetName=-5V2 Pin=O5-2
Added Pin To Net: NetName=-5V2 Pin=O6-2
Added Pin To Net: NetName=-5V2 Pin=O7-2
Added Pin To Net: NetName=-5V2 Pin=O8-2
Added Pin To Net: NetName=-5V2 Pin=RP5-1
Added Pin To Net: NetName=-5V2 Pin=RP8-1
Added Net: Name=-5V2
Added Pin To Net: NetName=-5V Pin=A1-3
Added Pin To Net: NetName=-5V Pin=C4-1
Added Pin To Net: NetName=-5V Pin=CE4-2
Added Pin To Net: NetName=-5V Pin=O1-2
Added Pin To Net: NetName=-5V Pin=O2-2
Added Pin To Net: NetName=-5V Pin=O3-2
Added Pin To Net: NetName=-5V Pin=O4-2
Added Pin To Net: NetName=-5V Pin=RP1-1
Added Pin To Net: NetName=-5V Pin=RP4-1
Added Net: Name=-5V
Added Pin To Net: NetName=GND Pin=A1-2
Added Pin To Net: NetName=GND Pin=A1-4
Added Pin To Net: NetName=GND Pin=A2-2
Added Pin To Net: NetName=GND Pin=A2-4
Added Pin To Net: NetName=GND Pin=C1-2
Added Pin To Net: NetName=GND Pin=C2-2
Added Pin To Net: NetName=GND Pin=C3-1
Added Pin To Net: NetName=GND Pin=C4-2
Added Pin To Net: NetName=GND Pin=C5-1
Added Pin To Net: NetName=GND Pin=C6-2
Added Pin To Net: NetName=GND Pin=C8-2
Added Pin To Net: NetName=GND Pin=C9-2
Added Pin To Net: NetName=GND Pin=C11-2
Added Pin To Net: NetName=GND Pin=C12-2
Added Pin To Net: NetName=GND Pin=CE1-2
Added Pin To Net: NetName=GND Pin=CE2-2
Added Pin To Net: NetName=GND Pin=CE3-2
Added Pin To Net: NetName=GND Pin=CE4-1
Added Pin To Net: NetName=GND Pin=CE5-2
Added Pin To Net: NetName=GND Pin=CE6-1
Added Pin To Net: NetName=GND Pin=D1-2
Added Pin To Net: NetName=GND Pin=JP1-2
Added Pin To Net: NetName=GND Pin=JP2-2
Added Pin To Net: NetName=GND Pin=L1-4
Added Pin To Net: NetName=GND Pin=L2-3
Added Pin To Net: NetName=GND Pin=P4-1
Added Pin To Net: NetName=GND Pin=R7-1
Added Pin To Net: NetName=GND Pin=R10-1
Added Pin To Net: NetName=GND Pin=R13-1
Added Pin To Net: NetName=GND Pin=R20-1
Added Pin To Net: NetName=GND Pin=R23-1
Added Pin To Net: NetName=GND Pin=R26-1
Added Pin To Net: NetName=GND Pin=V1-2
Added Pin To Net: NetName=GND Pin=电源1-2
Added Pin To Net: NetName=GND Pin=电源2-2
Added Net: Name=GND
Added Pin To Net: NetName=IFIOUT Pin=M1-26
Added Pin To Net: NetName=IFIOUT Pin=O4-1
Added Pin To Net: NetName=IFIOUT Pin=R15-2
Added Net: Name=IFIOUT
Added Pin To Net: NetName=IFI Pin=C7-1
Added Pin To Net: NetName=IFI Pin=P2-2
Added Pin To Net: NetName=IFI Pin=P2-4
Added Pin To Net: NetName=IFI Pin=P2-6
Added Net: Name=IFI
Added Pin To Net: NetName=IFQOUT Pin=M1-28
Added Pin To Net: NetName=IFQOUT Pin=O8-1
Added Pin To Net: NetName=IFQOUT Pin=R28-2
Added Net: Name=IFQOUT
Added Pin To Net: NetName=IFQ Pin=C10-1
Added Pin To Net: NetName=IFQ Pin=P3-2
Added Pin To Net: NetName=IFQ Pin=P3-4
Added Pin To Net: NetName=IFQ Pin=P3-6
Added Net: Name=IFQ
Added Pin To Net: NetName=NetC1_1 Pin=C1-1
Added Pin To Net: NetName=NetC1_1 Pin=CE1-1
Added Pin To Net: NetName=NetC1_1 Pin=V1-1
Added Pin To Net: NetName=NetC1_1 Pin=电源2-1
Added Net: Name=NetC1_1
Added Pin To Net: NetName=NetC7_2 Pin=C7-2
Added Pin To Net: NetName=NetC7_2 Pin=R3-1
Added Pin To Net: NetName=NetC7_2 Pin=RP1-2
Added Net: Name=NetC7_2
Added Pin To Net: NetName=NetC8_1 Pin=C8-1
Added Pin To Net: NetName=NetC8_1 Pin=R4-2
Added Pin To Net: NetName=NetC8_1 Pin=R5-1
Added Net: Name=NetC8_1
Added Pin To Net: NetName=NetC9_1 Pin=C9-1
Added Pin To Net: NetName=NetC9_1 Pin=O2-3
Added Pin To Net: NetName=NetC9_1 Pin=R5-2
Added Net: Name=NetC9_1
Added Pin To Net: NetName=NetC10_2 Pin=C10-2
Added Pin To Net: NetName=NetC10_2 Pin=R16-1
Added Pin To Net: NetName=NetC10_2 Pin=RP5-2
Added Net: Name=NetC10_2
Added Pin To Net: NetName=NetC11_1 Pin=C11-1
Added Pin To Net: NetName=NetC11_1 Pin=R17-2
Added Pin To Net: NetName=NetC11_1 Pin=R18-1
Added Net: Name=NetC11_1
Added Pin To Net: NetName=NetC12_1 Pin=C12-1
Added Pin To Net: NetName=NetC12_1 Pin=O6-3
Added Pin To Net: NetName=NetC12_1 Pin=R18-2
Added Net: Name=NetC12_1
Added Pin To Net: NetName=NetD1_1 Pin=D1-1
Added Pin To Net: NetName=NetD1_1 Pin=R1-1
Added Net: Name=NetD1_1
Added Pin To Net: NetName=NetL1_1 Pin=L1-1
Added Pin To Net: NetName=NetL1_1 Pin=P3-1
Added Net: Name=NetL1_1
Added Pin To Net: NetName=NetL1_3 Pin=L1-3
Added Pin To Net: NetName=NetL1_3 Pin=P2-1
Added Net: Name=NetL1_3
Added Pin To Net: NetName=NetL2_1 Pin=L2-1
Added Pin To Net: NetName=NetL2_1 Pin=M1-70
Added Pin To Net: NetName=NetL2_1 Pin=R2-1
Added Net: Name=NetL2_1
Added Pin To Net: NetName=NetL2_4 Pin=L2-4
Added Pin To Net: NetName=NetL2_4 Pin=P3-3
Added Net: Name=NetL2_4
Added Pin To Net: NetName=NetL2_5 Pin=L2-5
Added Pin To Net: NetName=NetL2_5 Pin=P2-3
Added Net: Name=NetL2_5
Added Pin To Net: NetName=NetL2_7 Pin=L2-7
Added Pin To Net: NetName=NetL2_7 Pin=P2-5
Added Net: Name=NetL2_7
Added Pin To Net: NetName=NetL2_8 Pin=L2-8
Added Pin To Net: NetName=NetL2_8 Pin=P3-5
Added Net: Name=NetL2_8
Added Pin To Net: NetName=NetM1_43 Pin=M1-43
Added Pin To Net: NetName=NetM1_43 Pin=P4-4
Added Net: Name=NetM1_43
Added Pin To Net: NetName=NetM1_45 Pin=M1-45
Added Pin To Net: NetName=NetM1_45 Pin=P4-3
Added Net: Name=NetM1_45
Added Pin To Net: NetName=NetM1_47 Pin=M1-47
Added Pin To Net: NetName=NetM1_47 Pin=P4-2
Added Net: Name=NetM1_47
Added Pin To Net: NetName=NetO1_1 Pin=O1-1
Added Pin To Net: NetName=NetO1_1 Pin=P5-1
Added Pin To Net: NetName=NetO1_1 Pin=R11-2
Added Net: Name=NetO1_1
Added Pin To Net: NetName=NetO1_3 Pin=O1-3
Added Pin To Net: NetName=NetO1_3 Pin=R3-2
Added Net: Name=NetO1_3
Added Pin To Net: NetName=NetO1_4 Pin=O1-4
Added Pin To Net: NetName=NetO1_4 Pin=R7-2
Added Pin To Net: NetName=NetO1_4 Pin=RP2-1
Added Pin To Net: NetName=NetO1_4 Pin=RP2-2
Added Net: Name=NetO1_4
Added Pin To Net: NetName=NetO2_1 Pin=O2-1
Added Pin To Net: NetName=NetO2_1 Pin=P6-1
Added Pin To Net: NetName=NetO2_1 Pin=R14-2
Added Net: Name=NetO2_1
Added Pin To Net: NetName=NetO2_4 Pin=O2-4
Added Pin To Net: NetName=NetO2_4 Pin=R13-2
Added Pin To Net: NetName=NetO2_4 Pin=R14-1
Added Net: Name=NetO2_4
Added Pin To Net: NetName=NetO3_1 Pin=O3-1
Added Pin To Net: NetName=NetO3_1 Pin=P7-1
Added Pin To Net: NetName=NetO3_1 Pin=R12-2
Added Net: Name=NetO3_1
Added Pin To Net: NetName=NetO3_3 Pin=O3-3
Added Pin To Net: NetName=NetO3_3 Pin=R6-2
Added Net: Name=NetO3_3
Added Pin To Net: NetName=NetO3_4 Pin=O3-4
Added Pin To Net: NetName=NetO3_4 Pin=R9-2
Added Pin To Net: NetName=NetO3_4 Pin=R12-1
Added Net: Name=NetO3_4
Added Pin To Net: NetName=NetO4_3 Pin=O4-3
Added Pin To Net: NetName=NetO4_3 Pin=R8-2
Added Net: Name=NetO4_3
Added Pin To Net: NetName=NetO4_4 Pin=O4-4
Added Pin To Net: NetName=NetO4_4 Pin=R10-2
Added Pin To Net: NetName=NetO4_4 Pin=RP3-1
Added Pin To Net: NetName=NetO4_4 Pin=RP3-2
Added Net: Name=NetO4_4
Added Pin To Net: NetName=NetO5_1 Pin=O5-1
Added Pin To Net: NetName=NetO5_1 Pin=P8-1
Added Pin To Net: NetName=NetO5_1 Pin=R24-2
Added Net: Name=NetO5_1
Added Pin To Net: NetName=NetO5_3 Pin=O5-3
Added Pin To Net: NetName=NetO5_3 Pin=R16-2
Added Net: Name=NetO5_3
Added Pin To Net: NetName=NetO5_4 Pin=O5-4
Added Pin To Net: NetName=NetO5_4 Pin=R20-2
Added Pin To Net: NetName=NetO5_4 Pin=RP6-1
Added Pin To Net: NetName=NetO5_4 Pin=RP6-2
Added Net: Name=NetO5_4
Added Pin To Net: NetName=NetO6_1 Pin=O6-1
Added Pin To Net: NetName=NetO6_1 Pin=P9-1
Added Pin To Net: NetName=NetO6_1 Pin=R27-2
Added Net: Name=NetO6_1
Added Pin To Net: NetName=NetO6_4 Pin=O6-4
Added Pin To Net: NetName=NetO6_4 Pin=R26-2
Added Pin To Net: NetName=NetO6_4 Pin=R27-1
Added Net: Name=NetO6_4
Added Pin To Net: NetName=NetO7_1 Pin=O7-1
Added Pin To Net: NetName=NetO7_1 Pin=P10-1
Added Pin To Net: NetName=NetO7_1 Pin=R25-2
Added Net: Name=NetO7_1
Added Pin To Net: NetName=NetO7_3 Pin=O7-3
Added Pin To Net: NetName=NetO7_3 Pin=R19-2
Added Net: Name=NetO7_3
Added Pin To Net: NetName=NetO7_4 Pin=O7-4
Added Pin To Net: NetName=NetO7_4 Pin=R22-2
Added Pin To Net: NetName=NetO7_4 Pin=R25-1
Added Net: Name=NetO7_4
Added Pin To Net: NetName=NetO8_3 Pin=O8-3
Added Pin To Net: NetName=NetO8_3 Pin=R21-2
Added Net: Name=NetO8_3
Added Pin To Net: NetName=NetO8_4 Pin=O8-4
Added Pin To Net: NetName=NetO8_4 Pin=R23-2
Added Pin To Net: NetName=NetO8_4 Pin=RP7-1
Added Pin To Net: NetName=NetO8_4 Pin=RP7-2
Added Net: Name=NetO8_4
Added Pin To Net: NetName=NetP1_1 Pin=P1-1
Added Pin To Net: NetName=NetP1_1 Pin=V1-3
Added Net: Name=NetP1_1
Added Pin To Net: NetName=NetP5_2 Pin=P5-2
Added Pin To Net: NetName=NetP5_2 Pin=R4-1
Added Net: Name=NetP5_2
Added Pin To Net: NetName=NetP6_2 Pin=P6-2
Added Pin To Net: NetName=NetP6_2 Pin=R6-1
Added Net: Name=NetP6_2
Added Pin To Net: NetName=NetP7_2 Pin=P7-2
Added Pin To Net: NetName=NetP7_2 Pin=R8-1
Added Net: Name=NetP7_2
Added Pin To Net: NetName=NetP8_2 Pin=P8-2
Added Pin To Net: NetName=NetP8_2 Pin=R17-1
Added Net: Name=NetP8_2
Added Pin To Net: NetName=NetP9_2 Pin=P9-2
Added Pin To Net: NetName=NetP9_2 Pin=R19-1
Added Net: Name=NetP9_2
Added Pin To Net: NetName=NetP10_2 Pin=P10-2
Added Pin To Net: NetName=NetP10_2 Pin=R21-1
Added Net: Name=NetP10_2
Added Pin To Net: NetName=NetR9_1 Pin=R9-1
Added Pin To Net: NetName=NetR9_1 Pin=RP4-2
Added Net: Name=NetR9_1
Added Pin To Net: NetName=NetR11_1 Pin=R11-1
Added Pin To Net: NetName=NetR11_1 Pin=RP2-3
Added Net: Name=NetR11_1
Added Pin To Net: NetName=NetR15_1 Pin=R15-1
Added Pin To Net: NetName=NetR15_1 Pin=RP3-3
Added Net: Name=NetR15_1
Added Pin To Net: NetName=NetR22_1 Pin=R22-1
Added Pin To Net: NetName=NetR22_1 Pin=RP8-2
Added Net: Name=NetR22_1
Added Pin To Net: NetName=NetR24_1 Pin=R24-1
Added Pin To Net: NetName=NetR24_1 Pin=RP6-3
Added Net: Name=NetR24_1
Added Pin To Net: NetName=NetR28_1 Pin=R28-1
Added Pin To Net: NetName=NetR28_1 Pin=RP7-3
Added Net: Name=NetR28_1
Added Pin To Net: NetName=VCC Pin=A1-1
Added Pin To Net: NetName=VCC Pin=A2-1
Added Pin To Net: NetName=VCC Pin=C2-1
Added Pin To Net: NetName=VCC Pin=CE2-1
Added Pin To Net: NetName=VCC Pin=JP1-1
Added Pin To Net: NetName=VCC Pin=JP2-1
Added Pin To Net: NetName=VCC Pin=L1-2
Added Pin To Net: NetName=VCC Pin=L1-5
Added Pin To Net: NetName=VCC Pin=L2-2
Added Pin To Net: NetName=VCC Pin=L2-6
Added Pin To Net: NetName=VCC Pin=M1-5
Added Pin To Net: NetName=VCC Pin=M1-6
Added Pin To Net: NetName=VCC Pin=M1-7
Added Pin To Net: NetName=VCC Pin=P1-2
Added Pin To Net: NetName=VCC Pin=P4-5
Added Pin To Net: NetName=VCC Pin=R1-2
Added Pin To Net: NetName=VCC Pin=R2-2
Added Pin To Net: NetName=VCC Pin=电源1-1
Added Net: Name=VCC
Added Class: Name=多普勒1.0
Added Room: Name=多普勒1.0
