Change Component Designator: Old Designator=A1 New Designator=A2
Change Component Designator: Old Designator=A2 New Designator=A3
Change Component Designator: Old Designator=A3 New Designator=A1
Change Component Designator: Old Designator=C4 New Designator=C5
Change Component Designator: Old Designator=C5 New Designator=C4
Change Component Designator: Old Designator=CE4 New Designator=CE5
Change Component Designator: Old Designator=CE5 New Designator=CE4
Change Component Designator: Old Designator=P1 New Designator=P2
Change Component Designator: Old Designator=P2 New Designator=P3
Change Component Designator: Old Designator=P3 New Designator=P4
Change Component Designator: Old Designator=P4 New Designator=P1
Change Component Designator: Old Designator=P9 New Designator=P10
Change Component Designator: Old Designator=P10 New Designator=P11
Change Component Designator: Old Designator=P11 New Designator=P12
Change Component Designator: Old Designator=P12 New Designator=P9
Change Component Designator: Old Designator=R2 New Designator=R6
Change Component Designator: Old Designator=R3 New Designator=R2
Change Component Designator: Old Designator=R6 New Designator=R7
Change Component Designator: Old Designator=R7 New Designator=R9
Change Component Designator: Old Designator=R8 New Designator=R10
Change Component Designator: Old Designator=R9 New Designator=R11
Change Component Designator: Old Designator=R10 New Designator=R12
Change Component Designator: Old Designator=R11 New Designator=R13
Change Component Designator: Old Designator=R12 New Designator=R14
Change Component Designator: Old Designator=R13 New Designator=R15
Change Component Designator: Old Designator=R14 New Designator=R16
Change Component Designator: Old Designator=R15 New Designator=R17
Change Component Designator: Old Designator=R16 New Designator=R18
Change Component Designator: Old Designator=R17 New Designator=R19
Change Component Designator: Old Designator=R18 New Designator=R20
Change Component Designator: Old Designator=R19 New Designator=R21
Change Component Designator: Old Designator=R20 New Designator=R22
Change Component Designator: Old Designator=R21 New Designator=R23
Change Component Designator: Old Designator=R22 New Designator=R24
Change Component Designator: Old Designator=R23 New Designator=R25
Change Component Designator: Old Designator=R24 New Designator=R26
Change Component Designator: Old Designator=R25 New Designator=R27
Change Component Designator: Old Designator=R26 New Designator=R28
Change Component Designator: Old Designator=R27 New Designator=R29
Change Component Designator: Old Designator=R28 New Designator=R30
Change Component Designator: Old Designator=R29 New Designator=R31
Change Component Designator: Old Designator=R30 New Designator=R32
Change Component Designator: Old Designator=R31 New Designator=R33
Change Component Designator: Old Designator=R32 New Designator=R34
Change Component Designator: Old Designator=R33 New Designator=R8
Change Component Designator: Old Designator=RP1 New Designator=RP2
Change Component Designator: Old Designator=RP2 New Designator=RP3
Change Component Designator: Old Designator=RP3 New Designator=RP4
Change Component Designator: Old Designator=RP4 New Designator=RP5
Change Component Designator: Old Designator=RP5 New Designator=RP6
Change Component Designator: Old Designator=RP6 New Designator=RP7
Change Component Designator: Old Designator=RP7 New Designator=RP8
Change Component Designator: Old Designator=RP8 New Designator=RP9
Change Component Designator: Old Designator=RP9 New Designator=RP1
