Change Component Designator: Old Designator=A? New Designator=A1
Change Component Designator: Old Designator=A? New Designator=A2
Change Component Designator: Old Designator=C? New Designator=C1
Change Component Designator: Old Designator=C? New Designator=C2
Change Component Designator: Old Designator=C? New Designator=C3
Change Component Designator: Old Designator=C? New Designator=C4
Change Component Designator: Old Designator=C? New Designator=C5
Change Component Designator: Old Designator=C? New Designator=C6
Change Component Designator: Old Designator=C? New Designator=C7
Change Component Designator: Old Designator=C? New Designator=C8
Change Component Designator: Old Designator=C? New Designator=C9
Change Component Designator: Old Designator=C? New Designator=C10
Change Component Designator: Old Designator=C? New Designator=C11
Change Component Designator: Old Designator=C? New Designator=C12
Change Component Designator: Old Designator=CE? New Designator=CE1
Change Component Designator: Old Designator=CE? New Designator=CE2
Change Component Designator: Old Designator=CE? New Designator=CE3
Change Component Designator: Old Designator=CE? New Designator=CE4
Change Component Designator: Old Designator=CE? New Designator=CE5
Change Component Designator: Old Designator=CE? New Designator=CE6
Change Component Designator: Old Designator=D? New Designator=D1
Change Component Designator: Old Designator=JP? New Designator=JP1
Change Component Designator: Old Designator=JP? New Designator=JP2
Change Component Designator: Old Designator=L? New Designator=L1
Change Component Designator: Old Designator=L? New Designator=L2
Change Component Designator: Old Designator=M? New Designator=M1
Change Component Designator: Old Designator=M? New Designator=M1
Change Component Designator: Old Designator=M? New Designator=M1
Change Component Designator: Old Designator=O? New Designator=O1
Change Component Designator: Old Designator=O? New Designator=O2
Change Component Designator: Old Designator=O? New Designator=O3
Change Component Designator: Old Designator=O? New Designator=O4
Change Component Designator: Old Designator=O? New Designator=O5
Change Component Designator: Old Designator=O? New Designator=O6
Change Component Designator: Old Designator=O? New Designator=O7
Change Component Designator: Old Designator=O? New Designator=O8
Change Component Designator: Old Designator=P? New Designator=P1
Change Component Designator: Old Designator=P? New Designator=P2
Change Component Designator: Old Designator=P? New Designator=P3
Change Component Designator: Old Designator=P? New Designator=P4
Change Component Designator: Old Designator=P? New Designator=P5
Change Component Designator: Old Designator=P? New Designator=P6
Change Component Designator: Old Designator=P? New Designator=P7
Change Component Designator: Old Designator=P? New Designator=P8
Change Component Designator: Old Designator=P? New Designator=P9
Change Component Designator: Old Designator=P? New Designator=P10
Change Component Designator: Old Designator=R? New Designator=R1
Change Component Designator: Old Designator=R? New Designator=R2
Change Component Designator: Old Designator=R? New Designator=R3
Change Component Designator: Old Designator=R? New Designator=R4
Change Component Designator: Old Designator=R? New Designator=R5
Change Component Designator: Old Designator=R? New Designator=R6
Change Component Designator: Old Designator=R? New Designator=R7
Change Component Designator: Old Designator=R? New Designator=R8
Change Component Designator: Old Designator=R? New Designator=R9
Change Component Designator: Old Designator=R? New Designator=R10
Change Component Designator: Old Designator=R? New Designator=R11
Change Component Designator: Old Designator=R? New Designator=R12
Change Component Designator: Old Designator=R? New Designator=R13
Change Component Designator: Old Designator=R? New Designator=R14
Change Component Designator: Old Designator=R? New Designator=R15
Change Component Designator: Old Designator=R? New Designator=R16
Change Component Designator: Old Designator=R? New Designator=R17
Change Component Designator: Old Designator=R? New Designator=R18
Change Component Designator: Old Designator=R? New Designator=R19
Change Component Designator: Old Designator=R? New Designator=R20
Change Component Designator: Old Designator=R? New Designator=R21
Change Component Designator: Old Designator=R? New Designator=R22
Change Component Designator: Old Designator=R? New Designator=R23
Change Component Designator: Old Designator=R? New Designator=R24
Change Component Designator: Old Designator=R? New Designator=R25
Change Component Designator: Old Designator=R? New Designator=R26
Change Component Designator: Old Designator=R? New Designator=R27
Change Component Designator: Old Designator=R? New Designator=R28
Change Component Designator: Old Designator=RP? New Designator=RP1
Change Component Designator: Old Designator=RP? New Designator=RP2
Change Component Designator: Old Designator=RP? New Designator=RP3
Change Component Designator: Old Designator=RP? New Designator=RP4
Change Component Designator: Old Designator=RP? New Designator=RP5
Change Component Designator: Old Designator=RP? New Designator=RP6
Change Component Designator: Old Designator=RP? New Designator=RP7
Change Component Designator: Old Designator=RP? New Designator=RP8
Change Component Designator: Old Designator=V? New Designator=V1
Change Component Designator: Old Designator=电源? New Designator=电源1
Change Component Designator: Old Designator=电源? New Designator=电源2
