Removed Pin From Net: NetName=+9V Pin=C1-1
Removed Pin From Net: NetName=GND Pin=C3-1
Removed Pin From Net: NetName=+9V Pin=C3-2
Removed Pin From Net: NetName=GND Pin=C4-1
Removed Pin From Net: NetName=+5V Pin=C4-2
Removed Pin From Net: NetName=NetC5_1 Pin=C5-1
Removed Pin From Net: NetName=+9V Pin=C5-2
Removed Pin From Net: NetName=GND Pin=C6-1
Removed Pin From Net: NetName=+9V Pin=C6-2
Removed Pin From Net: NetName=GND Pin=C7-1
Removed Pin From Net: NetName=+5V Pin=C7-2
Removed Pin From Net: NetName=GND Pin=C8-1
Removed Pin From Net: NetName=NetC8_2 Pin=C8-2
Change Component DesignItemId : Designator=C1 Old DesignItemId=220UF polar cap New DesignItemId=cap
Change Component DesignItemId : Designator=C4 Old DesignItemId=C New DesignItemId=cap
Change Component DesignItemId : Designator=C5 Old DesignItemId=C New DesignItemId=cap
Change Component DesignItemId : Designator=C6 Old DesignItemId=C New DesignItemId=cap
Change Component DesignItemId : Designator=C7 Old DesignItemId=C New DesignItemId=cap
Change Component DesignItemId : Designator=C8 Old DesignItemId=C New DesignItemId=cap
Change Component Footprint: Designator=C1 Old Footprint=220UF polar cap New Footprint=0805C
Change Component Footprint: Designator=C4 Old Footprint=C 0805_M New Footprint=0805C
Change Component Footprint: Designator=C5 Old Footprint=C 0805_M New Footprint=0805C
Change Component Footprint: Designator=C6 Old Footprint=C 0805_M New Footprint=0805C
Change Component Footprint: Designator=C7 Old Footprint=C 0805_M New Footprint=0805C
Change Component Footprint: Designator=C8 Old Footprint=C 0805_M New Footprint=0805C
Change Component Comment : Designator=C1 Old Comment=220UF New Comment=104
Change Component Designator: OldDesignator=C2 NewDesignator=C3
Added Component: Designator=C2(220UF polar cap)
Added Pin To Net: NetName=+5V Pin=C1-1
Added Pin To Net: NetName=+9V Pin=C2-1
Added Pin To Net: NetName=GND Pin=C2-2
Added Pin To Net: NetName=+9V Pin=C4-1
Added Pin To Net: NetName=GND Pin=C4-2
Added Pin To Net: NetName=+9V Pin=C5-1
Added Pin To Net: NetName=NetC5_1 Pin=C5-2
Added Pin To Net: NetName=+9V Pin=C6-1
Added Pin To Net: NetName=GND Pin=C6-2
Added Pin To Net: NetName=+5V Pin=C7-1
Added Pin To Net: NetName=GND Pin=C7-2
Added Pin To Net: NetName=NetC8_2 Pin=C8-1
Added Pin To Net: NetName=GND Pin=C8-2
Change Net Name : Old Net Name=NetC5_1 New Net Name=NetC5_2
Change Net Name : Old Net Name=NetC8_2 New Net Name=NetC8_1
Added Member To Class: ClassName=电流环原理图 Member=Component C4 104
